[NEW OSE SYSTEMS] 23-04-02 10-18-39 ERROR : an error has occured when getting the contact number 1 TypeError: Cannot read properties of undefined (reading 'queryProfileAndBalResponse')
[NEW OSE SYSTEMS] 23-04-02 10-18-39 ERROR : an error has occured when getting the account code TypeError: Cannot read properties of undefined (reading '_text')
[NEW OSE SYSTEMS] 23-04-02 10-18-39 ERROR : an error has occured when getting the customer name TypeError: Cannot read properties of undefined (reading '_text')
[NEW OSE SYSTEMS] 23-04-02 10-21-15 ERROR : an error has occured when getting the contact number 1 TypeError: Cannot read properties of undefined (reading 'queryProfileAndBalResponse')
[NEW OSE SYSTEMS] 23-04-02 10-21-15 ERROR : an error has occured when getting the account code TypeError: Cannot read properties of undefined (reading '_text')
[NEW OSE SYSTEMS] 23-04-02 10-21-15 ERROR : an error has occured when getting the customer name TypeError: Cannot read properties of undefined (reading '_text')
[NEW OSE SYSTEMS] 23-04-02 10-22-01 ERROR : an error has occured when getting the contact number 1 TypeError: Cannot read properties of undefined (reading 'queryProfileAndBalResponse')
[NEW OSE SYSTEMS] 23-04-02 10-22-01 ERROR : an error has occured when getting the account code TypeError: Cannot read properties of undefined (reading '_text')
[NEW OSE SYSTEMS] 23-04-02 10-22-01 ERROR : an error has occured when getting the customer name TypeError: Cannot read properties of undefined (reading '_text')
[NEW OSE SYSTEMS] 23-04-02 10-23-18 ERROR : an error has occured when getting the contact number 1 TypeError: Cannot read properties of undefined (reading 'queryProfileAndBalResponse')
[NEW OSE SYSTEMS] 23-04-02 10-23-18 ERROR : an error has occured when getting the account code TypeError: Cannot read properties of undefined (reading '_text')
[NEW OSE SYSTEMS] 23-04-02 10-23-18 ERROR : an error has occured when getting the customer name TypeError: Cannot read properties of undefined (reading '_text')
[NEW OSE SYSTEMS] 23-04-02 10-23-18 ERROR : an error has occured when getting the contact number 2 TypeError: Cannot read properties of undefined (reading '_text')
[NEW OSE SYSTEMS] 23-04-02 10-24-20 ERROR : an error has occured when getting the contact number 1 TypeError: Cannot read properties of undefined (reading 'queryProfileAndBalResponse')
[NEW OSE SYSTEMS] 23-04-02 10-24-20 ERROR : an error has occured when getting the account code TypeError: Cannot read properties of undefined (reading '_text')
[NEW OSE SYSTEMS] 23-04-02 10-24-20 ERROR : an error has occured when getting the customer name TypeError: Cannot read properties of undefined (reading '_text')
[NEW OSE SYSTEMS] 23-04-02 10-24-20 ERROR : an error has occured when getting the contact number 2 TypeError: Cannot read properties of undefined (reading '_text')
[NEW OSE SYSTEMS] 23-04-02 10-26-13 ERROR : an error has occured when getting the contact number 1 TypeError: Cannot read properties of undefined (reading 'queryProfileAndBalResponse')
[NEW OSE SYSTEMS] 23-04-02 10-26-13 ERROR : an error has occured when getting the account code TypeError: Cannot read properties of undefined (reading '_text')
[NEW OSE SYSTEMS] 23-04-02 10-26-13 ERROR : an error has occured when getting the customer name TypeError: Cannot read properties of undefined (reading '_text')
[NEW OSE SYSTEMS] 23-04-02 10-26-13 ERROR : an error has occured when getting the contact number 2 TypeError: Cannot read properties of undefined (reading '_text')
[NEW OSE SYSTEMS] 23-04-02 10-28-53 ERROR : an error has occured when getting the contact number 1 TypeError: Cannot read properties of undefined (reading 'queryProfileAndBalResponse')
[NEW OSE SYSTEMS] 23-04-02 10-28-53 ERROR : an error has occured when getting the account code TypeError: Cannot read properties of undefined (reading '_text')
[NEW OSE SYSTEMS] 23-04-02 10-28-53 ERROR : an error has occured when getting the customer name TypeError: Cannot read properties of undefined (reading '_text')
[NEW OSE SYSTEMS] 23-04-02 10-28-53 ERROR : an error has occured when getting the contact number 2 TypeError: Cannot read properties of undefined (reading '_text')
[NEW OSE SYSTEMS] 23-04-02 10-30-08 ERROR : an error has occured when getting the contact number 1 TypeError: Cannot read properties of undefined (reading 'queryProfileAndBalResponse')
[NEW OSE SYSTEMS] 23-04-02 10-30-09 ERROR : an error has occured when getting the account code TypeError: Cannot read properties of undefined (reading '_text')
[NEW OSE SYSTEMS] 23-04-02 10-30-09 ERROR : an error has occured when getting the customer name TypeError: Cannot read properties of undefined (reading '_text')
[NEW OSE SYSTEMS] 23-04-02 10-30-09 ERROR : an error has occured when getting the contact number 2 TypeError: Cannot read properties of undefined (reading '_text')
[NEW OSE SYSTEMS] 23-04-02 10-31-49 ERROR : an error has occured when getting the contact number 1 TypeError: Cannot read properties of undefined (reading 'queryProfileAndBalResponse')
[NEW OSE SYSTEMS] 23-04-02 10-31-49 ERROR : an error has occured when getting the account code TypeError: Cannot read properties of undefined (reading '_text')
[NEW OSE SYSTEMS] 23-04-02 10-31-49 ERROR : an error has occured when getting the customer name TypeError: Cannot read properties of undefined (reading '_text')
[NEW OSE SYSTEMS] 23-04-02 10-31-49 ERROR : an error has occured when getting the contact number 2 TypeError: Cannot read properties of undefined (reading '_text')
[NEW OSE SYSTEMS] 23-04-02 10-33-24 ERROR : an error has occured when getting the contact number 1 TypeError: Cannot read properties of undefined (reading 'queryProfileAndBalResponse')
[NEW OSE SYSTEMS] 23-04-02 10-33-24 ERROR : an error has occured when getting the account code TypeError: Cannot read properties of undefined (reading '_text')
[NEW OSE SYSTEMS] 23-04-02 10-33-24 ERROR : an error has occured when getting the customer name TypeError: Cannot read properties of undefined (reading '_text')
[NEW OSE SYSTEMS] 23-04-02 10-33-24 ERROR : an error has occured when getting the contact number 2 TypeError: Cannot read properties of undefined (reading '_text')
[NEW OSE SYSTEMS] 23-04-02 10-41-42 ERROR : an error has occured when getting the contact number 1 TypeError: Cannot read properties of undefined (reading 'queryProfileAndBalResponse')
[NEW OSE SYSTEMS] 23-04-02 10-41-42 ERROR : an error has occured when getting the account code TypeError: Cannot read properties of undefined (reading '_text')
[NEW OSE SYSTEMS] 23-04-02 10-41-42 ERROR : an error has occured when getting the customer name TypeError: Cannot read properties of undefined (reading '_text')
[NEW OSE SYSTEMS] 23-04-02 10-41-42 ERROR : an error has occured when getting the contact number 2 TypeError: Cannot read properties of undefined (reading '_text')
[NEW OSE SYSTEMS] 23-04-02 10-46-42 ERROR : an error has occured when getting the contact number 1 TypeError: Cannot read properties of undefined (reading 'queryProfileAndBalResponse')
[NEW OSE SYSTEMS] 23-04-02 10-46-42 ERROR : an error has occured when getting the account code TypeError: Cannot read properties of undefined (reading '_text')
[NEW OSE SYSTEMS] 23-04-02 10-46-42 ERROR : an error has occured when getting the customer name TypeError: Cannot read properties of undefined (reading '_text')
[NEW OSE SYSTEMS] 23-04-02 10-46-42 ERROR : an error has occured when getting the contact number 2 TypeError: Cannot read properties of undefined (reading '_text')
[NEW OSE SYSTEMS] 23-04-02 10-48-27 ERROR : an error has occured when getting the contact number 1 TypeError: Cannot read properties of undefined (reading 'queryProfileAndBalResponse')
[NEW OSE SYSTEMS] 23-04-02 10-48-27 ERROR : an error has occured when getting the account code TypeError: Cannot read properties of undefined (reading '_text')
[NEW OSE SYSTEMS] 23-04-02 10-48-27 ERROR : an error has occured when getting the customer name TypeError: Cannot read properties of undefined (reading '_text')
[NEW OSE SYSTEMS] 23-04-02 10-48-27 ERROR : an error has occured when getting the contact number 2 TypeError: Cannot read properties of undefined (reading '_text')
[NEW OSE SYSTEMS] 23-04-02 10-50-19 ERROR : an error has occured when getting the contact number 1 TypeError: Cannot read properties of undefined (reading 'queryProfileAndBalResponse')
[NEW OSE SYSTEMS] 23-04-02 11-25-21 ERROR : an error has occured when trying to get the account code for customer 243890096701 AxiosError: Request failed with status code 504
[NEW OSE SYSTEMS] 23-04-02 17-27-35 ERROR : an error has occured when getting the account code TypeError: Cannot read properties of undefined (reading '_text')
[NEW OSE SYSTEMS] 23-04-02 17-27-35 ERROR : an error has occured when getting the customer name TypeError: Cannot read properties of undefined (reading '_text')
[NEW OSE SYSTEMS] 23-04-02 21-27-01 ERROR : an error has occured when getting the account code TypeError: Cannot read properties of undefined (reading '_text')
[NEW OSE SYSTEMS] 23-04-02 21-27-01 ERROR : an error has occured when getting the customer name TypeError: Cannot read properties of undefined (reading '_text')
[NEW OSE SYSTEMS] 23-04-02 21-28-39 ERROR : an error has occured when getting the account code TypeError: Cannot read properties of undefined (reading '_text')
[NEW OSE SYSTEMS] 23-04-02 21-28-39 ERROR : an error has occured when getting the customer name TypeError: Cannot read properties of undefined (reading '_text')
[NEW OSE SYSTEMS] 23-04-02 21-34-41 ERROR : an error has occured when getting the account code TypeError: Cannot read properties of undefined (reading '_text')
[NEW OSE SYSTEMS] 23-04-02 21-34-41 ERROR : an error has occured when getting the customer name TypeError: Cannot read properties of undefined (reading '_text')
