[NEW OSE SYSTEMS] 23-04-06 07-56-42 ERROR : an error has occured when trying to check eligibility for  AxiosError: Request failed with status code 500
[NEW OSE SYSTEMS] 23-04-06 07-56-42 ERROR : an error has occured when trying to check eligibility for  AxiosError: Request failed with status code 500
[NEW OSE SYSTEMS] 23-04-06 08-27-57 ERROR : an error has occured when getting the contact number 1 TypeError: Cannot read properties of undefined (reading '_text')
[NEW OSE SYSTEMS] 23-04-06 08-27-57 ERROR : an error has occured when getting the account code TypeError: Cannot read properties of undefined (reading '_text')
[NEW OSE SYSTEMS] 23-04-06 08-27-57 ERROR : an error has occured when getting the customer name TypeError: Cannot read properties of undefined (reading '_text')
[NEW OSE SYSTEMS] 23-04-06 08-27-57 ERROR : an error has occured when getting the contact number 2 TypeError: Cannot read properties of undefined (reading '_text')
[NEW OSE SYSTEMS] 23-04-06 11-08-40 ERROR : an error has occured when getting the customer name TypeError: Cannot read properties of undefined (reading '0')
[NEW OSE SYSTEMS] 23-04-06 11-18-32 ERROR : an error has occured when getting the customer name TypeError: Cannot read properties of undefined (reading '0')
[NEW OSE SYSTEMS] 23-04-06 11-19-10 ERROR : an error has occured when getting the customer name TypeError: Cannot read properties of undefined (reading '0')
[NEW OSE SYSTEMS] 23-04-06 11-24-04 ERROR : an error has occured when getting the customer name TypeError: Cannot read properties of undefined (reading '0')
[NEW OSE SYSTEMS] 23-04-06 11-26-14 ERROR : an error has occured when getting the customer name TypeError: Cannot read properties of undefined (reading '0')
[NEW OSE SYSTEMS] 23-04-06 11-28-14 ERROR : an error has occured when getting the customer name TypeError: Cannot read properties of undefined (reading '0')
[NEW OSE SYSTEMS] 23-04-06 11-32-35 ERROR : an error has occured when getting the customer name TypeError: Cannot read properties of undefined (reading '0')
[NEW OSE SYSTEMS] 23-04-06 12-27-26 ERROR : an error has occured when getting the customer name TypeError: Cannot read properties of undefined (reading '0')
[NEW OSE SYSTEMS] 23-04-06 12-53-45 ERROR : an error has occured when getting the account code TypeError: Cannot read properties of undefined (reading '_text')
[NEW OSE SYSTEMS] 23-04-06 12-53-45 ERROR : an error has occured when getting the customer name TypeError: Cannot read properties of undefined (reading '_text')
[NEW OSE SYSTEMS] 23-04-06 12-53-45 ERROR : an error has occured when getting the customer name TypeError: Cannot read properties of undefined (reading '_text')
[NEW OSE SYSTEMS] 23-04-06 12-53-45 ERROR : an error has occured when getting the customer name TypeError: Cannot read properties of undefined (reading 'BalDto')
[NEW OSE SYSTEMS] 23-04-06 12-54-06 ERROR : an error has occured when trying authenticate customer with Whaat Error: connect ETIMEDOUT 41.77.220.183:80
[NEW OSE SYSTEMS] 23-04-06 12-57-14 ERROR : an error has occured when getting the account code TypeError: Cannot read properties of undefined (reading '_text')
[NEW OSE SYSTEMS] 23-04-06 12-57-14 ERROR : an error has occured when getting the customer name TypeError: Cannot read properties of undefined (reading '_text')
[NEW OSE SYSTEMS] 23-04-06 12-57-14 ERROR : an error has occured when getting the customer name TypeError: Cannot read properties of undefined (reading '_text')
[NEW OSE SYSTEMS] 23-04-06 12-57-14 ERROR : an error has occured when getting the customer name TypeError: Cannot read properties of undefined (reading 'BalDto')
[NEW OSE SYSTEMS] 23-04-06 12-57-35 ERROR : an error has occured when trying authenticate customer with Whaat Error: connect ETIMEDOUT 41.77.220.183:80
[NEW OSE SYSTEMS] 23-04-06 13-39-07 ERROR : an error has occured when getting the customer name TypeError: Cannot read properties of undefined (reading '0')
[NEW OSE SYSTEMS] 23-04-06 13-39-07 ERROR : an error has occured when getting the customer name TypeError: Cannot read properties of undefined (reading '0')
[NEW OSE SYSTEMS] 23-04-06 13-40-33 ERROR : an error has occured when getting the customer name TypeError: Cannot read properties of undefined (reading '0')
[NEW OSE SYSTEMS] 23-04-06 13-40-33 ERROR : an error has occured when getting the customer name TypeError: Cannot read properties of undefined (reading '0')
[NEW OSE SYSTEMS] 23-04-06 14-24-53 ERROR : an error has occured when getting the account code TypeError: Cannot read properties of undefined (reading '_text')
[NEW OSE SYSTEMS] 23-04-06 14-24-53 ERROR : an error has occured when getting the customer name TypeError: Cannot read properties of undefined (reading '_text')
[NEW OSE SYSTEMS] 23-04-06 14-24-53 ERROR : an error has occured when getting the customer name TypeError: Cannot read properties of undefined (reading '_text')
[NEW OSE SYSTEMS] 23-04-06 14-24-53 ERROR : an error has occured when getting the customer name TypeError: Cannot read properties of undefined (reading 'BalDto')
[NEW OSE SYSTEMS] 23-04-06 14-24-53 ERROR : an error has occured when getting the account code TypeError: Cannot read properties of undefined (reading '_text')
[NEW OSE SYSTEMS] 23-04-06 14-24-53 ERROR : an error has occured when getting the customer name TypeError: Cannot read properties of undefined (reading '_text')
[NEW OSE SYSTEMS] 23-04-06 14-24-53 ERROR : an error has occured when getting the customer name TypeError: Cannot read properties of undefined (reading '_text')
[NEW OSE SYSTEMS] 23-04-06 14-24-53 ERROR : an error has occured when getting the customer name TypeError: Cannot read properties of undefined (reading 'BalDto')
