[NEW OSE SYSTEMS] 23-04-10 00-23-43 ERROR : an error has occured when getting the account code TypeError: Cannot read properties of undefined (reading '_text')
[NEW OSE SYSTEMS] 23-04-10 00-23-43 ERROR : an error has occured when getting the customer name TypeError: Cannot read properties of undefined (reading '_text')
[NEW OSE SYSTEMS] 23-04-10 00-23-43 ERROR : an error has occured when getting the customer name TypeError: Cannot read properties of undefined (reading '_text')
[NEW OSE SYSTEMS] 23-04-10 00-23-43 ERROR : an error has occured when getting the customer name TypeError: Cannot read properties of undefined (reading 'BalDto')
[NEW OSE SYSTEMS] 23-04-10 00-24-13 ERROR : an error has occured when getting the account code TypeError: Cannot read properties of undefined (reading '_text')
[NEW OSE SYSTEMS] 23-04-10 00-24-13 ERROR : an error has occured when getting the customer name TypeError: Cannot read properties of undefined (reading '_text')
[NEW OSE SYSTEMS] 23-04-10 00-24-13 ERROR : an error has occured when getting the customer name TypeError: Cannot read properties of undefined (reading '_text')
[NEW OSE SYSTEMS] 23-04-10 00-24-13 ERROR : an error has occured when getting the customer name TypeError: Cannot read properties of undefined (reading 'BalDto')
[NEW OSE SYSTEMS] 23-04-10 00-25-16 ERROR : an error has occured when getting the account code TypeError: Cannot read properties of undefined (reading '_text')
[NEW OSE SYSTEMS] 23-04-10 00-25-16 ERROR : an error has occured when getting the customer name TypeError: Cannot read properties of undefined (reading '_text')
[NEW OSE SYSTEMS] 23-04-10 00-25-16 ERROR : an error has occured when getting the customer name TypeError: Cannot read properties of undefined (reading '_text')
[NEW OSE SYSTEMS] 23-04-10 00-25-16 ERROR : an error has occured when getting the customer name TypeError: Cannot read properties of undefined (reading 'BalDto')
[NEW OSE SYSTEMS] 23-04-10 00-31-46 ERROR : an error has occured when getting the account code TypeError: Cannot read properties of undefined (reading '_text')
[NEW OSE SYSTEMS] 23-04-10 00-31-46 ERROR : an error has occured when getting the customer name TypeError: Cannot read properties of undefined (reading '_text')
[NEW OSE SYSTEMS] 23-04-10 00-31-46 ERROR : an error has occured when getting the customer name TypeError: Cannot read properties of undefined (reading '_text')
[NEW OSE SYSTEMS] 23-04-10 00-31-46 ERROR : an error has occured when getting the customer name TypeError: Cannot read properties of undefined (reading 'BalDto')
[NEW OSE SYSTEMS] 23-04-10 00-32-40 ERROR : an error has occured when getting the account code TypeError: Cannot read properties of undefined (reading '_text')
[NEW OSE SYSTEMS] 23-04-10 00-32-40 ERROR : an error has occured when getting the customer name TypeError: Cannot read properties of undefined (reading '_text')
[NEW OSE SYSTEMS] 23-04-10 00-32-40 ERROR : an error has occured when getting the customer name TypeError: Cannot read properties of undefined (reading '_text')
[NEW OSE SYSTEMS] 23-04-10 00-32-40 ERROR : an error has occured when getting the customer name TypeError: Cannot read properties of undefined (reading 'BalDto')
[NEW OSE SYSTEMS] 23-04-10 00-33-56 ERROR : an error has occured when getting the account code TypeError: Cannot read properties of undefined (reading '_text')
[NEW OSE SYSTEMS] 23-04-10 00-33-56 ERROR : an error has occured when getting the customer name TypeError: Cannot read properties of undefined (reading '_text')
[NEW OSE SYSTEMS] 23-04-10 00-33-56 ERROR : an error has occured when getting the customer name TypeError: Cannot read properties of undefined (reading '_text')
[NEW OSE SYSTEMS] 23-04-10 00-33-56 ERROR : an error has occured when getting the customer name TypeError: Cannot read properties of undefined (reading 'BalDto')
[NEW OSE SYSTEMS] 23-04-10 00-55-34 ERROR : an error has occured when getting the account code TypeError: Cannot read properties of undefined (reading '_text')
[NEW OSE SYSTEMS] 23-04-10 00-55-34 ERROR : an error has occured when getting the customer name TypeError: Cannot read properties of undefined (reading '_text')
[NEW OSE SYSTEMS] 23-04-10 00-55-34 ERROR : an error has occured when getting the customer name TypeError: Cannot read properties of undefined (reading '_text')
[NEW OSE SYSTEMS] 23-04-10 00-55-34 ERROR : an error has occured when getting the customer name TypeError: Cannot read properties of undefined (reading 'BalDto')
[NEW OSE SYSTEMS] 23-04-10 01-03-53 ERROR : an error has occured when getting the account code TypeError: Cannot read properties of undefined (reading '_text')
[NEW OSE SYSTEMS] 23-04-10 01-03-53 ERROR : an error has occured when getting the customer name TypeError: Cannot read properties of undefined (reading '_text')
[NEW OSE SYSTEMS] 23-04-10 01-03-53 ERROR : an error has occured when getting the customer name TypeError: Cannot read properties of undefined (reading '_text')
[NEW OSE SYSTEMS] 23-04-10 01-03-53 ERROR : an error has occured when getting the customer name TypeError: Cannot read properties of undefined (reading 'BalDto')
[NEW OSE SYSTEMS] 23-04-10 01-07-48 ERROR : an error has occured when trying to get the account code for customer null AxiosError: Request failed with status code 504
[NEW OSE SYSTEMS] 23-04-10 01-19-25 ERROR : an error has occured when trying to get the account code for customer null AxiosError: Request failed with status code 504
[NEW OSE SYSTEMS] 23-04-10 01-32-32 ERROR : an error has occured when trying to get the account code for customer null AxiosError: Request failed with status code 504
[NEW OSE SYSTEMS] 23-04-10 01-50-09 ERROR : an error has occured when getting the account code TypeError: Cannot read properties of undefined (reading '_text')
[NEW OSE SYSTEMS] 23-04-10 01-50-09 ERROR : an error has occured when getting the customer name TypeError: Cannot read properties of undefined (reading '_text')
[NEW OSE SYSTEMS] 23-04-10 01-50-09 ERROR : an error has occured when getting the customer name TypeError: Cannot read properties of undefined (reading '_text')
[NEW OSE SYSTEMS] 23-04-10 01-50-09 ERROR : an error has occured when getting the customer name TypeError: Cannot read properties of undefined (reading 'BalDto')
[NEW OSE SYSTEMS] 23-04-10 02-18-39 ERROR : an error has occured when getting the account code TypeError: Cannot read properties of undefined (reading '_text')
[NEW OSE SYSTEMS] 23-04-10 02-18-39 ERROR : an error has occured when getting the customer name TypeError: Cannot read properties of undefined (reading '_text')
[NEW OSE SYSTEMS] 23-04-10 02-18-39 ERROR : an error has occured when getting the customer name TypeError: Cannot read properties of undefined (reading '_text')
[NEW OSE SYSTEMS] 23-04-10 02-18-39 ERROR : an error has occured when getting the customer name TypeError: Cannot read properties of undefined (reading 'BalDto')
[NEW OSE SYSTEMS] 23-04-10 02-26-04 ERROR : an error has occured when getting the account code TypeError: Cannot read properties of undefined (reading '_text')
[NEW OSE SYSTEMS] 23-04-10 02-26-04 ERROR : an error has occured when getting the customer name TypeError: Cannot read properties of undefined (reading '_text')
[NEW OSE SYSTEMS] 23-04-10 02-26-04 ERROR : an error has occured when getting the customer name TypeError: Cannot read properties of undefined (reading '_text')
[NEW OSE SYSTEMS] 23-04-10 02-26-04 ERROR : an error has occured when getting the customer name TypeError: Cannot read properties of undefined (reading 'BalDto')
[NEW OSE SYSTEMS] 23-04-10 02-35-54 ERROR : an error has occured when getting the account code TypeError: Cannot read properties of undefined (reading '_text')
[NEW OSE SYSTEMS] 23-04-10 02-35-54 ERROR : an error has occured when getting the customer name TypeError: Cannot read properties of undefined (reading '_text')
[NEW OSE SYSTEMS] 23-04-10 02-35-54 ERROR : an error has occured when getting the customer name TypeError: Cannot read properties of undefined (reading '_text')
[NEW OSE SYSTEMS] 23-04-10 02-35-54 ERROR : an error has occured when getting the customer name TypeError: Cannot read properties of undefined (reading 'BalDto')
[NEW OSE SYSTEMS] 23-04-10 08-42-58 ERROR : an error has occured when trying to get the account code for customer 243846670852 AxiosError: Request failed with status code 404
[NEW OSE SYSTEMS] 23-04-10 08-43-41 ERROR : an error has occured when trying to get the account code for customer 243846670852 AxiosError: Request failed with status code 404
[NEW OSE SYSTEMS] 23-04-10 08-45-15 ERROR : an error has occured when trying to get the data balance for 846670852 AxiosError: Request failed with status code 404
[NEW OSE SYSTEMS] 23-04-10 08-45-21 ERROR : an error has occured when trying to get the contact number 1 for customer 243846670852 AxiosError: Request failed with status code 404
[NEW OSE SYSTEMS] 23-04-10 08-45-21 ERROR : an error has occured when trying to get the account code for customer 243846670852 AxiosError: Request failed with status code 404
[NEW OSE SYSTEMS] 23-04-10 08-49-28 ERROR : an error has occured when trying to get the data balance for 846670852 AxiosError: Request failed with status code 404
[NEW OSE SYSTEMS] 23-04-10 08-49-37 ERROR : an error has occured when trying to get the data balance for 0846670852 AxiosError: Request failed with status code 404
[NEW OSE SYSTEMS] 23-04-10 08-49-46 ERROR : an error has occured when trying to get the data balance for 243846670852 AxiosError: Request failed with status code 404
[NEW OSE SYSTEMS] 23-04-10 08-52-30 ERROR : an error has occured when trying to get the data balance for 243846670852 AxiosError: Request failed with status code 404
[NEW OSE SYSTEMS] 23-04-10 08-53-17 ERROR : an error has occured when trying to get the data balance for 0846670852 AxiosError: Request failed with status code 404
[NEW OSE SYSTEMS] 23-04-10 08-54-02 ERROR : an error has occured when trying to get the data balance for 243896541721 AxiosError: Request failed with status code 404
[NEW OSE SYSTEMS] 23-04-10 08-55-59 ERROR : an error has occured when trying to get the data balance for 243896541721 AxiosError: Request failed with status code 404
[NEW OSE SYSTEMS] 23-04-10 08-58-18 ERROR : an error has occured when trying to get the data balance for  AxiosError: Request failed with status code 404
[NEW OSE SYSTEMS] 23-04-10 08-58-28 ERROR : an error has occured when trying to get the data balance for  AxiosError: Request failed with status code 404
[NEW OSE SYSTEMS] 23-04-10 08-58-31 ERROR : an error has occured when trying to get the data balance for  AxiosError: Request failed with status code 404
[NEW OSE SYSTEMS] 23-04-10 08-59-16 ERROR : an error has occured when trying to get the contact number 1 for customer  AxiosError: Request failed with status code 404
[NEW OSE SYSTEMS] 23-04-10 08-59-16 ERROR : an error has occured when trying to get the account code for customer  AxiosError: Request failed with status code 404
[NEW OSE SYSTEMS] 23-04-10 08-59-20 ERROR : an error has occured when trying to get the data balance for  AxiosError: Request failed with status code 404
[NEW OSE SYSTEMS] 23-04-10 08-59-21 ERROR : an error has occured when trying to get the data balance for  AxiosError: Request failed with status code 404
[NEW OSE SYSTEMS] 23-04-10 08-59-22 ERROR : an error has occured when trying to get the account code for customer 243846670852 AxiosError: Request failed with status code 404
[NEW OSE SYSTEMS] 23-04-10 09-00-43 ERROR : an error has occured when trying to get the account code for customer 243846670852 AxiosError: Request failed with status code 404
[NEW OSE SYSTEMS] 23-04-10 09-00-54 ERROR : an error has occured when trying to get the account code for customer 243846670852 AxiosError: Request failed with status code 404
[NEW OSE SYSTEMS] 23-04-10 09-00-57 ERROR : an error has occured when trying to get the account code for customer 243846670852 AxiosError: Request failed with status code 404
[NEW OSE SYSTEMS] 23-04-10 09-08-24 ERROR : an error has occured when trying to get the data balance for 846670852 AxiosError: Request failed with status code 404
[NEW OSE SYSTEMS] 23-04-10 09-11-54 ERROR : an error has occured when trying to get the account code for customer null AxiosError: Request failed with status code 404
[NEW OSE SYSTEMS] 23-04-10 09-13-54 ERROR : an error has occured when trying to get the data balance for 243896541721 AxiosError: Request failed with status code 404
[NEW OSE SYSTEMS] 23-04-10 10-03-18 ERROR : an error has occured when trying to get the data balance for  AxiosError: Request failed with status code 404
[NEW OSE SYSTEMS] 23-04-10 10-03-21 ERROR : an error has occured when trying to get the contact number 1 for customer  AxiosError: Request failed with status code 404
[NEW OSE SYSTEMS] 23-04-10 10-03-21 ERROR : an error has occured when trying to get the account code for customer  AxiosError: Request failed with status code 404
[NEW OSE SYSTEMS] 23-04-10 12-37-48 ERROR : an error has occured when getting the account code TypeError: Cannot read properties of undefined (reading '_text')
[NEW OSE SYSTEMS] 23-04-10 12-37-48 ERROR : an error has occured when getting the customer name TypeError: Cannot read properties of undefined (reading '_text')
[NEW OSE SYSTEMS] 23-04-10 12-37-48 ERROR : an error has occured when getting the customer name TypeError: Cannot read properties of undefined (reading '_text')
[NEW OSE SYSTEMS] 23-04-10 12-37-48 ERROR : an error has occured when getting the customer name TypeError: Cannot read properties of undefined (reading 'BalDto')
[NEW OSE SYSTEMS] 23-04-10 12-41-08 ERROR : an error has occured when getting the account code TypeError: Cannot read properties of undefined (reading '_text')
[NEW OSE SYSTEMS] 23-04-10 12-41-08 ERROR : an error has occured when getting the customer name TypeError: Cannot read properties of undefined (reading '_text')
[NEW OSE SYSTEMS] 23-04-10 12-41-08 ERROR : an error has occured when getting the customer name TypeError: Cannot read properties of undefined (reading '_text')
[NEW OSE SYSTEMS] 23-04-10 12-41-08 ERROR : an error has occured when getting the customer name TypeError: Cannot read properties of undefined (reading 'BalDto')
[NEW OSE SYSTEMS] 23-04-10 12-42-22 ERROR : an error has occured when getting the account code TypeError: Cannot read properties of undefined (reading '_text')
[NEW OSE SYSTEMS] 23-04-10 12-42-22 ERROR : an error has occured when getting the customer name TypeError: Cannot read properties of undefined (reading '_text')
[NEW OSE SYSTEMS] 23-04-10 12-42-22 ERROR : an error has occured when getting the customer name TypeError: Cannot read properties of undefined (reading '_text')
[NEW OSE SYSTEMS] 23-04-10 12-42-22 ERROR : an error has occured when getting the customer name TypeError: Cannot read properties of undefined (reading 'BalDto')
[NEW OSE SYSTEMS] 23-04-10 12-59-45 ERROR : an error has occured when getting the account code TypeError: Cannot read properties of undefined (reading '_text')
[NEW OSE SYSTEMS] 23-04-10 12-59-45 ERROR : an error has occured when getting the customer name TypeError: Cannot read properties of undefined (reading '_text')
[NEW OSE SYSTEMS] 23-04-10 12-59-45 ERROR : an error has occured when getting the customer name TypeError: Cannot read properties of undefined (reading '_text')
[NEW OSE SYSTEMS] 23-04-10 12-59-45 ERROR : an error has occured when getting the customer name TypeError: Cannot read properties of undefined (reading 'BalDto')
[NEW OSE SYSTEMS] 23-04-10 13-05-30 ERROR : an error has occured when getting the account code TypeError: Cannot read properties of undefined (reading '_text')
[NEW OSE SYSTEMS] 23-04-10 13-05-30 ERROR : an error has occured when getting the customer name TypeError: Cannot read properties of undefined (reading '_text')
[NEW OSE SYSTEMS] 23-04-10 13-05-30 ERROR : an error has occured when getting the customer name TypeError: Cannot read properties of undefined (reading '_text')
[NEW OSE SYSTEMS] 23-04-10 13-05-30 ERROR : an error has occured when getting the customer name TypeError: Cannot read properties of undefined (reading 'BalDto')
[NEW OSE SYSTEMS] 23-04-10 13-23-46 ERROR : an error has occured when getting the account code TypeError: Cannot read properties of undefined (reading '_text')
[NEW OSE SYSTEMS] 23-04-10 13-23-46 ERROR : an error has occured when getting the customer name TypeError: Cannot read properties of undefined (reading '_text')
[NEW OSE SYSTEMS] 23-04-10 13-23-46 ERROR : an error has occured when getting the customer name TypeError: Cannot read properties of undefined (reading '_text')
[NEW OSE SYSTEMS] 23-04-10 13-23-46 ERROR : an error has occured when getting the customer name TypeError: Cannot read properties of undefined (reading 'BalDto')
[NEW OSE SYSTEMS] 23-04-10 13-26-40 ERROR : an error has occured when getting the account code TypeError: Cannot read properties of undefined (reading '_text')
[NEW OSE SYSTEMS] 23-04-10 13-26-40 ERROR : an error has occured when getting the customer name TypeError: Cannot read properties of undefined (reading '_text')
[NEW OSE SYSTEMS] 23-04-10 13-26-40 ERROR : an error has occured when getting the customer name TypeError: Cannot read properties of undefined (reading '_text')
[NEW OSE SYSTEMS] 23-04-10 13-26-40 ERROR : an error has occured when getting the customer name TypeError: Cannot read properties of undefined (reading 'BalDto')
[NEW OSE SYSTEMS] 23-04-10 13-46-17 ERROR : an error has occured when getting the account code TypeError: Cannot read properties of undefined (reading '_text')
[NEW OSE SYSTEMS] 23-04-10 13-46-17 ERROR : an error has occured when getting the customer name TypeError: Cannot read properties of undefined (reading '_text')
[NEW OSE SYSTEMS] 23-04-10 13-46-17 ERROR : an error has occured when getting the customer name TypeError: Cannot read properties of undefined (reading '_text')
[NEW OSE SYSTEMS] 23-04-10 13-46-17 ERROR : an error has occured when getting the customer name TypeError: Cannot read properties of undefined (reading 'BalDto')
[NEW OSE SYSTEMS] 23-04-10 14-07-23 ERROR : an error has occured when getting the contact number 1 TypeError: Cannot read properties of undefined (reading '_text')
[NEW OSE SYSTEMS] 23-04-10 14-07-23 ERROR : an error has occured when getting the account code TypeError: Cannot read properties of undefined (reading '_text')
[NEW OSE SYSTEMS] 23-04-10 14-07-23 ERROR : an error has occured when getting the customer name TypeError: Cannot read properties of undefined (reading '_text')
[NEW OSE SYSTEMS] 23-04-10 14-07-23 ERROR : an error has occured when getting the customer name TypeError: Cannot read properties of undefined (reading '_text')
[NEW OSE SYSTEMS] 23-04-10 14-07-23 ERROR : an error has occured when getting the customer name TypeError: Cannot read properties of undefined (reading 'BalDto')
[NEW OSE SYSTEMS] 23-04-10 14-07-23 ERROR : an error has occured when getting the contact number 2 TypeError: Cannot read properties of undefined (reading '_text')
[NEW OSE SYSTEMS] 23-04-10 14-33-43 ERROR : an error has occured when getting the account code TypeError: Cannot read properties of undefined (reading '_text')
[NEW OSE SYSTEMS] 23-04-10 14-33-43 ERROR : an error has occured when getting the customer name TypeError: Cannot read properties of undefined (reading '_text')
[NEW OSE SYSTEMS] 23-04-10 14-33-43 ERROR : an error has occured when getting the customer name TypeError: Cannot read properties of undefined (reading '_text')
[NEW OSE SYSTEMS] 23-04-10 14-33-43 ERROR : an error has occured when getting the customer name TypeError: Cannot read properties of undefined (reading 'BalDto')
[NEW OSE SYSTEMS] 23-04-10 14-34-38 ERROR : an error has occured when getting the account code TypeError: Cannot read properties of undefined (reading '_text')
[NEW OSE SYSTEMS] 23-04-10 14-34-38 ERROR : an error has occured when getting the customer name TypeError: Cannot read properties of undefined (reading '_text')
[NEW OSE SYSTEMS] 23-04-10 14-34-38 ERROR : an error has occured when getting the customer name TypeError: Cannot read properties of undefined (reading '_text')
[NEW OSE SYSTEMS] 23-04-10 14-34-38 ERROR : an error has occured when getting the customer name TypeError: Cannot read properties of undefined (reading 'BalDto')
[NEW OSE SYSTEMS] 23-04-10 15-42-27 ERROR : an error has occured when getting the account code TypeError: Cannot read properties of undefined (reading '_text')
[NEW OSE SYSTEMS] 23-04-10 15-42-27 ERROR : an error has occured when getting the customer name TypeError: Cannot read properties of undefined (reading '_text')
[NEW OSE SYSTEMS] 23-04-10 15-42-27 ERROR : an error has occured when getting the customer name TypeError: Cannot read properties of undefined (reading '_text')
[NEW OSE SYSTEMS] 23-04-10 15-42-27 ERROR : an error has occured when getting the customer name TypeError: Cannot read properties of undefined (reading 'BalDto')
[NEW OSE SYSTEMS] 23-04-10 15-45-07 ERROR : an error has occured when getting the account code TypeError: Cannot read properties of undefined (reading '_text')
[NEW OSE SYSTEMS] 23-04-10 15-45-07 ERROR : an error has occured when getting the customer name TypeError: Cannot read properties of undefined (reading '_text')
[NEW OSE SYSTEMS] 23-04-10 15-45-07 ERROR : an error has occured when getting the customer name TypeError: Cannot read properties of undefined (reading '_text')
[NEW OSE SYSTEMS] 23-04-10 15-45-07 ERROR : an error has occured when getting the customer name TypeError: Cannot read properties of undefined (reading 'BalDto')
[NEW OSE SYSTEMS] 23-04-10 15-59-51 ERROR : an error has occured when getting the account code TypeError: Cannot read properties of undefined (reading '_text')
[NEW OSE SYSTEMS] 23-04-10 15-59-51 ERROR : an error has occured when getting the customer name TypeError: Cannot read properties of undefined (reading '_text')
[NEW OSE SYSTEMS] 23-04-10 15-59-51 ERROR : an error has occured when getting the customer name TypeError: Cannot read properties of undefined (reading '_text')
[NEW OSE SYSTEMS] 23-04-10 15-59-51 ERROR : an error has occured when getting the customer name TypeError: Cannot read properties of undefined (reading 'BalDto')
[NEW OSE SYSTEMS] 23-04-10 16-02-10 ERROR : an error has occured when getting the account code TypeError: Cannot read properties of undefined (reading '_text')
[NEW OSE SYSTEMS] 23-04-10 16-02-10 ERROR : an error has occured when getting the customer name TypeError: Cannot read properties of undefined (reading '_text')
[NEW OSE SYSTEMS] 23-04-10 16-02-10 ERROR : an error has occured when getting the customer name TypeError: Cannot read properties of undefined (reading '_text')
[NEW OSE SYSTEMS] 23-04-10 16-02-10 ERROR : an error has occured when getting the customer name TypeError: Cannot read properties of undefined (reading 'BalDto')
[NEW OSE SYSTEMS] 23-04-10 16-02-50 ERROR : an error has occured when getting the account code TypeError: Cannot read properties of undefined (reading '_text')
[NEW OSE SYSTEMS] 23-04-10 16-02-50 ERROR : an error has occured when getting the customer name TypeError: Cannot read properties of undefined (reading '_text')
[NEW OSE SYSTEMS] 23-04-10 16-02-50 ERROR : an error has occured when getting the customer name TypeError: Cannot read properties of undefined (reading '_text')
[NEW OSE SYSTEMS] 23-04-10 16-02-50 ERROR : an error has occured when getting the customer name TypeError: Cannot read properties of undefined (reading 'BalDto')
[NEW OSE SYSTEMS] 23-04-10 16-39-55 ERROR : an error has occured when getting the account code TypeError: Cannot read properties of undefined (reading '_text')
[NEW OSE SYSTEMS] 23-04-10 16-39-55 ERROR : an error has occured when getting the customer name TypeError: Cannot read properties of undefined (reading '_text')
[NEW OSE SYSTEMS] 23-04-10 16-39-55 ERROR : an error has occured when getting the customer name TypeError: Cannot read properties of undefined (reading '_text')
[NEW OSE SYSTEMS] 23-04-10 16-39-55 ERROR : an error has occured when getting the customer name TypeError: Cannot read properties of undefined (reading 'BalDto')
[NEW OSE SYSTEMS] 23-04-10 17-03-13 ERROR : an error has occured when getting the account code TypeError: Cannot read properties of undefined (reading '_text')
[NEW OSE SYSTEMS] 23-04-10 17-03-13 ERROR : an error has occured when getting the customer name TypeError: Cannot read properties of undefined (reading '_text')
[NEW OSE SYSTEMS] 23-04-10 17-03-13 ERROR : an error has occured when getting the customer name TypeError: Cannot read properties of undefined (reading '_text')
[NEW OSE SYSTEMS] 23-04-10 17-03-13 ERROR : an error has occured when getting the customer name TypeError: Cannot read properties of undefined (reading 'BalDto')
