[NEW OSE SYSTEMS] 23-04-11 10-25-59 ERROR : an error has occured when getting the account code TypeError: Cannot read properties of undefined (reading '_text')
[NEW OSE SYSTEMS] 23-04-11 10-25-59 ERROR : an error has occured when getting the customer name TypeError: Cannot read properties of undefined (reading '_text')
[NEW OSE SYSTEMS] 23-04-11 10-25-59 ERROR : an error has occured when getting the customer name TypeError: Cannot read properties of undefined (reading '_text')
[NEW OSE SYSTEMS] 23-04-11 10-25-59 ERROR : an error has occured when getting the customer name TypeError: Cannot read properties of undefined (reading 'BalDto')
[NEW OSE SYSTEMS] 23-04-11 11-33-03 ERROR : an error has occured when getting the account code TypeError: Cannot read properties of undefined (reading '_text')
[NEW OSE SYSTEMS] 23-04-11 11-33-03 ERROR : an error has occured when getting the customer name TypeError: Cannot read properties of undefined (reading '_text')
[NEW OSE SYSTEMS] 23-04-11 11-33-03 ERROR : an error has occured when getting the customer name TypeError: Cannot read properties of undefined (reading '_text')
[NEW OSE SYSTEMS] 23-04-11 11-33-03 ERROR : an error has occured when getting the customer name TypeError: Cannot read properties of undefined (reading 'BalDto')
[NEW OSE SYSTEMS] 23-04-11 11-37-03 ERROR : an error has occured when getting the account code TypeError: Cannot read properties of undefined (reading '_text')
[NEW OSE SYSTEMS] 23-04-11 11-37-03 ERROR : an error has occured when getting the customer name TypeError: Cannot read properties of undefined (reading '_text')
[NEW OSE SYSTEMS] 23-04-11 11-37-03 ERROR : an error has occured when getting the customer name TypeError: Cannot read properties of undefined (reading '_text')
[NEW OSE SYSTEMS] 23-04-11 11-37-03 ERROR : an error has occured when getting the customer name TypeError: Cannot read properties of undefined (reading 'BalDto')
[NEW OSE SYSTEMS] 23-04-11 11-44-37 ERROR : an error has occured when getting the account code TypeError: Cannot read properties of undefined (reading '_text')
[NEW OSE SYSTEMS] 23-04-11 11-44-37 ERROR : an error has occured when getting the customer name TypeError: Cannot read properties of undefined (reading '_text')
[NEW OSE SYSTEMS] 23-04-11 11-44-37 ERROR : an error has occured when getting the customer name TypeError: Cannot read properties of undefined (reading '_text')
[NEW OSE SYSTEMS] 23-04-11 11-44-37 ERROR : an error has occured when getting the customer name TypeError: Cannot read properties of undefined (reading 'BalDto')
[NEW OSE SYSTEMS] 23-04-11 11-52-31 ERROR : an error has occured when getting the account code TypeError: Cannot read properties of undefined (reading '_text')
[NEW OSE SYSTEMS] 23-04-11 11-52-31 ERROR : an error has occured when getting the customer name TypeError: Cannot read properties of undefined (reading '_text')
[NEW OSE SYSTEMS] 23-04-11 11-52-31 ERROR : an error has occured when getting the customer name TypeError: Cannot read properties of undefined (reading '_text')
[NEW OSE SYSTEMS] 23-04-11 11-52-31 ERROR : an error has occured when getting the customer name TypeError: Cannot read properties of undefined (reading 'BalDto')
[NEW OSE SYSTEMS] 23-04-11 11-59-06 ERROR : an error has occured when getting the account code TypeError: Cannot read properties of undefined (reading '_text')
[NEW OSE SYSTEMS] 23-04-11 11-59-06 ERROR : an error has occured when getting the customer name TypeError: Cannot read properties of undefined (reading '_text')
[NEW OSE SYSTEMS] 23-04-11 11-59-06 ERROR : an error has occured when getting the customer name TypeError: Cannot read properties of undefined (reading '_text')
[NEW OSE SYSTEMS] 23-04-11 11-59-06 ERROR : an error has occured when getting the customer name TypeError: Cannot read properties of undefined (reading 'BalDto')
[NEW OSE SYSTEMS] 23-04-11 12-09-57 ERROR : an error has occured when getting the account code TypeError: Cannot read properties of undefined (reading '_text')
[NEW OSE SYSTEMS] 23-04-11 12-09-57 ERROR : an error has occured when getting the customer name TypeError: Cannot read properties of undefined (reading '_text')
[NEW OSE SYSTEMS] 23-04-11 12-09-57 ERROR : an error has occured when getting the customer name TypeError: Cannot read properties of undefined (reading '_text')
[NEW OSE SYSTEMS] 23-04-11 12-09-57 ERROR : an error has occured when getting the customer name TypeError: Cannot read properties of undefined (reading 'BalDto')
[NEW OSE SYSTEMS] 23-04-11 12-29-04 ERROR : an error has occured when getting the account code TypeError: Cannot read properties of undefined (reading '_text')
[NEW OSE SYSTEMS] 23-04-11 12-29-04 ERROR : an error has occured when getting the customer name TypeError: Cannot read properties of undefined (reading '_text')
[NEW OSE SYSTEMS] 23-04-11 12-29-04 ERROR : an error has occured when getting the customer name TypeError: Cannot read properties of undefined (reading '_text')
[NEW OSE SYSTEMS] 23-04-11 12-29-04 ERROR : an error has occured when getting the customer name TypeError: Cannot read properties of undefined (reading 'BalDto')
[NEW OSE SYSTEMS] 23-04-11 12-50-22 ERROR : an error has occured when getting the account code TypeError: Cannot read properties of undefined (reading '_text')
[NEW OSE SYSTEMS] 23-04-11 12-50-22 ERROR : an error has occured when getting the customer name TypeError: Cannot read properties of undefined (reading '_text')
[NEW OSE SYSTEMS] 23-04-11 12-50-22 ERROR : an error has occured when getting the customer name TypeError: Cannot read properties of undefined (reading '_text')
[NEW OSE SYSTEMS] 23-04-11 12-50-22 ERROR : an error has occured when getting the customer name TypeError: Cannot read properties of undefined (reading 'BalDto')
[NEW OSE SYSTEMS] 23-04-11 13-01-28 ERROR : an error has occured when getting the account code TypeError: Cannot read properties of undefined (reading '_text')
[NEW OSE SYSTEMS] 23-04-11 13-01-28 ERROR : an error has occured when getting the customer name TypeError: Cannot read properties of undefined (reading '_text')
[NEW OSE SYSTEMS] 23-04-11 13-01-28 ERROR : an error has occured when getting the customer name TypeError: Cannot read properties of undefined (reading '_text')
[NEW OSE SYSTEMS] 23-04-11 13-01-28 ERROR : an error has occured when getting the customer name TypeError: Cannot read properties of undefined (reading 'BalDto')
[NEW OSE SYSTEMS] 23-04-11 13-01-29 ERROR : an error has occured when getting the account code TypeError: Cannot read properties of undefined (reading '_text')
[NEW OSE SYSTEMS] 23-04-11 13-01-29 ERROR : an error has occured when getting the customer name TypeError: Cannot read properties of undefined (reading '_text')
[NEW OSE SYSTEMS] 23-04-11 13-01-29 ERROR : an error has occured when getting the customer name TypeError: Cannot read properties of undefined (reading '_text')
[NEW OSE SYSTEMS] 23-04-11 13-01-29 ERROR : an error has occured when getting the customer name TypeError: Cannot read properties of undefined (reading 'BalDto')
[NEW OSE SYSTEMS] 23-04-11 13-02-25 ERROR : an error has occured when getting the account code TypeError: Cannot read properties of undefined (reading '_text')
[NEW OSE SYSTEMS] 23-04-11 13-02-25 ERROR : an error has occured when getting the customer name TypeError: Cannot read properties of undefined (reading '_text')
[NEW OSE SYSTEMS] 23-04-11 13-02-25 ERROR : an error has occured when getting the customer name TypeError: Cannot read properties of undefined (reading '_text')
[NEW OSE SYSTEMS] 23-04-11 13-02-25 ERROR : an error has occured when getting the customer name TypeError: Cannot read properties of undefined (reading 'BalDto')
[NEW OSE SYSTEMS] 23-04-11 13-02-25 ERROR : an error has occured when getting the account code TypeError: Cannot read properties of undefined (reading '_text')
[NEW OSE SYSTEMS] 23-04-11 13-02-25 ERROR : an error has occured when getting the customer name TypeError: Cannot read properties of undefined (reading '_text')
[NEW OSE SYSTEMS] 23-04-11 13-02-25 ERROR : an error has occured when getting the customer name TypeError: Cannot read properties of undefined (reading '_text')
[NEW OSE SYSTEMS] 23-04-11 13-02-25 ERROR : an error has occured when getting the customer name TypeError: Cannot read properties of undefined (reading 'BalDto')
[NEW OSE SYSTEMS] 23-04-11 13-03-13 ERROR : an error has occured when getting the account code TypeError: Cannot read properties of undefined (reading '_text')
[NEW OSE SYSTEMS] 23-04-11 13-03-13 ERROR : an error has occured when getting the customer name TypeError: Cannot read properties of undefined (reading '_text')
[NEW OSE SYSTEMS] 23-04-11 13-03-13 ERROR : an error has occured when getting the customer name TypeError: Cannot read properties of undefined (reading '_text')
[NEW OSE SYSTEMS] 23-04-11 13-03-13 ERROR : an error has occured when getting the customer name TypeError: Cannot read properties of undefined (reading 'BalDto')
[NEW OSE SYSTEMS] 23-04-11 13-03-13 ERROR : an error has occured when getting the account code TypeError: Cannot read properties of undefined (reading '_text')
[NEW OSE SYSTEMS] 23-04-11 13-03-13 ERROR : an error has occured when getting the customer name TypeError: Cannot read properties of undefined (reading '_text')
[NEW OSE SYSTEMS] 23-04-11 13-03-13 ERROR : an error has occured when getting the customer name TypeError: Cannot read properties of undefined (reading '_text')
[NEW OSE SYSTEMS] 23-04-11 13-03-13 ERROR : an error has occured when getting the customer name TypeError: Cannot read properties of undefined (reading 'BalDto')
[NEW OSE SYSTEMS] 23-04-11 13-03-15 ERROR : an error has occured when getting the account code TypeError: Cannot read properties of undefined (reading '_text')
[NEW OSE SYSTEMS] 23-04-11 13-03-15 ERROR : an error has occured when getting the customer name TypeError: Cannot read properties of undefined (reading '_text')
[NEW OSE SYSTEMS] 23-04-11 13-03-15 ERROR : an error has occured when getting the customer name TypeError: Cannot read properties of undefined (reading '_text')
[NEW OSE SYSTEMS] 23-04-11 13-03-15 ERROR : an error has occured when getting the customer name TypeError: Cannot read properties of undefined (reading 'BalDto')
[NEW OSE SYSTEMS] 23-04-11 13-03-15 ERROR : an error has occured when getting the account code TypeError: Cannot read properties of undefined (reading '_text')
[NEW OSE SYSTEMS] 23-04-11 13-03-15 ERROR : an error has occured when getting the customer name TypeError: Cannot read properties of undefined (reading '_text')
[NEW OSE SYSTEMS] 23-04-11 13-03-15 ERROR : an error has occured when getting the customer name TypeError: Cannot read properties of undefined (reading '_text')
[NEW OSE SYSTEMS] 23-04-11 13-03-15 ERROR : an error has occured when getting the customer name TypeError: Cannot read properties of undefined (reading 'BalDto')
[NEW OSE SYSTEMS] 23-04-11 13-03-15 ERROR : an error has occured when getting the account code TypeError: Cannot read properties of undefined (reading '_text')
[NEW OSE SYSTEMS] 23-04-11 13-03-15 ERROR : an error has occured when getting the customer name TypeError: Cannot read properties of undefined (reading '_text')
[NEW OSE SYSTEMS] 23-04-11 13-03-15 ERROR : an error has occured when getting the customer name TypeError: Cannot read properties of undefined (reading '_text')
[NEW OSE SYSTEMS] 23-04-11 13-03-15 ERROR : an error has occured when getting the customer name TypeError: Cannot read properties of undefined (reading 'BalDto')
[NEW OSE SYSTEMS] 23-04-11 13-03-15 ERROR : an error has occured when getting the account code TypeError: Cannot read properties of undefined (reading '_text')
[NEW OSE SYSTEMS] 23-04-11 13-03-15 ERROR : an error has occured when getting the customer name TypeError: Cannot read properties of undefined (reading '_text')
[NEW OSE SYSTEMS] 23-04-11 13-03-15 ERROR : an error has occured when getting the customer name TypeError: Cannot read properties of undefined (reading '_text')
[NEW OSE SYSTEMS] 23-04-11 13-03-15 ERROR : an error has occured when getting the customer name TypeError: Cannot read properties of undefined (reading 'BalDto')
[NEW OSE SYSTEMS] 23-04-11 13-03-15 ERROR : an error has occured when getting the account code TypeError: Cannot read properties of undefined (reading '_text')
[NEW OSE SYSTEMS] 23-04-11 13-03-15 ERROR : an error has occured when getting the customer name TypeError: Cannot read properties of undefined (reading '_text')
[NEW OSE SYSTEMS] 23-04-11 13-03-15 ERROR : an error has occured when getting the customer name TypeError: Cannot read properties of undefined (reading '_text')
[NEW OSE SYSTEMS] 23-04-11 13-03-15 ERROR : an error has occured when getting the customer name TypeError: Cannot read properties of undefined (reading 'BalDto')
[NEW OSE SYSTEMS] 23-04-11 13-03-15 ERROR : an error has occured when getting the account code TypeError: Cannot read properties of undefined (reading '_text')
[NEW OSE SYSTEMS] 23-04-11 13-03-15 ERROR : an error has occured when getting the customer name TypeError: Cannot read properties of undefined (reading '_text')
[NEW OSE SYSTEMS] 23-04-11 13-03-15 ERROR : an error has occured when getting the customer name TypeError: Cannot read properties of undefined (reading '_text')
[NEW OSE SYSTEMS] 23-04-11 13-03-15 ERROR : an error has occured when getting the customer name TypeError: Cannot read properties of undefined (reading 'BalDto')
[NEW OSE SYSTEMS] 23-04-11 13-03-16 ERROR : an error has occured when getting the account code TypeError: Cannot read properties of undefined (reading '_text')
[NEW OSE SYSTEMS] 23-04-11 13-03-16 ERROR : an error has occured when getting the customer name TypeError: Cannot read properties of undefined (reading '_text')
[NEW OSE SYSTEMS] 23-04-11 13-03-16 ERROR : an error has occured when getting the customer name TypeError: Cannot read properties of undefined (reading '_text')
[NEW OSE SYSTEMS] 23-04-11 13-03-16 ERROR : an error has occured when getting the customer name TypeError: Cannot read properties of undefined (reading 'BalDto')
[NEW OSE SYSTEMS] 23-04-11 13-03-16 ERROR : an error has occured when getting the account code TypeError: Cannot read properties of undefined (reading '_text')
[NEW OSE SYSTEMS] 23-04-11 13-03-16 ERROR : an error has occured when getting the customer name TypeError: Cannot read properties of undefined (reading '_text')
[NEW OSE SYSTEMS] 23-04-11 13-03-16 ERROR : an error has occured when getting the customer name TypeError: Cannot read properties of undefined (reading '_text')
[NEW OSE SYSTEMS] 23-04-11 13-03-16 ERROR : an error has occured when getting the customer name TypeError: Cannot read properties of undefined (reading 'BalDto')
[NEW OSE SYSTEMS] 23-04-11 13-03-16 ERROR : an error has occured when getting the account code TypeError: Cannot read properties of undefined (reading '_text')
[NEW OSE SYSTEMS] 23-04-11 13-03-16 ERROR : an error has occured when getting the customer name TypeError: Cannot read properties of undefined (reading '_text')
[NEW OSE SYSTEMS] 23-04-11 13-03-16 ERROR : an error has occured when getting the customer name TypeError: Cannot read properties of undefined (reading '_text')
[NEW OSE SYSTEMS] 23-04-11 13-03-16 ERROR : an error has occured when getting the customer name TypeError: Cannot read properties of undefined (reading 'BalDto')
[NEW OSE SYSTEMS] 23-04-11 13-03-16 ERROR : an error has occured when getting the account code TypeError: Cannot read properties of undefined (reading '_text')
[NEW OSE SYSTEMS] 23-04-11 13-03-16 ERROR : an error has occured when getting the customer name TypeError: Cannot read properties of undefined (reading '_text')
[NEW OSE SYSTEMS] 23-04-11 13-03-16 ERROR : an error has occured when getting the customer name TypeError: Cannot read properties of undefined (reading '_text')
[NEW OSE SYSTEMS] 23-04-11 13-03-16 ERROR : an error has occured when getting the customer name TypeError: Cannot read properties of undefined (reading 'BalDto')
[NEW OSE SYSTEMS] 23-04-11 13-03-16 ERROR : an error has occured when getting the account code TypeError: Cannot read properties of undefined (reading '_text')
[NEW OSE SYSTEMS] 23-04-11 13-03-16 ERROR : an error has occured when getting the customer name TypeError: Cannot read properties of undefined (reading '_text')
[NEW OSE SYSTEMS] 23-04-11 13-03-16 ERROR : an error has occured when getting the customer name TypeError: Cannot read properties of undefined (reading '_text')
[NEW OSE SYSTEMS] 23-04-11 13-03-16 ERROR : an error has occured when getting the customer name TypeError: Cannot read properties of undefined (reading 'BalDto')
[NEW OSE SYSTEMS] 23-04-11 13-03-16 ERROR : an error has occured when getting the account code TypeError: Cannot read properties of undefined (reading '_text')
[NEW OSE SYSTEMS] 23-04-11 13-03-16 ERROR : an error has occured when getting the customer name TypeError: Cannot read properties of undefined (reading '_text')
[NEW OSE SYSTEMS] 23-04-11 13-03-16 ERROR : an error has occured when getting the customer name TypeError: Cannot read properties of undefined (reading '_text')
[NEW OSE SYSTEMS] 23-04-11 13-03-16 ERROR : an error has occured when getting the customer name TypeError: Cannot read properties of undefined (reading 'BalDto')
[NEW OSE SYSTEMS] 23-04-11 13-03-17 ERROR : an error has occured when getting the account code TypeError: Cannot read properties of undefined (reading '_text')
[NEW OSE SYSTEMS] 23-04-11 13-03-17 ERROR : an error has occured when getting the customer name TypeError: Cannot read properties of undefined (reading '_text')
[NEW OSE SYSTEMS] 23-04-11 13-03-17 ERROR : an error has occured when getting the customer name TypeError: Cannot read properties of undefined (reading '_text')
[NEW OSE SYSTEMS] 23-04-11 13-03-17 ERROR : an error has occured when getting the customer name TypeError: Cannot read properties of undefined (reading 'BalDto')
[NEW OSE SYSTEMS] 23-04-11 13-03-17 ERROR : an error has occured when getting the account code TypeError: Cannot read properties of undefined (reading '_text')
[NEW OSE SYSTEMS] 23-04-11 13-03-17 ERROR : an error has occured when getting the customer name TypeError: Cannot read properties of undefined (reading '_text')
[NEW OSE SYSTEMS] 23-04-11 13-03-17 ERROR : an error has occured when getting the customer name TypeError: Cannot read properties of undefined (reading '_text')
[NEW OSE SYSTEMS] 23-04-11 13-03-17 ERROR : an error has occured when getting the customer name TypeError: Cannot read properties of undefined (reading 'BalDto')
[NEW OSE SYSTEMS] 23-04-11 13-03-17 ERROR : an error has occured when getting the account code TypeError: Cannot read properties of undefined (reading '_text')
[NEW OSE SYSTEMS] 23-04-11 13-03-17 ERROR : an error has occured when getting the customer name TypeError: Cannot read properties of undefined (reading '_text')
[NEW OSE SYSTEMS] 23-04-11 13-03-17 ERROR : an error has occured when getting the customer name TypeError: Cannot read properties of undefined (reading '_text')
[NEW OSE SYSTEMS] 23-04-11 13-03-17 ERROR : an error has occured when getting the customer name TypeError: Cannot read properties of undefined (reading 'BalDto')
[NEW OSE SYSTEMS] 23-04-11 13-03-17 ERROR : an error has occured when getting the account code TypeError: Cannot read properties of undefined (reading '_text')
[NEW OSE SYSTEMS] 23-04-11 13-03-17 ERROR : an error has occured when getting the customer name TypeError: Cannot read properties of undefined (reading '_text')
[NEW OSE SYSTEMS] 23-04-11 13-03-17 ERROR : an error has occured when getting the customer name TypeError: Cannot read properties of undefined (reading '_text')
[NEW OSE SYSTEMS] 23-04-11 13-03-17 ERROR : an error has occured when getting the customer name TypeError: Cannot read properties of undefined (reading 'BalDto')
[NEW OSE SYSTEMS] 23-04-11 13-03-17 ERROR : an error has occured when getting the account code TypeError: Cannot read properties of undefined (reading '_text')
[NEW OSE SYSTEMS] 23-04-11 13-03-17 ERROR : an error has occured when getting the customer name TypeError: Cannot read properties of undefined (reading '_text')
[NEW OSE SYSTEMS] 23-04-11 13-03-17 ERROR : an error has occured when getting the customer name TypeError: Cannot read properties of undefined (reading '_text')
[NEW OSE SYSTEMS] 23-04-11 13-03-17 ERROR : an error has occured when getting the customer name TypeError: Cannot read properties of undefined (reading 'BalDto')
[NEW OSE SYSTEMS] 23-04-11 13-03-17 ERROR : an error has occured when getting the account code TypeError: Cannot read properties of undefined (reading '_text')
[NEW OSE SYSTEMS] 23-04-11 13-03-17 ERROR : an error has occured when getting the customer name TypeError: Cannot read properties of undefined (reading '_text')
[NEW OSE SYSTEMS] 23-04-11 13-03-17 ERROR : an error has occured when getting the customer name TypeError: Cannot read properties of undefined (reading '_text')
[NEW OSE SYSTEMS] 23-04-11 13-03-17 ERROR : an error has occured when getting the customer name TypeError: Cannot read properties of undefined (reading 'BalDto')
[NEW OSE SYSTEMS] 23-04-11 13-03-18 ERROR : an error has occured when getting the account code TypeError: Cannot read properties of undefined (reading '_text')
[NEW OSE SYSTEMS] 23-04-11 13-03-18 ERROR : an error has occured when getting the customer name TypeError: Cannot read properties of undefined (reading '_text')
[NEW OSE SYSTEMS] 23-04-11 13-03-18 ERROR : an error has occured when getting the customer name TypeError: Cannot read properties of undefined (reading '_text')
[NEW OSE SYSTEMS] 23-04-11 13-03-18 ERROR : an error has occured when getting the customer name TypeError: Cannot read properties of undefined (reading 'BalDto')
[NEW OSE SYSTEMS] 23-04-11 13-03-18 ERROR : an error has occured when getting the account code TypeError: Cannot read properties of undefined (reading '_text')
[NEW OSE SYSTEMS] 23-04-11 13-03-18 ERROR : an error has occured when getting the customer name TypeError: Cannot read properties of undefined (reading '_text')
[NEW OSE SYSTEMS] 23-04-11 13-03-18 ERROR : an error has occured when getting the customer name TypeError: Cannot read properties of undefined (reading '_text')
[NEW OSE SYSTEMS] 23-04-11 13-03-18 ERROR : an error has occured when getting the customer name TypeError: Cannot read properties of undefined (reading 'BalDto')
[NEW OSE SYSTEMS] 23-04-11 13-03-18 ERROR : an error has occured when getting the account code TypeError: Cannot read properties of undefined (reading '_text')
[NEW OSE SYSTEMS] 23-04-11 13-03-18 ERROR : an error has occured when getting the customer name TypeError: Cannot read properties of undefined (reading '_text')
[NEW OSE SYSTEMS] 23-04-11 13-03-18 ERROR : an error has occured when getting the customer name TypeError: Cannot read properties of undefined (reading '_text')
[NEW OSE SYSTEMS] 23-04-11 13-03-18 ERROR : an error has occured when getting the customer name TypeError: Cannot read properties of undefined (reading 'BalDto')
[NEW OSE SYSTEMS] 23-04-11 13-03-18 ERROR : an error has occured when getting the account code TypeError: Cannot read properties of undefined (reading '_text')
[NEW OSE SYSTEMS] 23-04-11 13-03-18 ERROR : an error has occured when getting the customer name TypeError: Cannot read properties of undefined (reading '_text')
[NEW OSE SYSTEMS] 23-04-11 13-03-18 ERROR : an error has occured when getting the customer name TypeError: Cannot read properties of undefined (reading '_text')
[NEW OSE SYSTEMS] 23-04-11 13-03-18 ERROR : an error has occured when getting the customer name TypeError: Cannot read properties of undefined (reading 'BalDto')
[NEW OSE SYSTEMS] 23-04-11 13-03-19 ERROR : an error has occured when getting the account code TypeError: Cannot read properties of undefined (reading '_text')
[NEW OSE SYSTEMS] 23-04-11 13-03-19 ERROR : an error has occured when getting the customer name TypeError: Cannot read properties of undefined (reading '_text')
[NEW OSE SYSTEMS] 23-04-11 13-03-19 ERROR : an error has occured when getting the customer name TypeError: Cannot read properties of undefined (reading '_text')
[NEW OSE SYSTEMS] 23-04-11 13-03-19 ERROR : an error has occured when getting the customer name TypeError: Cannot read properties of undefined (reading 'BalDto')
[NEW OSE SYSTEMS] 23-04-11 13-03-31 ERROR : an error has occured when getting the account code TypeError: Cannot read properties of undefined (reading '_text')
[NEW OSE SYSTEMS] 23-04-11 13-03-31 ERROR : an error has occured when getting the customer name TypeError: Cannot read properties of undefined (reading '_text')
[NEW OSE SYSTEMS] 23-04-11 13-03-31 ERROR : an error has occured when getting the customer name TypeError: Cannot read properties of undefined (reading '_text')
[NEW OSE SYSTEMS] 23-04-11 13-03-31 ERROR : an error has occured when getting the customer name TypeError: Cannot read properties of undefined (reading 'BalDto')
[NEW OSE SYSTEMS] 23-04-11 13-03-31 ERROR : an error has occured when getting the account code TypeError: Cannot read properties of undefined (reading '_text')
[NEW OSE SYSTEMS] 23-04-11 13-03-31 ERROR : an error has occured when getting the customer name TypeError: Cannot read properties of undefined (reading '_text')
[NEW OSE SYSTEMS] 23-04-11 13-03-31 ERROR : an error has occured when getting the customer name TypeError: Cannot read properties of undefined (reading '_text')
[NEW OSE SYSTEMS] 23-04-11 13-03-31 ERROR : an error has occured when getting the customer name TypeError: Cannot read properties of undefined (reading 'BalDto')
[NEW OSE SYSTEMS] 23-04-11 13-09-19 ERROR : an error has occured when getting the account code TypeError: Cannot read properties of undefined (reading '_text')
[NEW OSE SYSTEMS] 23-04-11 13-09-19 ERROR : an error has occured when getting the customer name TypeError: Cannot read properties of undefined (reading '_text')
[NEW OSE SYSTEMS] 23-04-11 13-09-19 ERROR : an error has occured when getting the customer name TypeError: Cannot read properties of undefined (reading '_text')
[NEW OSE SYSTEMS] 23-04-11 13-09-19 ERROR : an error has occured when getting the customer name TypeError: Cannot read properties of undefined (reading 'BalDto')
[NEW OSE SYSTEMS] 23-04-11 13-11-10 ERROR : an error has occured when getting the account code TypeError: Cannot read properties of undefined (reading '_text')
[NEW OSE SYSTEMS] 23-04-11 13-11-10 ERROR : an error has occured when getting the customer name TypeError: Cannot read properties of undefined (reading '_text')
[NEW OSE SYSTEMS] 23-04-11 13-11-10 ERROR : an error has occured when getting the customer name TypeError: Cannot read properties of undefined (reading '_text')
[NEW OSE SYSTEMS] 23-04-11 13-11-10 ERROR : an error has occured when getting the customer name TypeError: Cannot read properties of undefined (reading 'BalDto')
[NEW OSE SYSTEMS] 23-04-11 13-12-38 ERROR : an error has occured when getting the account code TypeError: Cannot read properties of undefined (reading '_text')
[NEW OSE SYSTEMS] 23-04-11 13-12-38 ERROR : an error has occured when getting the customer name TypeError: Cannot read properties of undefined (reading '_text')
[NEW OSE SYSTEMS] 23-04-11 13-12-38 ERROR : an error has occured when getting the customer name TypeError: Cannot read properties of undefined (reading '_text')
[NEW OSE SYSTEMS] 23-04-11 13-12-38 ERROR : an error has occured when getting the customer name TypeError: Cannot read properties of undefined (reading 'BalDto')
[NEW OSE SYSTEMS] 23-04-11 13-18-43 ERROR : an error has occured when getting the account code TypeError: Cannot read properties of undefined (reading '_text')
[NEW OSE SYSTEMS] 23-04-11 13-18-43 ERROR : an error has occured when getting the customer name TypeError: Cannot read properties of undefined (reading '_text')
[NEW OSE SYSTEMS] 23-04-11 13-18-43 ERROR : an error has occured when getting the customer name TypeError: Cannot read properties of undefined (reading '_text')
[NEW OSE SYSTEMS] 23-04-11 13-18-43 ERROR : an error has occured when getting the customer name TypeError: Cannot read properties of undefined (reading 'BalDto')
[NEW OSE SYSTEMS] 23-04-11 14-02-17 ERROR : an error has occured when getting the account code TypeError: Cannot read properties of undefined (reading '_text')
[NEW OSE SYSTEMS] 23-04-11 14-02-17 ERROR : an error has occured when getting the customer name TypeError: Cannot read properties of undefined (reading '_text')
[NEW OSE SYSTEMS] 23-04-11 14-02-17 ERROR : an error has occured when getting the customer name TypeError: Cannot read properties of undefined (reading '_text')
[NEW OSE SYSTEMS] 23-04-11 14-02-17 ERROR : an error has occured when getting the customer name TypeError: Cannot read properties of undefined (reading 'BalDto')
[NEW OSE SYSTEMS] 23-04-11 14-02-20 ERROR : an error has occured when getting the account code TypeError: Cannot read properties of undefined (reading '_text')
[NEW OSE SYSTEMS] 23-04-11 14-02-20 ERROR : an error has occured when getting the customer name TypeError: Cannot read properties of undefined (reading '_text')
[NEW OSE SYSTEMS] 23-04-11 14-02-20 ERROR : an error has occured when getting the customer name TypeError: Cannot read properties of undefined (reading '_text')
[NEW OSE SYSTEMS] 23-04-11 14-02-20 ERROR : an error has occured when getting the customer name TypeError: Cannot read properties of undefined (reading 'BalDto')
[NEW OSE SYSTEMS] 23-04-11 14-02-23 ERROR : an error has occured when getting the account code TypeError: Cannot read properties of undefined (reading '_text')
[NEW OSE SYSTEMS] 23-04-11 14-02-23 ERROR : an error has occured when getting the customer name TypeError: Cannot read properties of undefined (reading '_text')
[NEW OSE SYSTEMS] 23-04-11 14-02-23 ERROR : an error has occured when getting the customer name TypeError: Cannot read properties of undefined (reading '_text')
[NEW OSE SYSTEMS] 23-04-11 14-02-23 ERROR : an error has occured when getting the customer name TypeError: Cannot read properties of undefined (reading 'BalDto')
[NEW OSE SYSTEMS] 23-04-11 14-02-43 ERROR : an error has occured when getting the account code TypeError: Cannot read properties of undefined (reading '_text')
[NEW OSE SYSTEMS] 23-04-11 14-02-43 ERROR : an error has occured when getting the customer name TypeError: Cannot read properties of undefined (reading '_text')
[NEW OSE SYSTEMS] 23-04-11 14-02-43 ERROR : an error has occured when getting the customer name TypeError: Cannot read properties of undefined (reading '_text')
[NEW OSE SYSTEMS] 23-04-11 14-02-43 ERROR : an error has occured when getting the customer name TypeError: Cannot read properties of undefined (reading 'BalDto')
[NEW OSE SYSTEMS] 23-04-11 14-02-44 ERROR : an error has occured when getting the account code TypeError: Cannot read properties of undefined (reading '_text')
[NEW OSE SYSTEMS] 23-04-11 14-02-44 ERROR : an error has occured when getting the customer name TypeError: Cannot read properties of undefined (reading '_text')
[NEW OSE SYSTEMS] 23-04-11 14-02-44 ERROR : an error has occured when getting the customer name TypeError: Cannot read properties of undefined (reading '_text')
[NEW OSE SYSTEMS] 23-04-11 14-02-44 ERROR : an error has occured when getting the customer name TypeError: Cannot read properties of undefined (reading 'BalDto')
[NEW OSE SYSTEMS] 23-04-11 14-44-34 ERROR : an error has occured when getting the contact number 1 TypeError: Cannot read properties of undefined (reading '_text')
[NEW OSE SYSTEMS] 23-04-11 14-44-34 ERROR : an error has occured when getting the account code TypeError: Cannot read properties of undefined (reading '_text')
[NEW OSE SYSTEMS] 23-04-11 14-44-34 ERROR : an error has occured when getting the customer name TypeError: Cannot read properties of undefined (reading '_text')
[NEW OSE SYSTEMS] 23-04-11 14-44-34 ERROR : an error has occured when getting the customer name TypeError: Cannot read properties of undefined (reading '_text')
[NEW OSE SYSTEMS] 23-04-11 14-44-34 ERROR : an error has occured when getting the customer name TypeError: Cannot read properties of undefined (reading 'BalDto')
[NEW OSE SYSTEMS] 23-04-11 14-44-35 ERROR : an error has occured when getting the contact number 2 TypeError: Cannot read properties of undefined (reading '_text')
[NEW OSE SYSTEMS] 23-04-11 14-48-55 ERROR : an error has occured when getting the account code TypeError: Cannot read properties of undefined (reading '_text')
[NEW OSE SYSTEMS] 23-04-11 14-48-55 ERROR : an error has occured when getting the customer name TypeError: Cannot read properties of undefined (reading '_text')
[NEW OSE SYSTEMS] 23-04-11 14-48-55 ERROR : an error has occured when getting the customer name TypeError: Cannot read properties of undefined (reading '_text')
[NEW OSE SYSTEMS] 23-04-11 14-48-55 ERROR : an error has occured when getting the customer name TypeError: Cannot read properties of undefined (reading 'BalDto')
[NEW OSE SYSTEMS] 23-04-11 14-48-56 ERROR : an error has occured when getting the account code TypeError: Cannot read properties of undefined (reading '_text')
[NEW OSE SYSTEMS] 23-04-11 14-48-56 ERROR : an error has occured when getting the customer name TypeError: Cannot read properties of undefined (reading '_text')
[NEW OSE SYSTEMS] 23-04-11 14-48-56 ERROR : an error has occured when getting the customer name TypeError: Cannot read properties of undefined (reading '_text')
[NEW OSE SYSTEMS] 23-04-11 14-48-56 ERROR : an error has occured when getting the customer name TypeError: Cannot read properties of undefined (reading 'BalDto')
[NEW OSE SYSTEMS] 23-04-11 15-40-16 ERROR : an error has occured when getting the account code TypeError: Cannot read properties of undefined (reading '_text')
[NEW OSE SYSTEMS] 23-04-11 15-40-16 ERROR : an error has occured when getting the customer name TypeError: Cannot read properties of undefined (reading '_text')
[NEW OSE SYSTEMS] 23-04-11 15-40-16 ERROR : an error has occured when getting the customer name TypeError: Cannot read properties of undefined (reading '_text')
[NEW OSE SYSTEMS] 23-04-11 15-40-16 ERROR : an error has occured when getting the customer name TypeError: Cannot read properties of undefined (reading 'BalDto')
[NEW OSE SYSTEMS] 23-04-11 15-40-17 ERROR : an error has occured when getting the account code TypeError: Cannot read properties of undefined (reading '_text')
[NEW OSE SYSTEMS] 23-04-11 15-40-17 ERROR : an error has occured when getting the customer name TypeError: Cannot read properties of undefined (reading '_text')
[NEW OSE SYSTEMS] 23-04-11 15-40-17 ERROR : an error has occured when getting the customer name TypeError: Cannot read properties of undefined (reading '_text')
[NEW OSE SYSTEMS] 23-04-11 15-40-17 ERROR : an error has occured when getting the customer name TypeError: Cannot read properties of undefined (reading 'BalDto')
[NEW OSE SYSTEMS] 23-04-11 16-08-03 ERROR : an error has occured when getting the account code TypeError: Cannot read properties of undefined (reading '_text')
[NEW OSE SYSTEMS] 23-04-11 16-08-03 ERROR : an error has occured when getting the customer name TypeError: Cannot read properties of undefined (reading '_text')
[NEW OSE SYSTEMS] 23-04-11 16-08-03 ERROR : an error has occured when getting the customer name TypeError: Cannot read properties of undefined (reading '_text')
[NEW OSE SYSTEMS] 23-04-11 16-08-03 ERROR : an error has occured when getting the customer name TypeError: Cannot read properties of undefined (reading 'BalDto')
[NEW OSE SYSTEMS] 23-04-11 16-08-18 ERROR : an error has occured when getting the account code TypeError: Cannot read properties of undefined (reading '_text')
[NEW OSE SYSTEMS] 23-04-11 16-08-18 ERROR : an error has occured when getting the customer name TypeError: Cannot read properties of undefined (reading '_text')
[NEW OSE SYSTEMS] 23-04-11 16-08-18 ERROR : an error has occured when getting the customer name TypeError: Cannot read properties of undefined (reading '_text')
[NEW OSE SYSTEMS] 23-04-11 16-08-18 ERROR : an error has occured when getting the customer name TypeError: Cannot read properties of undefined (reading 'BalDto')
[NEW OSE SYSTEMS] 23-04-11 16-10-31 ERROR : an error has occured when trying to check eligibility for 0896541721 AxiosError: Request failed with status code 400
[NEW OSE SYSTEMS] 23-04-11 16-19-52 ERROR : an error has occured when trying to check eligibility for 0896541721 AxiosError: Request failed with status code 400
[NEW OSE SYSTEMS] 23-04-11 16-19-52 ERROR : an error has occured when performing push ussd payment AxiosError: Request failed with status code 400
[NEW OSE SYSTEMS] 23-04-11 16-28-36 ERROR : an error has occured when trying to check eligibility for 0896541721 AxiosError: Request failed with status code 400
[NEW OSE SYSTEMS] 23-04-11 16-28-36 ERROR : an error has occured when performing push ussd payment AxiosError: Request failed with status code 400
[NEW OSE SYSTEMS] 23-04-11 16-38-25 ERROR : an error has occured when trying to check eligibility for 0896541721 AxiosError: Request failed with status code 400
[NEW OSE SYSTEMS] 23-04-11 16-38-25 ERROR : an error has occured when performing push ussd payment AxiosError: Request failed with status code 400
[NEW OSE SYSTEMS] 23-04-11 16-42-25 ERROR : an error has occured when trying to check eligibility for 0896541721 AxiosError: Request failed with status code 400
[NEW OSE SYSTEMS] 23-04-11 16-42-25 ERROR : an error has occured when performing push ussd payment AxiosError: Request failed with status code 400
[NEW OSE SYSTEMS] 23-04-11 16-43-38 ERROR : an error has occured when trying to check eligibility for 0896541721 AxiosError: Request failed with status code 400
[NEW OSE SYSTEMS] 23-04-11 16-43-38 ERROR : an error has occured when performing push ussd payment AxiosError: Request failed with status code 400 Request failed with status code 400
[NEW OSE SYSTEMS] 23-04-11 16-44-25 ERROR : an error has occured when trying to check eligibility for 0896541721 AxiosError: Request failed with status code 400
[NEW OSE SYSTEMS] 23-04-11 16-44-25 ERROR : an error has occured when performing push ussd payment AxiosError: Request failed with status code 400 Request failed with status code 400
[NEW OSE SYSTEMS] 23-04-11 16-45-32 ERROR : an error has occured when trying to check eligibility for 0896541721 AxiosError: Request failed with status code 400
[NEW OSE SYSTEMS] 23-04-11 16-45-32 ERROR : an error has occured when performing push ussd payment AxiosError: Request failed with status code 400
[NEW OSE SYSTEMS] 23-04-11 16-49-31 ERROR : an error has occured when trying to check eligibility for 0896541721 AxiosError: Request failed with status code 400
[NEW OSE SYSTEMS] 23-04-11 16-52-21 ERROR : an error has occured when trying to check eligibility for 0896541721 AxiosError: Request failed with status code 400
[NEW OSE SYSTEMS] 23-04-11 16-52-21 ERROR : an error has occured when performing push ussd payment AxiosError: Request failed with status code 400
[NEW OSE SYSTEMS] 23-04-11 16-55-45 ERROR : an error has occured when trying to check eligibility for 0896541721 AxiosError: Request failed with status code 400
