[NEW OSE SYSTEMS] 23-03-29 13-07-17 ERROR : an error has occured when trying to get the data balance for undefined AxiosError: Request failed with status code 404
[NEW OSE SYSTEMS] 23-03-29 13-07-17 ERROR : an error has occured when trying to get the data balance for undefined AxiosError: Request failed with status code 404
[NEW OSE SYSTEMS] 23-03-29 13-11-47 ERROR : an error has occured when trying to get the data balance for 0846670852 AxiosError: Request failed with status code 404
[NEW OSE SYSTEMS] 23-03-29 13-11-47 ERROR : an error has occured when trying to get the data balance for 0846670852 AxiosError: Request failed with status code 404
[NEW OSE SYSTEMS] 23-03-29 13-13-26 ERROR : an error has occured when trying to get the data balance for 846670852 AxiosError: Request failed with status code 404
[NEW OSE SYSTEMS] 23-03-29 13-13-26 ERROR : an error has occured when trying to get the data balance for 846670852 AxiosError: Request failed with status code 404
[NEW OSE SYSTEMS] 23-03-29 13-13-26 ERROR : an error has occured when trying to get the data balance for 846670852 AxiosError: Request failed with status code 404
[NEW OSE SYSTEMS] 23-03-29 13-15-15 ERROR : an error has occured when trying to get the data balance for 846670852 AxiosError: Request failed with status code 404
[NEW OSE SYSTEMS] 23-03-29 13-15-25 ERROR : an error has occured when trying to get the data balance for 846670852 AxiosError: Request failed with status code 404
[NEW OSE SYSTEMS] 23-03-29 13-15-25 ERROR : an error has occured when trying to get the data balance for 846670852 AxiosError: Request failed with status code 404
[NEW OSE SYSTEMS] 23-03-29 13-19-33 ERROR : an error has occured when trying to get the data balance for 846670852 TypeError [ERR_INVALID_URL]: Invalid URL
[NEW OSE SYSTEMS] 23-03-29 13-19-33 ERROR : an error has occured when trying to get the data balance for 846670852 TypeError [ERR_INVALID_URL]: Invalid URL
[NEW OSE SYSTEMS] 23-03-29 13-19-41 ERROR : an error has occured when trying to get the data balance for 846670852 TypeError [ERR_INVALID_URL]: Invalid URL
[NEW OSE SYSTEMS] 23-03-29 13-19-41 ERROR : an error has occured when trying to get the data balance for 846670852 TypeError [ERR_INVALID_URL]: Invalid URL
[NEW OSE SYSTEMS] 23-03-29 13-20-39 ERROR : an error has occured when trying to get the data balance for 846670852 TypeError [ERR_INVALID_URL]: Invalid URL
[NEW OSE SYSTEMS] 23-03-29 13-20-39 ERROR : an error has occured when trying to get the data balance for 846670852 TypeError [ERR_INVALID_URL]: Invalid URL
[NEW OSE SYSTEMS] 23-03-29 13-28-31 ERROR : an error has occured when trying to get the data balance for 846670852 TypeError [ERR_INVALID_URL]: Invalid URL
[NEW OSE SYSTEMS] 23-03-29 13-28-31 ERROR : an error has occured when trying to get the data balance for 846670852 TypeError [ERR_INVALID_URL]: Invalid URL
[NEW OSE SYSTEMS] 23-03-29 13-29-25 ERROR : an error has occured when trying to get the data balance for 846670852 TypeError [ERR_INVALID_URL]: Invalid URL
[NEW OSE SYSTEMS] 23-03-29 13-29-25 ERROR : an error has occured when trying to get the data balance for 846670852 TypeError [ERR_INVALID_URL]: Invalid URL
[NEW OSE SYSTEMS] 23-03-29 13-30-34 ERROR : an error has occured when trying to get the data balance for 846670852 TypeError [ERR_INVALID_URL]: Invalid URL
[NEW OSE SYSTEMS] 23-03-29 13-30-34 ERROR : an error has occured when trying to get the data balance for 846670852 TypeError [ERR_INVALID_URL]: Invalid URL
[NEW OSE SYSTEMS] 23-03-29 13-31-29 ERROR : an error has occured when trying to get the data balance for 846670852 TypeError [ERR_INVALID_URL]: Invalid URL
[NEW OSE SYSTEMS] 23-03-29 13-31-29 ERROR : an error has occured when trying to get the data balance for 846670852 TypeError [ERR_INVALID_URL]: Invalid URL
[NEW OSE SYSTEMS] 23-03-29 13-31-45 ERROR : an error has occured when trying to get the data balance for 846670852 TypeError [ERR_INVALID_URL]: Invalid URL
[NEW OSE SYSTEMS] 23-03-29 13-31-45 ERROR : an error has occured when trying to get the data balance for 846670852 TypeError [ERR_INVALID_URL]: Invalid URL
[NEW OSE SYSTEMS] 23-03-29 13-34-53 ERROR : an error has occured when trying to get the data balance for 846670852 TypeError [ERR_INVALID_URL]: Invalid URL
[NEW OSE SYSTEMS] 23-03-29 13-34-53 ERROR : an error has occured when trying to get the data balance for 846670852 TypeError [ERR_INVALID_URL]: Invalid URL
[NEW OSE SYSTEMS] 23-03-29 13-36-52 ERROR : an error has occured when trying to get the data balance for 846670852 TypeError [ERR_INVALID_URL]: Invalid URL
[NEW OSE SYSTEMS] 23-03-29 13-36-52 ERROR : an error has occured when trying to get the data balance for 846670852 TypeError [ERR_INVALID_URL]: Invalid URL
[NEW OSE SYSTEMS] 23-03-29 13-38-39 ERROR : an error has occured when calling the balance manager class get customer balance method TypeError: targetTab[0]?.split(...)?.split is not a function
[NEW OSE SYSTEMS] 23-03-29 13-38-39 ERROR : an error has occured when calling the balance manager class get customer balance method TypeError: targetTab[0]?.split(...)?.split is not a function
[NEW OSE SYSTEMS] 23-03-29 14-11-12 ERROR : an error has occured when calling the balance manager class get customer balance method TypeError: targetTab[0]?.split(...)?.split is not a function
[NEW OSE SYSTEMS] 23-03-29 14-11-12 ERROR : an error has occured when calling the balance manager class get customer balance method TypeError: targetTab[0]?.split(...)?.split is not a function
[NEW OSE SYSTEMS] 23-03-29 14-12-15 ERROR : an error has occured when calling the balance manager class get customer balance method TypeError: targetTab[0]?.split(...)?.split is not a function
[NEW OSE SYSTEMS] 23-03-29 14-12-15 ERROR : an error has occured when calling the balance manager class get customer balance method TypeError: targetTab[0]?.split(...)?.split is not a function
[NEW OSE SYSTEMS] 23-03-29 14-13-08 ERROR : an error has occured when calling the balance manager class get customer balance method TypeError: targetTab[0]?.split(...)?.split is not a function
[NEW OSE SYSTEMS] 23-03-29 14-13-08 ERROR : an error has occured when calling the balance manager class get customer balance method TypeError: targetTab[0]?.split(...)?.split is not a function
[NEW OSE SYSTEMS] 23-03-29 14-13-33 ERROR : an error has occured when calling the balance manager class get customer balance method TypeError: targetTab[0]?.split(...)?.split is not a function
[NEW OSE SYSTEMS] 23-03-29 14-13-33 ERROR : an error has occured when calling the balance manager class get customer balance method TypeError: targetTab[0]?.split(...)?.split is not a function
[NEW OSE SYSTEMS] 23-03-29 14-15-11 ERROR : an error has occured when calling the balance manager class get customer balance method TypeError: Cannot read properties of undefined (reading 'split')
[NEW OSE SYSTEMS] 23-03-29 14-15-11 ERROR : an error has occured when calling the balance manager class get customer balance method TypeError: Cannot read properties of undefined (reading 'split')
[NEW OSE SYSTEMS] 23-03-29 14-16-46 ERROR : an error has occured when calling the balance manager class get customer balance method TypeError: Cannot read properties of undefined (reading 'split')
[NEW OSE SYSTEMS] 23-03-29 14-16-46 ERROR : an error has occured when calling the balance manager class get customer balance method TypeError: Cannot read properties of undefined (reading 'split')
[NEW OSE SYSTEMS] 23-03-29 14-17-36 ERROR : an error has occured when calling the balance manager class get customer balance method TypeError: Cannot read properties of undefined (reading 'split')
[NEW OSE SYSTEMS] 23-03-29 14-17-36 ERROR : an error has occured when calling the balance manager class get customer balance method TypeError: Cannot read properties of undefined (reading 'split')
[NEW OSE SYSTEMS] 23-03-29 14-26-02 ERROR : an error has occured when calling the balance manager class get customer balance method TypeError: Cannot read properties of undefined (reading 'split')
[NEW OSE SYSTEMS] 23-03-29 14-26-02 ERROR : an error has occured when calling the balance manager class get customer balance method TypeError: Cannot read properties of undefined (reading 'split')
[NEW OSE SYSTEMS] 23-03-29 14-26-33 ERROR : an error has occured when calling the balance manager class get customer balance method TypeError: Cannot read properties of undefined (reading 'split')
[NEW OSE SYSTEMS] 23-03-29 14-26-33 ERROR : an error has occured when calling the balance manager class get customer balance method TypeError: Cannot read properties of undefined (reading 'split')
[NEW OSE SYSTEMS] 23-03-29 14-31-44 ERROR : an error has occured when calling the balance manager class get customer balance method TypeError: Cannot read properties of undefined (reading 'split')
[NEW OSE SYSTEMS] 23-03-29 14-31-44 ERROR : an error has occured when calling the balance manager class get customer balance method TypeError: Cannot read properties of undefined (reading 'split')
[NEW OSE SYSTEMS] 23-03-29 23-12-47 ERROR : an error has occured when trying to invoke offerManager getgroups list ReferenceError: XLSX is not defined
[NEW OSE SYSTEMS] 23-03-29 23-44-24 ERROR : an error has occured when trying to invoke offerManager getgroups list TypeError: Cannot read properties of undefined (reading 'NaN')
