[NEW OSE SYSTEMS] 23-04-07 07-57-09 ERROR : an error has occured when getting the account code TypeError: Cannot read properties of undefined (reading '_text')
[NEW OSE SYSTEMS] 23-04-07 07-57-09 ERROR : an error has occured when getting the customer name TypeError: Cannot read properties of undefined (reading '_text')
[NEW OSE SYSTEMS] 23-04-07 07-57-09 ERROR : an error has occured when getting the customer name TypeError: Cannot read properties of undefined (reading '_text')
[NEW OSE SYSTEMS] 23-04-07 07-57-09 ERROR : an error has occured when getting the customer name TypeError: Cannot read properties of undefined (reading 'BalDto')
[NEW OSE SYSTEMS] 23-04-07 07-57-09 ERROR : an error has occured when getting the account code TypeError: Cannot read properties of undefined (reading '_text')
[NEW OSE SYSTEMS] 23-04-07 07-57-09 ERROR : an error has occured when getting the customer name TypeError: Cannot read properties of undefined (reading '_text')
[NEW OSE SYSTEMS] 23-04-07 07-57-09 ERROR : an error has occured when getting the customer name TypeError: Cannot read properties of undefined (reading '_text')
[NEW OSE SYSTEMS] 23-04-07 07-57-09 ERROR : an error has occured when getting the customer name TypeError: Cannot read properties of undefined (reading 'BalDto')
[NEW OSE SYSTEMS] 23-04-07 08-04-36 ERROR : an error has occured when getting the account code TypeError: Cannot read properties of undefined (reading '_text')
[NEW OSE SYSTEMS] 23-04-07 08-04-36 ERROR : an error has occured when getting the customer name TypeError: Cannot read properties of undefined (reading '_text')
[NEW OSE SYSTEMS] 23-04-07 08-04-36 ERROR : an error has occured when getting the customer name TypeError: Cannot read properties of undefined (reading '_text')
[NEW OSE SYSTEMS] 23-04-07 08-04-36 ERROR : an error has occured when getting the customer name TypeError: Cannot read properties of undefined (reading 'BalDto')
[NEW OSE SYSTEMS] 23-04-07 08-06-34 ERROR : an error has occured when getting the account code TypeError: Cannot read properties of undefined (reading '_text')
[NEW OSE SYSTEMS] 23-04-07 08-06-34 ERROR : an error has occured when getting the customer name TypeError: Cannot read properties of undefined (reading '_text')
[NEW OSE SYSTEMS] 23-04-07 08-06-34 ERROR : an error has occured when getting the customer name TypeError: Cannot read properties of undefined (reading '_text')
[NEW OSE SYSTEMS] 23-04-07 08-06-34 ERROR : an error has occured when getting the customer name TypeError: Cannot read properties of undefined (reading 'BalDto')
[NEW OSE SYSTEMS] 23-04-07 08-06-52 ERROR : an error has occured when getting the account code TypeError: Cannot read properties of undefined (reading '_text')
[NEW OSE SYSTEMS] 23-04-07 08-06-52 ERROR : an error has occured when getting the customer name TypeError: Cannot read properties of undefined (reading '_text')
[NEW OSE SYSTEMS] 23-04-07 08-06-52 ERROR : an error has occured when getting the customer name TypeError: Cannot read properties of undefined (reading '_text')
[NEW OSE SYSTEMS] 23-04-07 08-06-52 ERROR : an error has occured when getting the customer name TypeError: Cannot read properties of undefined (reading 'BalDto')
[NEW OSE SYSTEMS] 23-04-07 08-07-19 ERROR : an error has occured when getting the account code TypeError: Cannot read properties of undefined (reading '_text')
[NEW OSE SYSTEMS] 23-04-07 08-07-19 ERROR : an error has occured when getting the customer name TypeError: Cannot read properties of undefined (reading '_text')
[NEW OSE SYSTEMS] 23-04-07 08-07-19 ERROR : an error has occured when getting the customer name TypeError: Cannot read properties of undefined (reading '_text')
[NEW OSE SYSTEMS] 23-04-07 08-07-19 ERROR : an error has occured when getting the customer name TypeError: Cannot read properties of undefined (reading 'BalDto')
[NEW OSE SYSTEMS] 23-04-07 08-08-19 ERROR : an error has occured when getting the account code TypeError: Cannot read properties of undefined (reading '_text')
[NEW OSE SYSTEMS] 23-04-07 08-08-19 ERROR : an error has occured when getting the customer name TypeError: Cannot read properties of undefined (reading '_text')
[NEW OSE SYSTEMS] 23-04-07 08-08-19 ERROR : an error has occured when getting the customer name TypeError: Cannot read properties of undefined (reading '_text')
[NEW OSE SYSTEMS] 23-04-07 08-08-19 ERROR : an error has occured when getting the customer name TypeError: Cannot read properties of undefined (reading 'BalDto')
[NEW OSE SYSTEMS] 23-04-07 08-35-20 ERROR : an error has occured when getting the account code TypeError: Cannot read properties of undefined (reading '_text')
[NEW OSE SYSTEMS] 23-04-07 08-35-20 ERROR : an error has occured when getting the customer name TypeError: Cannot read properties of undefined (reading '_text')
[NEW OSE SYSTEMS] 23-04-07 08-35-20 ERROR : an error has occured when getting the customer name TypeError: Cannot read properties of undefined (reading '_text')
[NEW OSE SYSTEMS] 23-04-07 08-35-20 ERROR : an error has occured when getting the customer name TypeError: Cannot read properties of undefined (reading 'BalDto')
[NEW OSE SYSTEMS] 23-04-07 08-35-20 ERROR : an error has occured when getting the account code TypeError: Cannot read properties of undefined (reading '_text')
[NEW OSE SYSTEMS] 23-04-07 08-35-20 ERROR : an error has occured when getting the customer name TypeError: Cannot read properties of undefined (reading '_text')
[NEW OSE SYSTEMS] 23-04-07 08-35-20 ERROR : an error has occured when getting the customer name TypeError: Cannot read properties of undefined (reading '_text')
[NEW OSE SYSTEMS] 23-04-07 08-35-20 ERROR : an error has occured when getting the customer name TypeError: Cannot read properties of undefined (reading 'BalDto')
[NEW OSE SYSTEMS] 23-04-07 08-37-35 ERROR : an error has occured when getting the account code TypeError: Cannot read properties of undefined (reading '_text')
[NEW OSE SYSTEMS] 23-04-07 08-37-35 ERROR : an error has occured when getting the customer name TypeError: Cannot read properties of undefined (reading '_text')
[NEW OSE SYSTEMS] 23-04-07 08-37-35 ERROR : an error has occured when getting the customer name TypeError: Cannot read properties of undefined (reading '_text')
[NEW OSE SYSTEMS] 23-04-07 08-37-35 ERROR : an error has occured when getting the customer name TypeError: Cannot read properties of undefined (reading 'BalDto')
[NEW OSE SYSTEMS] 23-04-07 08-37-55 ERROR : an error has occured when getting the account code TypeError: Cannot read properties of undefined (reading '_text')
[NEW OSE SYSTEMS] 23-04-07 08-37-55 ERROR : an error has occured when getting the customer name TypeError: Cannot read properties of undefined (reading '_text')
[NEW OSE SYSTEMS] 23-04-07 08-37-55 ERROR : an error has occured when getting the customer name TypeError: Cannot read properties of undefined (reading '_text')
[NEW OSE SYSTEMS] 23-04-07 08-37-55 ERROR : an error has occured when getting the customer name TypeError: Cannot read properties of undefined (reading 'BalDto')
[NEW OSE SYSTEMS] 23-04-07 08-39-05 ERROR : an error has occured when getting the account code TypeError: Cannot read properties of undefined (reading '_text')
[NEW OSE SYSTEMS] 23-04-07 08-39-05 ERROR : an error has occured when getting the customer name TypeError: Cannot read properties of undefined (reading '_text')
[NEW OSE SYSTEMS] 23-04-07 08-39-05 ERROR : an error has occured when getting the customer name TypeError: Cannot read properties of undefined (reading '_text')
[NEW OSE SYSTEMS] 23-04-07 08-39-05 ERROR : an error has occured when getting the customer name TypeError: Cannot read properties of undefined (reading 'BalDto')
[NEW OSE SYSTEMS] 23-04-07 08-40-29 ERROR : an error has occured when getting the account code TypeError: Cannot read properties of undefined (reading '_text')
[NEW OSE SYSTEMS] 23-04-07 08-40-29 ERROR : an error has occured when getting the customer name TypeError: Cannot read properties of undefined (reading '_text')
[NEW OSE SYSTEMS] 23-04-07 08-40-29 ERROR : an error has occured when getting the customer name TypeError: Cannot read properties of undefined (reading '_text')
[NEW OSE SYSTEMS] 23-04-07 08-40-29 ERROR : an error has occured when getting the customer name TypeError: Cannot read properties of undefined (reading 'BalDto')
[NEW OSE SYSTEMS] 23-04-07 08-40-43 ERROR : an error has occured when getting the account code TypeError: Cannot read properties of undefined (reading '_text')
[NEW OSE SYSTEMS] 23-04-07 08-40-43 ERROR : an error has occured when getting the customer name TypeError: Cannot read properties of undefined (reading '_text')
[NEW OSE SYSTEMS] 23-04-07 08-40-43 ERROR : an error has occured when getting the customer name TypeError: Cannot read properties of undefined (reading '_text')
[NEW OSE SYSTEMS] 23-04-07 08-40-43 ERROR : an error has occured when getting the customer name TypeError: Cannot read properties of undefined (reading 'BalDto')
[NEW OSE SYSTEMS] 23-04-07 08-40-56 ERROR : an error has occured when getting the account code TypeError: Cannot read properties of undefined (reading '_text')
[NEW OSE SYSTEMS] 23-04-07 08-40-56 ERROR : an error has occured when getting the customer name TypeError: Cannot read properties of undefined (reading '_text')
[NEW OSE SYSTEMS] 23-04-07 08-40-56 ERROR : an error has occured when getting the customer name TypeError: Cannot read properties of undefined (reading '_text')
[NEW OSE SYSTEMS] 23-04-07 08-40-56 ERROR : an error has occured when getting the customer name TypeError: Cannot read properties of undefined (reading 'BalDto')
[NEW OSE SYSTEMS] 23-04-07 08-40-57 ERROR : an error has occured when getting the account code TypeError: Cannot read properties of undefined (reading '_text')
[NEW OSE SYSTEMS] 23-04-07 08-40-57 ERROR : an error has occured when getting the customer name TypeError: Cannot read properties of undefined (reading '_text')
[NEW OSE SYSTEMS] 23-04-07 08-40-57 ERROR : an error has occured when getting the customer name TypeError: Cannot read properties of undefined (reading '_text')
[NEW OSE SYSTEMS] 23-04-07 08-40-57 ERROR : an error has occured when getting the customer name TypeError: Cannot read properties of undefined (reading 'BalDto')
[NEW OSE SYSTEMS] 23-04-07 09-43-38 ERROR : an error has occured when getting the account code TypeError: Cannot read properties of undefined (reading '_text')
[NEW OSE SYSTEMS] 23-04-07 09-43-38 ERROR : an error has occured when getting the customer name TypeError: Cannot read properties of undefined (reading '_text')
[NEW OSE SYSTEMS] 23-04-07 09-43-38 ERROR : an error has occured when getting the customer name TypeError: Cannot read properties of undefined (reading '_text')
[NEW OSE SYSTEMS] 23-04-07 09-43-38 ERROR : an error has occured when getting the customer name TypeError: Cannot read properties of undefined (reading 'BalDto')
[NEW OSE SYSTEMS] 23-04-07 09-43-39 ERROR : an error has occured when getting the account code TypeError: Cannot read properties of undefined (reading '_text')
[NEW OSE SYSTEMS] 23-04-07 09-43-39 ERROR : an error has occured when getting the customer name TypeError: Cannot read properties of undefined (reading '_text')
[NEW OSE SYSTEMS] 23-04-07 09-43-39 ERROR : an error has occured when getting the customer name TypeError: Cannot read properties of undefined (reading '_text')
[NEW OSE SYSTEMS] 23-04-07 09-43-39 ERROR : an error has occured when getting the customer name TypeError: Cannot read properties of undefined (reading 'BalDto')
[NEW OSE SYSTEMS] 23-04-07 09-47-31 ERROR : an error has occured when getting the account code TypeError: Cannot read properties of undefined (reading '_text')
[NEW OSE SYSTEMS] 23-04-07 09-47-31 ERROR : an error has occured when getting the customer name TypeError: Cannot read properties of undefined (reading '_text')
[NEW OSE SYSTEMS] 23-04-07 09-47-31 ERROR : an error has occured when getting the customer name TypeError: Cannot read properties of undefined (reading '_text')
[NEW OSE SYSTEMS] 23-04-07 09-47-31 ERROR : an error has occured when getting the customer name TypeError: Cannot read properties of undefined (reading 'BalDto')
[NEW OSE SYSTEMS] 23-04-07 09-48-07 ERROR : an error has occured when getting the account code TypeError: Cannot read properties of undefined (reading '_text')
[NEW OSE SYSTEMS] 23-04-07 09-48-07 ERROR : an error has occured when getting the customer name TypeError: Cannot read properties of undefined (reading '_text')
[NEW OSE SYSTEMS] 23-04-07 09-48-07 ERROR : an error has occured when getting the customer name TypeError: Cannot read properties of undefined (reading '_text')
[NEW OSE SYSTEMS] 23-04-07 09-48-07 ERROR : an error has occured when getting the customer name TypeError: Cannot read properties of undefined (reading 'BalDto')
[NEW OSE SYSTEMS] 23-04-07 09-50-02 ERROR : an error has occured when getting the account code TypeError: Cannot read properties of undefined (reading '_text')
[NEW OSE SYSTEMS] 23-04-07 09-50-02 ERROR : an error has occured when getting the customer name TypeError: Cannot read properties of undefined (reading '_text')
[NEW OSE SYSTEMS] 23-04-07 09-50-02 ERROR : an error has occured when getting the customer name TypeError: Cannot read properties of undefined (reading '_text')
[NEW OSE SYSTEMS] 23-04-07 09-50-02 ERROR : an error has occured when getting the customer name TypeError: Cannot read properties of undefined (reading 'BalDto')
[NEW OSE SYSTEMS] 23-04-07 09-50-03 ERROR : an error has occured when getting the account code TypeError: Cannot read properties of undefined (reading '_text')
[NEW OSE SYSTEMS] 23-04-07 09-50-03 ERROR : an error has occured when getting the customer name TypeError: Cannot read properties of undefined (reading '_text')
[NEW OSE SYSTEMS] 23-04-07 09-50-03 ERROR : an error has occured when getting the customer name TypeError: Cannot read properties of undefined (reading '_text')
[NEW OSE SYSTEMS] 23-04-07 09-50-03 ERROR : an error has occured when getting the customer name TypeError: Cannot read properties of undefined (reading 'BalDto')
[NEW OSE SYSTEMS] 23-04-07 09-56-43 ERROR : an error has occured when getting the account code TypeError: Cannot read properties of undefined (reading '_text')
[NEW OSE SYSTEMS] 23-04-07 09-56-43 ERROR : an error has occured when getting the customer name TypeError: Cannot read properties of undefined (reading '_text')
[NEW OSE SYSTEMS] 23-04-07 09-56-43 ERROR : an error has occured when getting the customer name TypeError: Cannot read properties of undefined (reading '_text')
[NEW OSE SYSTEMS] 23-04-07 09-56-43 ERROR : an error has occured when getting the customer name TypeError: Cannot read properties of undefined (reading 'BalDto')
[NEW OSE SYSTEMS] 23-04-07 09-56-50 ERROR : an error has occured when getting the account code TypeError: Cannot read properties of undefined (reading '_text')
[NEW OSE SYSTEMS] 23-04-07 09-56-50 ERROR : an error has occured when getting the customer name TypeError: Cannot read properties of undefined (reading '_text')
[NEW OSE SYSTEMS] 23-04-07 09-56-50 ERROR : an error has occured when getting the customer name TypeError: Cannot read properties of undefined (reading '_text')
[NEW OSE SYSTEMS] 23-04-07 09-56-50 ERROR : an error has occured when getting the customer name TypeError: Cannot read properties of undefined (reading 'BalDto')
[NEW OSE SYSTEMS] 23-04-07 09-56-57 ERROR : an error has occured when getting the account code TypeError: Cannot read properties of undefined (reading '_text')
[NEW OSE SYSTEMS] 23-04-07 09-56-57 ERROR : an error has occured when getting the customer name TypeError: Cannot read properties of undefined (reading '_text')
[NEW OSE SYSTEMS] 23-04-07 09-56-57 ERROR : an error has occured when getting the customer name TypeError: Cannot read properties of undefined (reading '_text')
[NEW OSE SYSTEMS] 23-04-07 09-56-57 ERROR : an error has occured when getting the customer name TypeError: Cannot read properties of undefined (reading 'BalDto')
[NEW OSE SYSTEMS] 23-04-07 09-58-02 ERROR : an error has occured when trying to get the account code for customer 243846670852 AxiosError: Request failed with status code 500
[NEW OSE SYSTEMS] 23-04-07 09-59-16 ERROR : an error has occured when getting the account code TypeError: Cannot read properties of undefined (reading '_text')
[NEW OSE SYSTEMS] 23-04-07 09-59-16 ERROR : an error has occured when getting the customer name TypeError: Cannot read properties of undefined (reading '_text')
[NEW OSE SYSTEMS] 23-04-07 09-59-16 ERROR : an error has occured when getting the customer name TypeError: Cannot read properties of undefined (reading '_text')
[NEW OSE SYSTEMS] 23-04-07 09-59-16 ERROR : an error has occured when getting the customer name TypeError: Cannot read properties of undefined (reading 'BalDto')
[NEW OSE SYSTEMS] 23-04-07 09-59-22 ERROR : an error has occured when getting the account code TypeError: Cannot read properties of undefined (reading '_text')
[NEW OSE SYSTEMS] 23-04-07 09-59-22 ERROR : an error has occured when getting the customer name TypeError: Cannot read properties of undefined (reading '_text')
[NEW OSE SYSTEMS] 23-04-07 09-59-22 ERROR : an error has occured when getting the customer name TypeError: Cannot read properties of undefined (reading '_text')
[NEW OSE SYSTEMS] 23-04-07 09-59-22 ERROR : an error has occured when getting the customer name TypeError: Cannot read properties of undefined (reading 'BalDto')
[NEW OSE SYSTEMS] 23-04-07 10-02-38 ERROR : an error has occured when trying to get the account code for customer 243846670852 AxiosError: Request failed with status code 500
[NEW OSE SYSTEMS] 23-04-07 10-02-41 ERROR : an error has occured when trying to get the account code for customer 243846670852 AxiosError: Request failed with status code 500
[NEW OSE SYSTEMS] 23-04-07 10-02-42 ERROR : an error has occured when trying to get the account code for customer 243846670852 AxiosError: Request failed with status code 500
[NEW OSE SYSTEMS] 23-04-07 10-04-19 ERROR : an error has occured when getting the account code TypeError: Cannot read properties of undefined (reading '_text')
[NEW OSE SYSTEMS] 23-04-07 10-04-19 ERROR : an error has occured when getting the customer name TypeError: Cannot read properties of undefined (reading '_text')
[NEW OSE SYSTEMS] 23-04-07 10-04-19 ERROR : an error has occured when getting the customer name TypeError: Cannot read properties of undefined (reading '_text')
[NEW OSE SYSTEMS] 23-04-07 10-04-19 ERROR : an error has occured when getting the customer name TypeError: Cannot read properties of undefined (reading 'BalDto')
[NEW OSE SYSTEMS] 23-04-07 10-05-43 ERROR : an error has occured when trying to get the account code for customer 243846670852 AxiosError: Request failed with status code 500
[NEW OSE SYSTEMS] 23-04-07 10-06-18 ERROR : an error has occured when getting the account code TypeError: Cannot read properties of undefined (reading '_text')
[NEW OSE SYSTEMS] 23-04-07 10-06-18 ERROR : an error has occured when getting the customer name TypeError: Cannot read properties of undefined (reading '_text')
[NEW OSE SYSTEMS] 23-04-07 10-06-18 ERROR : an error has occured when getting the customer name TypeError: Cannot read properties of undefined (reading '_text')
[NEW OSE SYSTEMS] 23-04-07 10-06-18 ERROR : an error has occured when getting the customer name TypeError: Cannot read properties of undefined (reading 'BalDto')
[NEW OSE SYSTEMS] 23-04-07 10-06-18 ERROR : an error has occured when getting the account code TypeError: Cannot read properties of undefined (reading '_text')
[NEW OSE SYSTEMS] 23-04-07 10-06-18 ERROR : an error has occured when getting the customer name TypeError: Cannot read properties of undefined (reading '_text')
[NEW OSE SYSTEMS] 23-04-07 10-06-18 ERROR : an error has occured when getting the customer name TypeError: Cannot read properties of undefined (reading '_text')
[NEW OSE SYSTEMS] 23-04-07 10-06-18 ERROR : an error has occured when getting the customer name TypeError: Cannot read properties of undefined (reading 'BalDto')
[NEW OSE SYSTEMS] 23-04-07 10-06-35 ERROR : an error has occured when getting the account code TypeError: Cannot read properties of undefined (reading '_text')
[NEW OSE SYSTEMS] 23-04-07 10-06-35 ERROR : an error has occured when getting the customer name TypeError: Cannot read properties of undefined (reading '_text')
[NEW OSE SYSTEMS] 23-04-07 10-06-35 ERROR : an error has occured when getting the customer name TypeError: Cannot read properties of undefined (reading '_text')
[NEW OSE SYSTEMS] 23-04-07 10-06-35 ERROR : an error has occured when getting the customer name TypeError: Cannot read properties of undefined (reading 'BalDto')
[NEW OSE SYSTEMS] 23-04-07 10-06-49 ERROR : an error has occured when getting the account code TypeError: Cannot read properties of undefined (reading '_text')
[NEW OSE SYSTEMS] 23-04-07 10-06-49 ERROR : an error has occured when getting the customer name TypeError: Cannot read properties of undefined (reading '_text')
[NEW OSE SYSTEMS] 23-04-07 10-06-49 ERROR : an error has occured when getting the customer name TypeError: Cannot read properties of undefined (reading '_text')
[NEW OSE SYSTEMS] 23-04-07 10-06-49 ERROR : an error has occured when getting the customer name TypeError: Cannot read properties of undefined (reading 'BalDto')
[NEW OSE SYSTEMS] 23-04-07 10-07-07 ERROR : an error has occured when getting the account code TypeError: Cannot read properties of undefined (reading '_text')
[NEW OSE SYSTEMS] 23-04-07 10-07-07 ERROR : an error has occured when getting the customer name TypeError: Cannot read properties of undefined (reading '_text')
[NEW OSE SYSTEMS] 23-04-07 10-07-07 ERROR : an error has occured when getting the customer name TypeError: Cannot read properties of undefined (reading '_text')
[NEW OSE SYSTEMS] 23-04-07 10-07-07 ERROR : an error has occured when getting the customer name TypeError: Cannot read properties of undefined (reading 'BalDto')
[NEW OSE SYSTEMS] 23-04-07 10-09-53 ERROR : an error has occured when getting the account code TypeError: Cannot read properties of undefined (reading '_text')
[NEW OSE SYSTEMS] 23-04-07 10-09-53 ERROR : an error has occured when getting the customer name TypeError: Cannot read properties of undefined (reading '_text')
[NEW OSE SYSTEMS] 23-04-07 10-09-53 ERROR : an error has occured when getting the customer name TypeError: Cannot read properties of undefined (reading '_text')
[NEW OSE SYSTEMS] 23-04-07 10-09-53 ERROR : an error has occured when getting the customer name TypeError: Cannot read properties of undefined (reading 'BalDto')
[NEW OSE SYSTEMS] 23-04-07 10-09-53 ERROR : an error has occured when getting the account code TypeError: Cannot read properties of undefined (reading '_text')
[NEW OSE SYSTEMS] 23-04-07 10-09-53 ERROR : an error has occured when getting the customer name TypeError: Cannot read properties of undefined (reading '_text')
[NEW OSE SYSTEMS] 23-04-07 10-09-53 ERROR : an error has occured when getting the customer name TypeError: Cannot read properties of undefined (reading '_text')
[NEW OSE SYSTEMS] 23-04-07 10-09-53 ERROR : an error has occured when getting the customer name TypeError: Cannot read properties of undefined (reading 'BalDto')
[NEW OSE SYSTEMS] 23-04-07 10-11-56 ERROR : an error has occured when getting the account code TypeError: Cannot read properties of undefined (reading '_text')
[NEW OSE SYSTEMS] 23-04-07 10-11-56 ERROR : an error has occured when getting the customer name TypeError: Cannot read properties of undefined (reading '_text')
[NEW OSE SYSTEMS] 23-04-07 10-11-57 ERROR : an error has occured when getting the customer name TypeError: Cannot read properties of undefined (reading '_text')
[NEW OSE SYSTEMS] 23-04-07 10-11-57 ERROR : an error has occured when getting the customer name TypeError: Cannot read properties of undefined (reading 'BalDto')
[NEW OSE SYSTEMS] 23-04-07 10-12-25 ERROR : an error has occured when getting the account code TypeError: Cannot read properties of undefined (reading '_text')
[NEW OSE SYSTEMS] 23-04-07 10-12-25 ERROR : an error has occured when getting the customer name TypeError: Cannot read properties of undefined (reading '_text')
[NEW OSE SYSTEMS] 23-04-07 10-12-25 ERROR : an error has occured when getting the customer name TypeError: Cannot read properties of undefined (reading '_text')
[NEW OSE SYSTEMS] 23-04-07 10-12-25 ERROR : an error has occured when getting the customer name TypeError: Cannot read properties of undefined (reading 'BalDto')
[NEW OSE SYSTEMS] 23-04-07 10-14-32 ERROR : an error has occured when getting the account code TypeError: Cannot read properties of undefined (reading '_text')
[NEW OSE SYSTEMS] 23-04-07 10-14-32 ERROR : an error has occured when getting the customer name TypeError: Cannot read properties of undefined (reading '_text')
[NEW OSE SYSTEMS] 23-04-07 10-14-32 ERROR : an error has occured when getting the customer name TypeError: Cannot read properties of undefined (reading '_text')
[NEW OSE SYSTEMS] 23-04-07 10-14-32 ERROR : an error has occured when getting the customer name TypeError: Cannot read properties of undefined (reading 'BalDto')
[NEW OSE SYSTEMS] 23-04-07 10-15-10 ERROR : an error has occured when getting the account code TypeError: Cannot read properties of undefined (reading '_text')
[NEW OSE SYSTEMS] 23-04-07 10-15-10 ERROR : an error has occured when getting the customer name TypeError: Cannot read properties of undefined (reading '_text')
[NEW OSE SYSTEMS] 23-04-07 10-15-10 ERROR : an error has occured when getting the customer name TypeError: Cannot read properties of undefined (reading '_text')
[NEW OSE SYSTEMS] 23-04-07 10-15-10 ERROR : an error has occured when getting the customer name TypeError: Cannot read properties of undefined (reading 'BalDto')
[NEW OSE SYSTEMS] 23-04-07 10-15-51 ERROR : an error has occured when getting the account code TypeError: Cannot read properties of undefined (reading '_text')
[NEW OSE SYSTEMS] 23-04-07 10-15-51 ERROR : an error has occured when getting the customer name TypeError: Cannot read properties of undefined (reading '_text')
[NEW OSE SYSTEMS] 23-04-07 10-15-51 ERROR : an error has occured when getting the customer name TypeError: Cannot read properties of undefined (reading '_text')
[NEW OSE SYSTEMS] 23-04-07 10-15-51 ERROR : an error has occured when getting the customer name TypeError: Cannot read properties of undefined (reading 'BalDto')
[NEW OSE SYSTEMS] 23-04-07 10-20-57 ERROR : an error has occured when getting the account code TypeError: Cannot read properties of undefined (reading '_text')
[NEW OSE SYSTEMS] 23-04-07 10-20-57 ERROR : an error has occured when getting the customer name TypeError: Cannot read properties of undefined (reading '_text')
[NEW OSE SYSTEMS] 23-04-07 10-20-57 ERROR : an error has occured when getting the customer name TypeError: Cannot read properties of undefined (reading '_text')
[NEW OSE SYSTEMS] 23-04-07 10-20-57 ERROR : an error has occured when getting the customer name TypeError: Cannot read properties of undefined (reading 'BalDto')
[NEW OSE SYSTEMS] 23-04-07 10-20-58 ERROR : an error has occured when getting the account code TypeError: Cannot read properties of undefined (reading '_text')
[NEW OSE SYSTEMS] 23-04-07 10-20-58 ERROR : an error has occured when getting the customer name TypeError: Cannot read properties of undefined (reading '_text')
[NEW OSE SYSTEMS] 23-04-07 10-20-58 ERROR : an error has occured when getting the customer name TypeError: Cannot read properties of undefined (reading '_text')
[NEW OSE SYSTEMS] 23-04-07 10-20-58 ERROR : an error has occured when getting the customer name TypeError: Cannot read properties of undefined (reading 'BalDto')
[NEW OSE SYSTEMS] 23-04-07 10-23-11 ERROR : an error has occured when getting the account code TypeError: Cannot read properties of undefined (reading '_text')
[NEW OSE SYSTEMS] 23-04-07 10-23-11 ERROR : an error has occured when getting the customer name TypeError: Cannot read properties of undefined (reading '_text')
[NEW OSE SYSTEMS] 23-04-07 10-23-11 ERROR : an error has occured when getting the customer name TypeError: Cannot read properties of undefined (reading '_text')
[NEW OSE SYSTEMS] 23-04-07 10-23-11 ERROR : an error has occured when getting the customer name TypeError: Cannot read properties of undefined (reading 'BalDto')
[NEW OSE SYSTEMS] 23-04-07 10-23-12 ERROR : an error has occured when getting the account code TypeError: Cannot read properties of undefined (reading '_text')
[NEW OSE SYSTEMS] 23-04-07 10-23-12 ERROR : an error has occured when getting the customer name TypeError: Cannot read properties of undefined (reading '_text')
[NEW OSE SYSTEMS] 23-04-07 10-23-12 ERROR : an error has occured when getting the customer name TypeError: Cannot read properties of undefined (reading '_text')
[NEW OSE SYSTEMS] 23-04-07 10-23-12 ERROR : an error has occured when getting the customer name TypeError: Cannot read properties of undefined (reading 'BalDto')
[NEW OSE SYSTEMS] 23-04-07 10-26-47 ERROR : an error has occured when getting the account code TypeError: Cannot read properties of undefined (reading '_text')
[NEW OSE SYSTEMS] 23-04-07 10-26-47 ERROR : an error has occured when getting the customer name TypeError: Cannot read properties of undefined (reading '_text')
[NEW OSE SYSTEMS] 23-04-07 10-26-47 ERROR : an error has occured when getting the customer name TypeError: Cannot read properties of undefined (reading '_text')
[NEW OSE SYSTEMS] 23-04-07 10-26-47 ERROR : an error has occured when getting the customer name TypeError: Cannot read properties of undefined (reading 'BalDto')
[NEW OSE SYSTEMS] 23-04-07 10-26-48 ERROR : an error has occured when getting the account code TypeError: Cannot read properties of undefined (reading '_text')
[NEW OSE SYSTEMS] 23-04-07 10-26-48 ERROR : an error has occured when getting the customer name TypeError: Cannot read properties of undefined (reading '_text')
[NEW OSE SYSTEMS] 23-04-07 10-26-48 ERROR : an error has occured when getting the customer name TypeError: Cannot read properties of undefined (reading '_text')
[NEW OSE SYSTEMS] 23-04-07 10-26-48 ERROR : an error has occured when getting the customer name TypeError: Cannot read properties of undefined (reading 'BalDto')
[NEW OSE SYSTEMS] 23-04-07 10-29-57 ERROR : an error has occured when getting the account code TypeError: Cannot read properties of undefined (reading '_text')
[NEW OSE SYSTEMS] 23-04-07 10-29-57 ERROR : an error has occured when getting the customer name TypeError: Cannot read properties of undefined (reading '_text')
[NEW OSE SYSTEMS] 23-04-07 10-29-57 ERROR : an error has occured when getting the customer name TypeError: Cannot read properties of undefined (reading '_text')
[NEW OSE SYSTEMS] 23-04-07 10-29-57 ERROR : an error has occured when getting the customer name TypeError: Cannot read properties of undefined (reading 'BalDto')
[NEW OSE SYSTEMS] 23-04-07 10-30-08 ERROR : an error has occured when getting the account code TypeError: Cannot read properties of undefined (reading '_text')
[NEW OSE SYSTEMS] 23-04-07 10-30-08 ERROR : an error has occured when getting the customer name TypeError: Cannot read properties of undefined (reading '_text')
[NEW OSE SYSTEMS] 23-04-07 10-30-08 ERROR : an error has occured when getting the customer name TypeError: Cannot read properties of undefined (reading '_text')
[NEW OSE SYSTEMS] 23-04-07 10-30-08 ERROR : an error has occured when getting the customer name TypeError: Cannot read properties of undefined (reading 'BalDto')
[NEW OSE SYSTEMS] 23-04-07 10-50-57 ERROR : an error has occured when getting the account code TypeError: Cannot read properties of undefined (reading '_text')
[NEW OSE SYSTEMS] 23-04-07 10-50-57 ERROR : an error has occured when getting the customer name TypeError: Cannot read properties of undefined (reading '_text')
[NEW OSE SYSTEMS] 23-04-07 10-50-57 ERROR : an error has occured when getting the customer name TypeError: Cannot read properties of undefined (reading '_text')
[NEW OSE SYSTEMS] 23-04-07 10-50-57 ERROR : an error has occured when getting the customer name TypeError: Cannot read properties of undefined (reading 'BalDto')
[NEW OSE SYSTEMS] 23-04-07 10-50-58 ERROR : an error has occured when getting the account code TypeError: Cannot read properties of undefined (reading '_text')
[NEW OSE SYSTEMS] 23-04-07 10-50-58 ERROR : an error has occured when getting the customer name TypeError: Cannot read properties of undefined (reading '_text')
[NEW OSE SYSTEMS] 23-04-07 10-50-58 ERROR : an error has occured when getting the customer name TypeError: Cannot read properties of undefined (reading '_text')
[NEW OSE SYSTEMS] 23-04-07 10-50-58 ERROR : an error has occured when getting the customer name TypeError: Cannot read properties of undefined (reading 'BalDto')
[NEW OSE SYSTEMS] 23-04-07 11-05-04 ERROR : an error has occured when getting the customer name TypeError: Cannot read properties of undefined (reading 'Balance')
[NEW OSE SYSTEMS] 23-04-07 11-05-58 ERROR : an error has occured when getting the customer name TypeError: Cannot read properties of undefined (reading 'Balance')
[NEW OSE SYSTEMS] 23-04-07 11-07-00 ERROR : an error has occured when getting the customer name TypeError: Cannot read properties of undefined (reading 'Balance')
[NEW OSE SYSTEMS] 23-04-07 11-07-28 ERROR : an error has occured when getting the customer name TypeError: Cannot read properties of undefined (reading 'Balance')
[NEW OSE SYSTEMS] 23-04-07 11-10-01 ERROR : an error has occured when getting the customer name TypeError: Cannot read properties of undefined (reading 'Balance')
[NEW OSE SYSTEMS] 23-04-07 11-10-58 ERROR : an error has occured when getting the customer name TypeError: Cannot read properties of undefined (reading 'Balance')
[NEW OSE SYSTEMS] 23-04-07 11-22-46 ERROR : an error has occured when getting the account code TypeError: Cannot read properties of undefined (reading '_text')
[NEW OSE SYSTEMS] 23-04-07 11-22-46 ERROR : an error has occured when getting the customer name TypeError: Cannot read properties of undefined (reading '_text')
[NEW OSE SYSTEMS] 23-04-07 11-22-46 ERROR : an error has occured when getting the customer name TypeError: Cannot read properties of undefined (reading '_text')
[NEW OSE SYSTEMS] 23-04-07 11-22-46 ERROR : an error has occured when getting the customer name TypeError: Cannot read properties of undefined (reading 'BalDto')
[NEW OSE SYSTEMS] 23-04-07 11-22-46 ERROR : an error has occured when getting the account code TypeError: Cannot read properties of undefined (reading '_text')
[NEW OSE SYSTEMS] 23-04-07 11-22-46 ERROR : an error has occured when getting the customer name TypeError: Cannot read properties of undefined (reading '_text')
[NEW OSE SYSTEMS] 23-04-07 11-22-46 ERROR : an error has occured when getting the customer name TypeError: Cannot read properties of undefined (reading '_text')
[NEW OSE SYSTEMS] 23-04-07 11-22-46 ERROR : an error has occured when getting the customer name TypeError: Cannot read properties of undefined (reading 'BalDto')
[NEW OSE SYSTEMS] 23-04-07 11-23-28 ERROR : an error has occured when getting the account code TypeError: Cannot read properties of undefined (reading '_text')
[NEW OSE SYSTEMS] 23-04-07 11-23-28 ERROR : an error has occured when getting the customer name TypeError: Cannot read properties of undefined (reading '_text')
[NEW OSE SYSTEMS] 23-04-07 11-23-28 ERROR : an error has occured when getting the customer name TypeError: Cannot read properties of undefined (reading '_text')
[NEW OSE SYSTEMS] 23-04-07 11-23-28 ERROR : an error has occured when getting the customer name TypeError: Cannot read properties of undefined (reading 'BalDto')
[NEW OSE SYSTEMS] 23-04-07 11-23-28 ERROR : an error has occured when getting the account code TypeError: Cannot read properties of undefined (reading '_text')
[NEW OSE SYSTEMS] 23-04-07 11-23-28 ERROR : an error has occured when getting the customer name TypeError: Cannot read properties of undefined (reading '_text')
[NEW OSE SYSTEMS] 23-04-07 11-23-28 ERROR : an error has occured when getting the customer name TypeError: Cannot read properties of undefined (reading '_text')
[NEW OSE SYSTEMS] 23-04-07 11-23-28 ERROR : an error has occured when getting the customer name TypeError: Cannot read properties of undefined (reading 'BalDto')
[NEW OSE SYSTEMS] 23-04-07 11-29-39 ERROR : an error has occured when getting the account code TypeError: Cannot read properties of undefined (reading '_text')
[NEW OSE SYSTEMS] 23-04-07 11-29-39 ERROR : an error has occured when getting the customer name TypeError: Cannot read properties of undefined (reading '_text')
[NEW OSE SYSTEMS] 23-04-07 11-29-39 ERROR : an error has occured when getting the customer name TypeError: Cannot read properties of undefined (reading '_text')
[NEW OSE SYSTEMS] 23-04-07 11-29-39 ERROR : an error has occured when getting the customer name TypeError: Cannot read properties of undefined (reading 'BalDto')
[NEW OSE SYSTEMS] 23-04-07 11-29-39 ERROR : an error has occured when getting the account code TypeError: Cannot read properties of undefined (reading '_text')
[NEW OSE SYSTEMS] 23-04-07 11-29-39 ERROR : an error has occured when getting the customer name TypeError: Cannot read properties of undefined (reading '_text')
[NEW OSE SYSTEMS] 23-04-07 11-29-39 ERROR : an error has occured when getting the customer name TypeError: Cannot read properties of undefined (reading '_text')
[NEW OSE SYSTEMS] 23-04-07 11-29-39 ERROR : an error has occured when getting the customer name TypeError: Cannot read properties of undefined (reading 'BalDto')
[NEW OSE SYSTEMS] 23-04-07 11-31-54 ERROR : an error has occured when getting the account code TypeError: Cannot read properties of undefined (reading '_text')
[NEW OSE SYSTEMS] 23-04-07 11-31-54 ERROR : an error has occured when getting the customer name TypeError: Cannot read properties of undefined (reading '_text')
[NEW OSE SYSTEMS] 23-04-07 11-31-54 ERROR : an error has occured when getting the customer name TypeError: Cannot read properties of undefined (reading '_text')
[NEW OSE SYSTEMS] 23-04-07 11-31-54 ERROR : an error has occured when getting the customer name TypeError: Cannot read properties of undefined (reading 'BalDto')
[NEW OSE SYSTEMS] 23-04-07 11-31-54 ERROR : an error has occured when getting the account code TypeError: Cannot read properties of undefined (reading '_text')
[NEW OSE SYSTEMS] 23-04-07 11-31-54 ERROR : an error has occured when getting the customer name TypeError: Cannot read properties of undefined (reading '_text')
[NEW OSE SYSTEMS] 23-04-07 11-31-54 ERROR : an error has occured when getting the customer name TypeError: Cannot read properties of undefined (reading '_text')
[NEW OSE SYSTEMS] 23-04-07 11-31-54 ERROR : an error has occured when getting the customer name TypeError: Cannot read properties of undefined (reading 'BalDto')
[NEW OSE SYSTEMS] 23-04-07 11-32-11 ERROR : an error has occured when getting the account code TypeError: Cannot read properties of undefined (reading '_text')
[NEW OSE SYSTEMS] 23-04-07 11-32-11 ERROR : an error has occured when getting the customer name TypeError: Cannot read properties of undefined (reading '_text')
[NEW OSE SYSTEMS] 23-04-07 11-32-11 ERROR : an error has occured when getting the customer name TypeError: Cannot read properties of undefined (reading '_text')
[NEW OSE SYSTEMS] 23-04-07 11-32-11 ERROR : an error has occured when getting the customer name TypeError: Cannot read properties of undefined (reading 'BalDto')
[NEW OSE SYSTEMS] 23-04-07 11-32-11 ERROR : an error has occured when getting the account code TypeError: Cannot read properties of undefined (reading '_text')
[NEW OSE SYSTEMS] 23-04-07 11-32-11 ERROR : an error has occured when getting the customer name TypeError: Cannot read properties of undefined (reading '_text')
[NEW OSE SYSTEMS] 23-04-07 11-32-11 ERROR : an error has occured when getting the customer name TypeError: Cannot read properties of undefined (reading '_text')
[NEW OSE SYSTEMS] 23-04-07 11-32-11 ERROR : an error has occured when getting the customer name TypeError: Cannot read properties of undefined (reading 'BalDto')
[NEW OSE SYSTEMS] 23-04-07 11-32-20 ERROR : an error has occured when getting the account code TypeError: Cannot read properties of undefined (reading '_text')
[NEW OSE SYSTEMS] 23-04-07 11-32-20 ERROR : an error has occured when getting the customer name TypeError: Cannot read properties of undefined (reading '_text')
[NEW OSE SYSTEMS] 23-04-07 11-32-20 ERROR : an error has occured when getting the customer name TypeError: Cannot read properties of undefined (reading '_text')
[NEW OSE SYSTEMS] 23-04-07 11-32-20 ERROR : an error has occured when getting the customer name TypeError: Cannot read properties of undefined (reading 'BalDto')
[NEW OSE SYSTEMS] 23-04-07 11-32-20 ERROR : an error has occured when getting the account code TypeError: Cannot read properties of undefined (reading '_text')
[NEW OSE SYSTEMS] 23-04-07 11-32-20 ERROR : an error has occured when getting the customer name TypeError: Cannot read properties of undefined (reading '_text')
[NEW OSE SYSTEMS] 23-04-07 11-32-20 ERROR : an error has occured when getting the customer name TypeError: Cannot read properties of undefined (reading '_text')
[NEW OSE SYSTEMS] 23-04-07 11-32-20 ERROR : an error has occured when getting the customer name TypeError: Cannot read properties of undefined (reading 'BalDto')
[NEW OSE SYSTEMS] 23-04-07 12-50-20 ERROR : an error has occured when trying to get the account code for customer 243890096701 AxiosError: Request failed with status code 500
[NEW OSE SYSTEMS] 23-04-07 12-50-20 ERROR : an error has occured when trying to get the account code for customer 243890096701 AxiosError: Request failed with status code 500
[NEW OSE SYSTEMS] 23-04-07 14-11-34 ERROR : an error has occured when getting the account code TypeError: Cannot read properties of undefined (reading '_text')
[NEW OSE SYSTEMS] 23-04-07 14-11-34 ERROR : an error has occured when getting the customer name TypeError: Cannot read properties of undefined (reading '_text')
[NEW OSE SYSTEMS] 23-04-07 14-11-34 ERROR : an error has occured when getting the customer name TypeError: Cannot read properties of undefined (reading '_text')
[NEW OSE SYSTEMS] 23-04-07 14-11-34 ERROR : an error has occured when getting the customer name TypeError: Cannot read properties of undefined (reading 'BalDto')
[NEW OSE SYSTEMS] 23-04-07 14-11-35 ERROR : an error has occured when getting the account code TypeError: Cannot read properties of undefined (reading '_text')
[NEW OSE SYSTEMS] 23-04-07 14-11-35 ERROR : an error has occured when getting the customer name TypeError: Cannot read properties of undefined (reading '_text')
[NEW OSE SYSTEMS] 23-04-07 14-11-35 ERROR : an error has occured when getting the customer name TypeError: Cannot read properties of undefined (reading '_text')
[NEW OSE SYSTEMS] 23-04-07 14-11-35 ERROR : an error has occured when getting the customer name TypeError: Cannot read properties of undefined (reading 'BalDto')
[NEW OSE SYSTEMS] 23-04-07 14-42-59 ERROR : an error has occured when getting the account code TypeError: Cannot read properties of undefined (reading '_text')
[NEW OSE SYSTEMS] 23-04-07 14-42-59 ERROR : an error has occured when getting the customer name TypeError: Cannot read properties of undefined (reading '_text')
[NEW OSE SYSTEMS] 23-04-07 14-42-59 ERROR : an error has occured when getting the customer name TypeError: Cannot read properties of undefined (reading '_text')
[NEW OSE SYSTEMS] 23-04-07 14-42-59 ERROR : an error has occured when getting the customer name TypeError: Cannot read properties of undefined (reading 'BalDto')
[NEW OSE SYSTEMS] 23-04-07 14-42-59 ERROR : an error has occured when getting the account code TypeError: Cannot read properties of undefined (reading '_text')
[NEW OSE SYSTEMS] 23-04-07 14-42-59 ERROR : an error has occured when getting the customer name TypeError: Cannot read properties of undefined (reading '_text')
[NEW OSE SYSTEMS] 23-04-07 14-42-59 ERROR : an error has occured when getting the customer name TypeError: Cannot read properties of undefined (reading '_text')
[NEW OSE SYSTEMS] 23-04-07 14-42-59 ERROR : an error has occured when getting the customer name TypeError: Cannot read properties of undefined (reading 'BalDto')
[NEW OSE SYSTEMS] 23-04-07 15-24-49 ERROR : an error has occured when getting the account code TypeError: Cannot read properties of undefined (reading '_text')
[NEW OSE SYSTEMS] 23-04-07 15-24-49 ERROR : an error has occured when getting the customer name TypeError: Cannot read properties of undefined (reading '_text')
[NEW OSE SYSTEMS] 23-04-07 15-24-49 ERROR : an error has occured when getting the customer name TypeError: Cannot read properties of undefined (reading '_text')
[NEW OSE SYSTEMS] 23-04-07 15-24-49 ERROR : an error has occured when getting the customer name TypeError: Cannot read properties of undefined (reading 'BalDto')
[NEW OSE SYSTEMS] 23-04-07 15-25-20 ERROR : an error has occured when getting the account code TypeError: Cannot read properties of undefined (reading '_text')
[NEW OSE SYSTEMS] 23-04-07 15-25-20 ERROR : an error has occured when getting the customer name TypeError: Cannot read properties of undefined (reading '_text')
[NEW OSE SYSTEMS] 23-04-07 15-25-20 ERROR : an error has occured when getting the customer name TypeError: Cannot read properties of undefined (reading '_text')
[NEW OSE SYSTEMS] 23-04-07 15-25-20 ERROR : an error has occured when getting the customer name TypeError: Cannot read properties of undefined (reading 'BalDto')
[NEW OSE SYSTEMS] 23-04-07 15-30-14 ERROR : an error has occured when getting the account code TypeError: Cannot read properties of undefined (reading '_text')
[NEW OSE SYSTEMS] 23-04-07 15-30-14 ERROR : an error has occured when getting the customer name TypeError: Cannot read properties of undefined (reading '_text')
[NEW OSE SYSTEMS] 23-04-07 15-30-14 ERROR : an error has occured when getting the customer name TypeError: Cannot read properties of undefined (reading '_text')
[NEW OSE SYSTEMS] 23-04-07 15-30-14 ERROR : an error has occured when getting the customer name TypeError: Cannot read properties of undefined (reading 'BalDto')
[NEW OSE SYSTEMS] 23-04-07 15-30-14 ERROR : an error has occured when getting the account code TypeError: Cannot read properties of undefined (reading '_text')
[NEW OSE SYSTEMS] 23-04-07 15-30-14 ERROR : an error has occured when getting the customer name TypeError: Cannot read properties of undefined (reading '_text')
[NEW OSE SYSTEMS] 23-04-07 15-30-14 ERROR : an error has occured when getting the customer name TypeError: Cannot read properties of undefined (reading '_text')
[NEW OSE SYSTEMS] 23-04-07 15-30-14 ERROR : an error has occured when getting the customer name TypeError: Cannot read properties of undefined (reading 'BalDto')
[NEW OSE SYSTEMS] 23-04-07 15-30-19 ERROR : an error has occured when getting the account code TypeError: Cannot read properties of undefined (reading '_text')
[NEW OSE SYSTEMS] 23-04-07 15-30-19 ERROR : an error has occured when getting the customer name TypeError: Cannot read properties of undefined (reading '_text')
[NEW OSE SYSTEMS] 23-04-07 15-30-19 ERROR : an error has occured when getting the customer name TypeError: Cannot read properties of undefined (reading '_text')
[NEW OSE SYSTEMS] 23-04-07 15-30-19 ERROR : an error has occured when getting the customer name TypeError: Cannot read properties of undefined (reading 'BalDto')
[NEW OSE SYSTEMS] 23-04-07 15-31-38 ERROR : an error has occured when getting the account code TypeError: Cannot read properties of undefined (reading '_text')
[NEW OSE SYSTEMS] 23-04-07 15-31-38 ERROR : an error has occured when getting the customer name TypeError: Cannot read properties of undefined (reading '_text')
[NEW OSE SYSTEMS] 23-04-07 15-31-38 ERROR : an error has occured when getting the customer name TypeError: Cannot read properties of undefined (reading '_text')
[NEW OSE SYSTEMS] 23-04-07 15-31-38 ERROR : an error has occured when getting the customer name TypeError: Cannot read properties of undefined (reading 'BalDto')
[NEW OSE SYSTEMS] 23-04-07 15-31-39 ERROR : an error has occured when getting the account code TypeError: Cannot read properties of undefined (reading '_text')
[NEW OSE SYSTEMS] 23-04-07 15-31-39 ERROR : an error has occured when getting the customer name TypeError: Cannot read properties of undefined (reading '_text')
[NEW OSE SYSTEMS] 23-04-07 15-31-39 ERROR : an error has occured when getting the customer name TypeError: Cannot read properties of undefined (reading '_text')
[NEW OSE SYSTEMS] 23-04-07 15-31-39 ERROR : an error has occured when getting the customer name TypeError: Cannot read properties of undefined (reading 'BalDto')
[NEW OSE SYSTEMS] 23-04-07 15-31-39 ERROR : an error has occured when getting the account code TypeError: Cannot read properties of undefined (reading '_text')
[NEW OSE SYSTEMS] 23-04-07 15-31-39 ERROR : an error has occured when getting the customer name TypeError: Cannot read properties of undefined (reading '_text')
[NEW OSE SYSTEMS] 23-04-07 15-31-39 ERROR : an error has occured when getting the customer name TypeError: Cannot read properties of undefined (reading '_text')
[NEW OSE SYSTEMS] 23-04-07 15-31-39 ERROR : an error has occured when getting the customer name TypeError: Cannot read properties of undefined (reading 'BalDto')
[NEW OSE SYSTEMS] 23-04-07 15-32-25 ERROR : an error has occured when getting the account code TypeError: Cannot read properties of undefined (reading '_text')
[NEW OSE SYSTEMS] 23-04-07 15-32-25 ERROR : an error has occured when getting the customer name TypeError: Cannot read properties of undefined (reading '_text')
[NEW OSE SYSTEMS] 23-04-07 15-32-25 ERROR : an error has occured when getting the customer name TypeError: Cannot read properties of undefined (reading '_text')
[NEW OSE SYSTEMS] 23-04-07 15-32-25 ERROR : an error has occured when getting the customer name TypeError: Cannot read properties of undefined (reading 'BalDto')
[NEW OSE SYSTEMS] 23-04-07 15-32-25 ERROR : an error has occured when getting the account code TypeError: Cannot read properties of undefined (reading '_text')
[NEW OSE SYSTEMS] 23-04-07 15-32-25 ERROR : an error has occured when getting the customer name TypeError: Cannot read properties of undefined (reading '_text')
[NEW OSE SYSTEMS] 23-04-07 15-32-25 ERROR : an error has occured when getting the customer name TypeError: Cannot read properties of undefined (reading '_text')
[NEW OSE SYSTEMS] 23-04-07 15-32-25 ERROR : an error has occured when getting the customer name TypeError: Cannot read properties of undefined (reading 'BalDto')
[NEW OSE SYSTEMS] 23-04-07 15-50-18 ERROR : an error has occured when getting the account code TypeError: Cannot read properties of undefined (reading '_text')
[NEW OSE SYSTEMS] 23-04-07 15-50-18 ERROR : an error has occured when getting the customer name TypeError: Cannot read properties of undefined (reading '_text')
[NEW OSE SYSTEMS] 23-04-07 15-50-18 ERROR : an error has occured when getting the customer name TypeError: Cannot read properties of undefined (reading '_text')
[NEW OSE SYSTEMS] 23-04-07 15-50-18 ERROR : an error has occured when getting the customer name TypeError: Cannot read properties of undefined (reading 'BalDto')
[NEW OSE SYSTEMS] 23-04-07 15-50-18 ERROR : an error has occured when getting the account code TypeError: Cannot read properties of undefined (reading '_text')
[NEW OSE SYSTEMS] 23-04-07 15-50-18 ERROR : an error has occured when getting the customer name TypeError: Cannot read properties of undefined (reading '_text')
[NEW OSE SYSTEMS] 23-04-07 15-50-18 ERROR : an error has occured when getting the customer name TypeError: Cannot read properties of undefined (reading '_text')
[NEW OSE SYSTEMS] 23-04-07 15-50-18 ERROR : an error has occured when getting the customer name TypeError: Cannot read properties of undefined (reading 'BalDto')
[NEW OSE SYSTEMS] 23-04-07 15-52-58 ERROR : an error has occured when getting the account code TypeError: Cannot read properties of undefined (reading '_text')
[NEW OSE SYSTEMS] 23-04-07 15-52-58 ERROR : an error has occured when getting the customer name TypeError: Cannot read properties of undefined (reading '_text')
[NEW OSE SYSTEMS] 23-04-07 15-52-58 ERROR : an error has occured when getting the customer name TypeError: Cannot read properties of undefined (reading '_text')
[NEW OSE SYSTEMS] 23-04-07 15-52-58 ERROR : an error has occured when getting the customer name TypeError: Cannot read properties of undefined (reading 'BalDto')
[NEW OSE SYSTEMS] 23-04-07 15-52-58 ERROR : an error has occured when getting the account code TypeError: Cannot read properties of undefined (reading '_text')
[NEW OSE SYSTEMS] 23-04-07 15-52-58 ERROR : an error has occured when getting the customer name TypeError: Cannot read properties of undefined (reading '_text')
[NEW OSE SYSTEMS] 23-04-07 15-52-58 ERROR : an error has occured when getting the customer name TypeError: Cannot read properties of undefined (reading '_text')
[NEW OSE SYSTEMS] 23-04-07 15-52-58 ERROR : an error has occured when getting the customer name TypeError: Cannot read properties of undefined (reading 'BalDto')
[NEW OSE SYSTEMS] 23-04-07 16-25-31 ERROR : an error has occured when getting the account code TypeError: Cannot read properties of undefined (reading '_text')
[NEW OSE SYSTEMS] 23-04-07 16-25-31 ERROR : an error has occured when getting the customer name TypeError: Cannot read properties of undefined (reading '_text')
[NEW OSE SYSTEMS] 23-04-07 16-25-31 ERROR : an error has occured when getting the customer name TypeError: Cannot read properties of undefined (reading '_text')
[NEW OSE SYSTEMS] 23-04-07 16-25-31 ERROR : an error has occured when getting the customer name TypeError: Cannot read properties of undefined (reading 'BalDto')
[NEW OSE SYSTEMS] 23-04-07 16-25-31 ERROR : an error has occured when getting the account code TypeError: Cannot read properties of undefined (reading '_text')
[NEW OSE SYSTEMS] 23-04-07 16-25-31 ERROR : an error has occured when getting the customer name TypeError: Cannot read properties of undefined (reading '_text')
[NEW OSE SYSTEMS] 23-04-07 16-25-31 ERROR : an error has occured when getting the customer name TypeError: Cannot read properties of undefined (reading '_text')
[NEW OSE SYSTEMS] 23-04-07 16-25-31 ERROR : an error has occured when getting the customer name TypeError: Cannot read properties of undefined (reading 'BalDto')
[NEW OSE SYSTEMS] 23-04-07 16-38-19 ERROR : an error has occured when getting the account code TypeError: Cannot read properties of undefined (reading '_text')
[NEW OSE SYSTEMS] 23-04-07 16-38-19 ERROR : an error has occured when getting the customer name TypeError: Cannot read properties of undefined (reading '_text')
[NEW OSE SYSTEMS] 23-04-07 16-38-19 ERROR : an error has occured when getting the customer name TypeError: Cannot read properties of undefined (reading '_text')
[NEW OSE SYSTEMS] 23-04-07 16-38-19 ERROR : an error has occured when getting the customer name TypeError: Cannot read properties of undefined (reading 'BalDto')
[NEW OSE SYSTEMS] 23-04-07 16-38-20 ERROR : an error has occured when getting the account code TypeError: Cannot read properties of undefined (reading '_text')
[NEW OSE SYSTEMS] 23-04-07 16-38-20 ERROR : an error has occured when getting the customer name TypeError: Cannot read properties of undefined (reading '_text')
[NEW OSE SYSTEMS] 23-04-07 16-38-20 ERROR : an error has occured when getting the customer name TypeError: Cannot read properties of undefined (reading '_text')
[NEW OSE SYSTEMS] 23-04-07 16-38-20 ERROR : an error has occured when getting the customer name TypeError: Cannot read properties of undefined (reading 'BalDto')
[NEW OSE SYSTEMS] 23-04-07 16-40-25 ERROR : an error has occured when getting the account code TypeError: Cannot read properties of undefined (reading '_text')
[NEW OSE SYSTEMS] 23-04-07 16-40-25 ERROR : an error has occured when getting the customer name TypeError: Cannot read properties of undefined (reading '_text')
[NEW OSE SYSTEMS] 23-04-07 16-40-25 ERROR : an error has occured when getting the customer name TypeError: Cannot read properties of undefined (reading '_text')
[NEW OSE SYSTEMS] 23-04-07 16-40-25 ERROR : an error has occured when getting the customer name TypeError: Cannot read properties of undefined (reading 'BalDto')
[NEW OSE SYSTEMS] 23-04-07 16-40-25 ERROR : an error has occured when getting the account code TypeError: Cannot read properties of undefined (reading '_text')
[NEW OSE SYSTEMS] 23-04-07 16-40-25 ERROR : an error has occured when getting the customer name TypeError: Cannot read properties of undefined (reading '_text')
[NEW OSE SYSTEMS] 23-04-07 16-40-25 ERROR : an error has occured when getting the customer name TypeError: Cannot read properties of undefined (reading '_text')
[NEW OSE SYSTEMS] 23-04-07 16-40-25 ERROR : an error has occured when getting the customer name TypeError: Cannot read properties of undefined (reading 'BalDto')
[NEW OSE SYSTEMS] 23-04-07 16-48-54 ERROR : an error has occured when getting the account code TypeError: Cannot read properties of undefined (reading '_text')
[NEW OSE SYSTEMS] 23-04-07 16-48-54 ERROR : an error has occured when getting the customer name TypeError: Cannot read properties of undefined (reading '_text')
[NEW OSE SYSTEMS] 23-04-07 16-48-54 ERROR : an error has occured when getting the customer name TypeError: Cannot read properties of undefined (reading '_text')
[NEW OSE SYSTEMS] 23-04-07 16-48-54 ERROR : an error has occured when getting the customer name TypeError: Cannot read properties of undefined (reading 'BalDto')
[NEW OSE SYSTEMS] 23-04-07 16-48-54 ERROR : an error has occured when getting the account code TypeError: Cannot read properties of undefined (reading '_text')
[NEW OSE SYSTEMS] 23-04-07 16-48-54 ERROR : an error has occured when getting the customer name TypeError: Cannot read properties of undefined (reading '_text')
[NEW OSE SYSTEMS] 23-04-07 16-48-54 ERROR : an error has occured when getting the customer name TypeError: Cannot read properties of undefined (reading '_text')
[NEW OSE SYSTEMS] 23-04-07 16-48-54 ERROR : an error has occured when getting the customer name TypeError: Cannot read properties of undefined (reading 'BalDto')
