[NEW OSE SYSTEMS] 23-04-08 09-36-18 ERROR : an error has occured when getting the account code TypeError: Cannot read properties of undefined (reading '_text')
[NEW OSE SYSTEMS] 23-04-08 09-36-18 ERROR : an error has occured when getting the customer name TypeError: Cannot read properties of undefined (reading '_text')
[NEW OSE SYSTEMS] 23-04-08 09-36-18 ERROR : an error has occured when getting the customer name TypeError: Cannot read properties of undefined (reading '_text')
[NEW OSE SYSTEMS] 23-04-08 09-36-18 ERROR : an error has occured when getting the customer name TypeError: Cannot read properties of undefined (reading 'BalDto')
[NEW OSE SYSTEMS] 23-04-08 09-36-18 ERROR : an error has occured when getting the account code TypeError: Cannot read properties of undefined (reading '_text')
[NEW OSE SYSTEMS] 23-04-08 09-36-18 ERROR : an error has occured when getting the customer name TypeError: Cannot read properties of undefined (reading '_text')
[NEW OSE SYSTEMS] 23-04-08 09-36-18 ERROR : an error has occured when getting the customer name TypeError: Cannot read properties of undefined (reading '_text')
[NEW OSE SYSTEMS] 23-04-08 09-36-18 ERROR : an error has occured when getting the customer name TypeError: Cannot read properties of undefined (reading 'BalDto')
[NEW OSE SYSTEMS] 23-04-08 09-37-20 ERROR : an error has occured when getting the account code TypeError: Cannot read properties of undefined (reading '_text')
[NEW OSE SYSTEMS] 23-04-08 09-37-20 ERROR : an error has occured when getting the customer name TypeError: Cannot read properties of undefined (reading '_text')
[NEW OSE SYSTEMS] 23-04-08 09-37-20 ERROR : an error has occured when getting the customer name TypeError: Cannot read properties of undefined (reading '_text')
[NEW OSE SYSTEMS] 23-04-08 09-37-20 ERROR : an error has occured when getting the customer name TypeError: Cannot read properties of undefined (reading 'BalDto')
[NEW OSE SYSTEMS] 23-04-08 09-37-21 ERROR : an error has occured when getting the contact number 2 TypeError: Cannot read properties of undefined (reading '_text')
[NEW OSE SYSTEMS] 23-04-08 09-40-01 ERROR : an error has occured when getting the account code TypeError: Cannot read properties of undefined (reading '_text')
[NEW OSE SYSTEMS] 23-04-08 09-40-01 ERROR : an error has occured when getting the customer name TypeError: Cannot read properties of undefined (reading '_text')
[NEW OSE SYSTEMS] 23-04-08 09-40-01 ERROR : an error has occured when getting the customer name TypeError: Cannot read properties of undefined (reading '_text')
[NEW OSE SYSTEMS] 23-04-08 09-40-01 ERROR : an error has occured when getting the customer name TypeError: Cannot read properties of undefined (reading 'BalDto')
[NEW OSE SYSTEMS] 23-04-08 09-40-01 ERROR : an error has occured when getting the contact number 2 TypeError: Cannot read properties of undefined (reading '_text')
[NEW OSE SYSTEMS] 23-04-08 09-41-27 ERROR : an error has occured when getting the account code TypeError: Cannot read properties of undefined (reading '_text')
[NEW OSE SYSTEMS] 23-04-08 09-41-27 ERROR : an error has occured when getting the customer name TypeError: Cannot read properties of undefined (reading '_text')
[NEW OSE SYSTEMS] 23-04-08 09-41-27 ERROR : an error has occured when getting the customer name TypeError: Cannot read properties of undefined (reading '_text')
[NEW OSE SYSTEMS] 23-04-08 09-41-27 ERROR : an error has occured when getting the customer name TypeError: Cannot read properties of undefined (reading 'BalDto')
[NEW OSE SYSTEMS] 23-04-08 09-41-27 ERROR : an error has occured when getting the contact number 2 TypeError: Cannot read properties of undefined (reading '_text')
[NEW OSE SYSTEMS] 23-04-08 09-41-39 ERROR : an error has occured when getting the account code TypeError: Cannot read properties of undefined (reading '_text')
[NEW OSE SYSTEMS] 23-04-08 09-41-39 ERROR : an error has occured when getting the customer name TypeError: Cannot read properties of undefined (reading '_text')
[NEW OSE SYSTEMS] 23-04-08 09-41-39 ERROR : an error has occured when getting the customer name TypeError: Cannot read properties of undefined (reading '_text')
[NEW OSE SYSTEMS] 23-04-08 09-41-39 ERROR : an error has occured when getting the customer name TypeError: Cannot read properties of undefined (reading 'BalDto')
[NEW OSE SYSTEMS] 23-04-08 09-41-39 ERROR : an error has occured when getting the account code TypeError: Cannot read properties of undefined (reading '_text')
[NEW OSE SYSTEMS] 23-04-08 09-41-39 ERROR : an error has occured when getting the customer name TypeError: Cannot read properties of undefined (reading '_text')
[NEW OSE SYSTEMS] 23-04-08 09-41-39 ERROR : an error has occured when getting the customer name TypeError: Cannot read properties of undefined (reading '_text')
[NEW OSE SYSTEMS] 23-04-08 09-41-39 ERROR : an error has occured when getting the customer name TypeError: Cannot read properties of undefined (reading 'BalDto')
[NEW OSE SYSTEMS] 23-04-08 09-57-16 ERROR : an error has occured when getting the account code TypeError: Cannot read properties of undefined (reading '_text')
[NEW OSE SYSTEMS] 23-04-08 09-57-16 ERROR : an error has occured when getting the customer name TypeError: Cannot read properties of undefined (reading '_text')
[NEW OSE SYSTEMS] 23-04-08 09-57-16 ERROR : an error has occured when getting the customer name TypeError: Cannot read properties of undefined (reading '_text')
[NEW OSE SYSTEMS] 23-04-08 09-57-16 ERROR : an error has occured when getting the customer name TypeError: Cannot read properties of undefined (reading 'BalDto')
[NEW OSE SYSTEMS] 23-04-08 09-57-24 ERROR : an error has occured when getting the account code TypeError: Cannot read properties of undefined (reading '_text')
[NEW OSE SYSTEMS] 23-04-08 09-57-24 ERROR : an error has occured when getting the customer name TypeError: Cannot read properties of undefined (reading '_text')
[NEW OSE SYSTEMS] 23-04-08 09-57-24 ERROR : an error has occured when getting the customer name TypeError: Cannot read properties of undefined (reading '_text')
[NEW OSE SYSTEMS] 23-04-08 09-57-24 ERROR : an error has occured when getting the customer name TypeError: Cannot read properties of undefined (reading 'BalDto')
[NEW OSE SYSTEMS] 23-04-08 09-57-31 ERROR : an error has occured when getting the account code TypeError: Cannot read properties of undefined (reading '_text')
[NEW OSE SYSTEMS] 23-04-08 09-57-31 ERROR : an error has occured when getting the customer name TypeError: Cannot read properties of undefined (reading '_text')
[NEW OSE SYSTEMS] 23-04-08 09-57-31 ERROR : an error has occured when getting the customer name TypeError: Cannot read properties of undefined (reading '_text')
[NEW OSE SYSTEMS] 23-04-08 09-57-31 ERROR : an error has occured when getting the customer name TypeError: Cannot read properties of undefined (reading 'BalDto')
[NEW OSE SYSTEMS] 23-04-08 09-57-36 ERROR : an error has occured when getting the account code TypeError: Cannot read properties of undefined (reading '_text')
[NEW OSE SYSTEMS] 23-04-08 09-57-36 ERROR : an error has occured when getting the customer name TypeError: Cannot read properties of undefined (reading '_text')
[NEW OSE SYSTEMS] 23-04-08 09-57-36 ERROR : an error has occured when getting the customer name TypeError: Cannot read properties of undefined (reading '_text')
[NEW OSE SYSTEMS] 23-04-08 09-57-36 ERROR : an error has occured when getting the customer name TypeError: Cannot read properties of undefined (reading 'BalDto')
[NEW OSE SYSTEMS] 23-04-08 09-57-53 ERROR : an error has occured when getting the account code TypeError: Cannot read properties of undefined (reading '_text')
[NEW OSE SYSTEMS] 23-04-08 09-57-53 ERROR : an error has occured when getting the customer name TypeError: Cannot read properties of undefined (reading '_text')
[NEW OSE SYSTEMS] 23-04-08 09-57-53 ERROR : an error has occured when getting the customer name TypeError: Cannot read properties of undefined (reading '_text')
[NEW OSE SYSTEMS] 23-04-08 09-57-53 ERROR : an error has occured when getting the customer name TypeError: Cannot read properties of undefined (reading 'BalDto')
[NEW OSE SYSTEMS] 23-04-08 09-57-59 ERROR : an error has occured when getting the account code TypeError: Cannot read properties of undefined (reading '_text')
[NEW OSE SYSTEMS] 23-04-08 09-57-59 ERROR : an error has occured when getting the customer name TypeError: Cannot read properties of undefined (reading '_text')
[NEW OSE SYSTEMS] 23-04-08 09-57-59 ERROR : an error has occured when getting the customer name TypeError: Cannot read properties of undefined (reading '_text')
[NEW OSE SYSTEMS] 23-04-08 09-57-59 ERROR : an error has occured when getting the customer name TypeError: Cannot read properties of undefined (reading 'BalDto')
[NEW OSE SYSTEMS] 23-04-08 09-58-29 ERROR : an error has occured when getting the account code TypeError: Cannot read properties of undefined (reading '_text')
[NEW OSE SYSTEMS] 23-04-08 09-58-29 ERROR : an error has occured when getting the customer name TypeError: Cannot read properties of undefined (reading '_text')
[NEW OSE SYSTEMS] 23-04-08 09-58-29 ERROR : an error has occured when getting the customer name TypeError: Cannot read properties of undefined (reading '_text')
[NEW OSE SYSTEMS] 23-04-08 09-58-29 ERROR : an error has occured when getting the customer name TypeError: Cannot read properties of undefined (reading 'BalDto')
[NEW OSE SYSTEMS] 23-04-08 09-58-29 ERROR : an error has occured when getting the account code TypeError: Cannot read properties of undefined (reading '_text')
[NEW OSE SYSTEMS] 23-04-08 09-58-29 ERROR : an error has occured when getting the customer name TypeError: Cannot read properties of undefined (reading '_text')
[NEW OSE SYSTEMS] 23-04-08 09-58-29 ERROR : an error has occured when getting the customer name TypeError: Cannot read properties of undefined (reading '_text')
[NEW OSE SYSTEMS] 23-04-08 09-58-29 ERROR : an error has occured when getting the customer name TypeError: Cannot read properties of undefined (reading 'BalDto')
[NEW OSE SYSTEMS] 23-04-08 09-58-46 ERROR : an error has occured when getting the account code TypeError: Cannot read properties of undefined (reading '_text')
[NEW OSE SYSTEMS] 23-04-08 09-58-46 ERROR : an error has occured when getting the customer name TypeError: Cannot read properties of undefined (reading '_text')
[NEW OSE SYSTEMS] 23-04-08 09-58-46 ERROR : an error has occured when getting the customer name TypeError: Cannot read properties of undefined (reading '_text')
[NEW OSE SYSTEMS] 23-04-08 09-58-46 ERROR : an error has occured when getting the customer name TypeError: Cannot read properties of undefined (reading 'BalDto')
[NEW OSE SYSTEMS] 23-04-08 09-58-46 ERROR : an error has occured when getting the account code TypeError: Cannot read properties of undefined (reading '_text')
[NEW OSE SYSTEMS] 23-04-08 09-58-46 ERROR : an error has occured when getting the customer name TypeError: Cannot read properties of undefined (reading '_text')
[NEW OSE SYSTEMS] 23-04-08 09-58-46 ERROR : an error has occured when getting the customer name TypeError: Cannot read properties of undefined (reading '_text')
[NEW OSE SYSTEMS] 23-04-08 09-58-46 ERROR : an error has occured when getting the customer name TypeError: Cannot read properties of undefined (reading 'BalDto')
[NEW OSE SYSTEMS] 23-04-08 09-59-20 ERROR : an error has occured when getting the account code TypeError: Cannot read properties of undefined (reading '_text')
[NEW OSE SYSTEMS] 23-04-08 09-59-20 ERROR : an error has occured when getting the customer name TypeError: Cannot read properties of undefined (reading '_text')
[NEW OSE SYSTEMS] 23-04-08 09-59-20 ERROR : an error has occured when getting the customer name TypeError: Cannot read properties of undefined (reading '_text')
[NEW OSE SYSTEMS] 23-04-08 09-59-20 ERROR : an error has occured when getting the customer name TypeError: Cannot read properties of undefined (reading 'BalDto')
[NEW OSE SYSTEMS] 23-04-08 09-59-20 ERROR : an error has occured when getting the account code TypeError: Cannot read properties of undefined (reading '_text')
[NEW OSE SYSTEMS] 23-04-08 09-59-20 ERROR : an error has occured when getting the customer name TypeError: Cannot read properties of undefined (reading '_text')
[NEW OSE SYSTEMS] 23-04-08 09-59-20 ERROR : an error has occured when getting the customer name TypeError: Cannot read properties of undefined (reading '_text')
[NEW OSE SYSTEMS] 23-04-08 09-59-20 ERROR : an error has occured when getting the customer name TypeError: Cannot read properties of undefined (reading 'BalDto')
[NEW OSE SYSTEMS] 23-04-08 09-59-48 ERROR : an error has occured when getting the account code TypeError: Cannot read properties of undefined (reading '_text')
[NEW OSE SYSTEMS] 23-04-08 09-59-48 ERROR : an error has occured when getting the customer name TypeError: Cannot read properties of undefined (reading '_text')
[NEW OSE SYSTEMS] 23-04-08 09-59-48 ERROR : an error has occured when getting the customer name TypeError: Cannot read properties of undefined (reading '_text')
[NEW OSE SYSTEMS] 23-04-08 09-59-48 ERROR : an error has occured when getting the customer name TypeError: Cannot read properties of undefined (reading 'BalDto')
[NEW OSE SYSTEMS] 23-04-08 09-59-55 ERROR : an error has occured when getting the account code TypeError: Cannot read properties of undefined (reading '_text')
[NEW OSE SYSTEMS] 23-04-08 09-59-55 ERROR : an error has occured when getting the customer name TypeError: Cannot read properties of undefined (reading '_text')
[NEW OSE SYSTEMS] 23-04-08 09-59-55 ERROR : an error has occured when getting the customer name TypeError: Cannot read properties of undefined (reading '_text')
[NEW OSE SYSTEMS] 23-04-08 09-59-55 ERROR : an error has occured when getting the customer name TypeError: Cannot read properties of undefined (reading 'BalDto')
[NEW OSE SYSTEMS] 23-04-08 10-00-50 ERROR : an error has occured when getting the account code TypeError: Cannot read properties of undefined (reading '_text')
[NEW OSE SYSTEMS] 23-04-08 10-00-50 ERROR : an error has occured when getting the customer name TypeError: Cannot read properties of undefined (reading '_text')
[NEW OSE SYSTEMS] 23-04-08 10-00-50 ERROR : an error has occured when getting the customer name TypeError: Cannot read properties of undefined (reading '_text')
[NEW OSE SYSTEMS] 23-04-08 10-00-50 ERROR : an error has occured when getting the customer name TypeError: Cannot read properties of undefined (reading 'BalDto')
[NEW OSE SYSTEMS] 23-04-08 10-00-56 ERROR : an error has occured when getting the account code TypeError: Cannot read properties of undefined (reading '_text')
[NEW OSE SYSTEMS] 23-04-08 10-00-56 ERROR : an error has occured when getting the customer name TypeError: Cannot read properties of undefined (reading '_text')
[NEW OSE SYSTEMS] 23-04-08 10-00-56 ERROR : an error has occured when getting the customer name TypeError: Cannot read properties of undefined (reading '_text')
[NEW OSE SYSTEMS] 23-04-08 10-00-56 ERROR : an error has occured when getting the customer name TypeError: Cannot read properties of undefined (reading 'BalDto')
[NEW OSE SYSTEMS] 23-04-08 10-33-31 ERROR : an error has occured when getting the account code TypeError: Cannot read properties of undefined (reading '_text')
[NEW OSE SYSTEMS] 23-04-08 10-33-31 ERROR : an error has occured when getting the customer name TypeError: Cannot read properties of undefined (reading '_text')
[NEW OSE SYSTEMS] 23-04-08 10-33-31 ERROR : an error has occured when getting the customer name TypeError: Cannot read properties of undefined (reading '_text')
[NEW OSE SYSTEMS] 23-04-08 10-33-31 ERROR : an error has occured when getting the customer name TypeError: Cannot read properties of undefined (reading 'BalDto')
[NEW OSE SYSTEMS] 23-04-08 10-33-31 ERROR : an error has occured when getting the account code TypeError: Cannot read properties of undefined (reading '_text')
[NEW OSE SYSTEMS] 23-04-08 10-33-31 ERROR : an error has occured when getting the customer name TypeError: Cannot read properties of undefined (reading '_text')
[NEW OSE SYSTEMS] 23-04-08 10-33-31 ERROR : an error has occured when getting the customer name TypeError: Cannot read properties of undefined (reading '_text')
[NEW OSE SYSTEMS] 23-04-08 10-33-31 ERROR : an error has occured when getting the customer name TypeError: Cannot read properties of undefined (reading 'BalDto')
[NEW OSE SYSTEMS] 23-04-08 10-33-35 ERROR : an error has occured when getting the account code TypeError: Cannot read properties of undefined (reading '_text')
[NEW OSE SYSTEMS] 23-04-08 10-33-35 ERROR : an error has occured when getting the customer name TypeError: Cannot read properties of undefined (reading '_text')
[NEW OSE SYSTEMS] 23-04-08 10-33-35 ERROR : an error has occured when getting the customer name TypeError: Cannot read properties of undefined (reading '_text')
[NEW OSE SYSTEMS] 23-04-08 10-33-35 ERROR : an error has occured when getting the customer name TypeError: Cannot read properties of undefined (reading 'BalDto')
[NEW OSE SYSTEMS] 23-04-08 10-33-35 ERROR : an error has occured when getting the account code TypeError: Cannot read properties of undefined (reading '_text')
[NEW OSE SYSTEMS] 23-04-08 10-33-35 ERROR : an error has occured when getting the customer name TypeError: Cannot read properties of undefined (reading '_text')
[NEW OSE SYSTEMS] 23-04-08 10-33-35 ERROR : an error has occured when getting the customer name TypeError: Cannot read properties of undefined (reading '_text')
[NEW OSE SYSTEMS] 23-04-08 10-33-35 ERROR : an error has occured when getting the customer name TypeError: Cannot read properties of undefined (reading 'BalDto')
[NEW OSE SYSTEMS] 23-04-08 10-35-08 ERROR : an error has occured when getting the account code TypeError: Cannot read properties of undefined (reading '_text')
[NEW OSE SYSTEMS] 23-04-08 10-35-08 ERROR : an error has occured when getting the customer name TypeError: Cannot read properties of undefined (reading '_text')
[NEW OSE SYSTEMS] 23-04-08 10-35-08 ERROR : an error has occured when getting the customer name TypeError: Cannot read properties of undefined (reading '_text')
[NEW OSE SYSTEMS] 23-04-08 10-35-08 ERROR : an error has occured when getting the customer name TypeError: Cannot read properties of undefined (reading 'BalDto')
[NEW OSE SYSTEMS] 23-04-08 10-35-08 ERROR : an error has occured when getting the account code TypeError: Cannot read properties of undefined (reading '_text')
[NEW OSE SYSTEMS] 23-04-08 10-35-08 ERROR : an error has occured when getting the customer name TypeError: Cannot read properties of undefined (reading '_text')
[NEW OSE SYSTEMS] 23-04-08 10-35-08 ERROR : an error has occured when getting the customer name TypeError: Cannot read properties of undefined (reading '_text')
[NEW OSE SYSTEMS] 23-04-08 10-35-08 ERROR : an error has occured when getting the customer name TypeError: Cannot read properties of undefined (reading 'BalDto')
[NEW OSE SYSTEMS] 23-04-08 10-35-16 ERROR : an error has occured when getting the account code TypeError: Cannot read properties of undefined (reading '_text')
[NEW OSE SYSTEMS] 23-04-08 10-35-16 ERROR : an error has occured when getting the customer name TypeError: Cannot read properties of undefined (reading '_text')
[NEW OSE SYSTEMS] 23-04-08 10-35-16 ERROR : an error has occured when getting the customer name TypeError: Cannot read properties of undefined (reading '_text')
[NEW OSE SYSTEMS] 23-04-08 10-35-16 ERROR : an error has occured when getting the customer name TypeError: Cannot read properties of undefined (reading 'BalDto')
[NEW OSE SYSTEMS] 23-04-08 10-35-16 ERROR : an error has occured when getting the account code TypeError: Cannot read properties of undefined (reading '_text')
[NEW OSE SYSTEMS] 23-04-08 10-35-16 ERROR : an error has occured when getting the customer name TypeError: Cannot read properties of undefined (reading '_text')
[NEW OSE SYSTEMS] 23-04-08 10-35-16 ERROR : an error has occured when getting the customer name TypeError: Cannot read properties of undefined (reading '_text')
[NEW OSE SYSTEMS] 23-04-08 10-35-16 ERROR : an error has occured when getting the customer name TypeError: Cannot read properties of undefined (reading 'BalDto')
[NEW OSE SYSTEMS] 23-04-08 11-29-41 ERROR : an error has occured when getting the account code TypeError: Cannot read properties of undefined (reading '_text')
[NEW OSE SYSTEMS] 23-04-08 11-29-41 ERROR : an error has occured when getting the customer name TypeError: Cannot read properties of undefined (reading '_text')
[NEW OSE SYSTEMS] 23-04-08 11-29-41 ERROR : an error has occured when getting the customer name TypeError: Cannot read properties of undefined (reading '_text')
[NEW OSE SYSTEMS] 23-04-08 11-29-41 ERROR : an error has occured when getting the customer name TypeError: Cannot read properties of undefined (reading 'BalDto')
[NEW OSE SYSTEMS] 23-04-08 11-29-41 ERROR : an error has occured when getting the account code TypeError: Cannot read properties of undefined (reading '_text')
[NEW OSE SYSTEMS] 23-04-08 11-29-41 ERROR : an error has occured when getting the customer name TypeError: Cannot read properties of undefined (reading '_text')
[NEW OSE SYSTEMS] 23-04-08 11-29-41 ERROR : an error has occured when getting the customer name TypeError: Cannot read properties of undefined (reading '_text')
[NEW OSE SYSTEMS] 23-04-08 11-29-41 ERROR : an error has occured when getting the customer name TypeError: Cannot read properties of undefined (reading 'BalDto')
[NEW OSE SYSTEMS] 23-04-08 11-29-51 ERROR : an error has occured when getting the account code TypeError: Cannot read properties of undefined (reading '_text')
[NEW OSE SYSTEMS] 23-04-08 11-29-51 ERROR : an error has occured when getting the customer name TypeError: Cannot read properties of undefined (reading '_text')
[NEW OSE SYSTEMS] 23-04-08 11-29-51 ERROR : an error has occured when getting the customer name TypeError: Cannot read properties of undefined (reading '_text')
[NEW OSE SYSTEMS] 23-04-08 11-29-51 ERROR : an error has occured when getting the customer name TypeError: Cannot read properties of undefined (reading 'BalDto')
[NEW OSE SYSTEMS] 23-04-08 11-29-51 ERROR : an error has occured when getting the account code TypeError: Cannot read properties of undefined (reading '_text')
[NEW OSE SYSTEMS] 23-04-08 11-29-51 ERROR : an error has occured when getting the customer name TypeError: Cannot read properties of undefined (reading '_text')
[NEW OSE SYSTEMS] 23-04-08 11-29-51 ERROR : an error has occured when getting the customer name TypeError: Cannot read properties of undefined (reading '_text')
[NEW OSE SYSTEMS] 23-04-08 11-29-51 ERROR : an error has occured when getting the customer name TypeError: Cannot read properties of undefined (reading 'BalDto')
[NEW OSE SYSTEMS] 23-04-08 11-33-18 ERROR : an error has occured when getting the account code TypeError: Cannot read properties of undefined (reading '_text')
[NEW OSE SYSTEMS] 23-04-08 11-33-18 ERROR : an error has occured when getting the customer name TypeError: Cannot read properties of undefined (reading '_text')
[NEW OSE SYSTEMS] 23-04-08 11-33-18 ERROR : an error has occured when getting the customer name TypeError: Cannot read properties of undefined (reading '_text')
[NEW OSE SYSTEMS] 23-04-08 11-33-18 ERROR : an error has occured when getting the customer name TypeError: Cannot read properties of undefined (reading 'BalDto')
[NEW OSE SYSTEMS] 23-04-08 11-33-18 ERROR : an error has occured when getting the account code TypeError: Cannot read properties of undefined (reading '_text')
[NEW OSE SYSTEMS] 23-04-08 11-33-18 ERROR : an error has occured when getting the customer name TypeError: Cannot read properties of undefined (reading '_text')
[NEW OSE SYSTEMS] 23-04-08 11-33-18 ERROR : an error has occured when getting the customer name TypeError: Cannot read properties of undefined (reading '_text')
[NEW OSE SYSTEMS] 23-04-08 11-33-18 ERROR : an error has occured when getting the customer name TypeError: Cannot read properties of undefined (reading 'BalDto')
[NEW OSE SYSTEMS] 23-04-08 11-49-59 ERROR : an error has occured when getting the account code TypeError: Cannot read properties of undefined (reading '_text')
[NEW OSE SYSTEMS] 23-04-08 11-49-59 ERROR : an error has occured when getting the customer name TypeError: Cannot read properties of undefined (reading '_text')
[NEW OSE SYSTEMS] 23-04-08 11-49-59 ERROR : an error has occured when getting the customer name TypeError: Cannot read properties of undefined (reading '_text')
[NEW OSE SYSTEMS] 23-04-08 11-49-59 ERROR : an error has occured when getting the customer name TypeError: Cannot read properties of undefined (reading 'BalDto')
[NEW OSE SYSTEMS] 23-04-08 11-49-59 ERROR : an error has occured when getting the account code TypeError: Cannot read properties of undefined (reading '_text')
[NEW OSE SYSTEMS] 23-04-08 11-49-59 ERROR : an error has occured when getting the customer name TypeError: Cannot read properties of undefined (reading '_text')
[NEW OSE SYSTEMS] 23-04-08 11-49-59 ERROR : an error has occured when getting the customer name TypeError: Cannot read properties of undefined (reading '_text')
[NEW OSE SYSTEMS] 23-04-08 11-49-59 ERROR : an error has occured when getting the customer name TypeError: Cannot read properties of undefined (reading 'BalDto')
[NEW OSE SYSTEMS] 23-04-08 11-50-54 ERROR : an error has occured when getting the account code TypeError: Cannot read properties of undefined (reading '_text')
[NEW OSE SYSTEMS] 23-04-08 11-50-54 ERROR : an error has occured when getting the customer name TypeError: Cannot read properties of undefined (reading '_text')
[NEW OSE SYSTEMS] 23-04-08 11-50-54 ERROR : an error has occured when getting the customer name TypeError: Cannot read properties of undefined (reading '_text')
[NEW OSE SYSTEMS] 23-04-08 11-50-54 ERROR : an error has occured when getting the customer name TypeError: Cannot read properties of undefined (reading 'BalDto')
[NEW OSE SYSTEMS] 23-04-08 11-50-54 ERROR : an error has occured when getting the account code TypeError: Cannot read properties of undefined (reading '_text')
[NEW OSE SYSTEMS] 23-04-08 11-50-54 ERROR : an error has occured when getting the customer name TypeError: Cannot read properties of undefined (reading '_text')
[NEW OSE SYSTEMS] 23-04-08 11-50-54 ERROR : an error has occured when getting the customer name TypeError: Cannot read properties of undefined (reading '_text')
[NEW OSE SYSTEMS] 23-04-08 11-50-54 ERROR : an error has occured when getting the customer name TypeError: Cannot read properties of undefined (reading 'BalDto')
[NEW OSE SYSTEMS] 23-04-08 11-53-04 ERROR : an error has occured when getting the account code TypeError: Cannot read properties of undefined (reading '_text')
[NEW OSE SYSTEMS] 23-04-08 11-53-04 ERROR : an error has occured when getting the customer name TypeError: Cannot read properties of undefined (reading '_text')
[NEW OSE SYSTEMS] 23-04-08 11-53-04 ERROR : an error has occured when getting the customer name TypeError: Cannot read properties of undefined (reading '_text')
[NEW OSE SYSTEMS] 23-04-08 11-53-04 ERROR : an error has occured when getting the customer name TypeError: Cannot read properties of undefined (reading 'BalDto')
[NEW OSE SYSTEMS] 23-04-08 11-53-04 ERROR : an error has occured when getting the account code TypeError: Cannot read properties of undefined (reading '_text')
[NEW OSE SYSTEMS] 23-04-08 11-53-04 ERROR : an error has occured when getting the customer name TypeError: Cannot read properties of undefined (reading '_text')
[NEW OSE SYSTEMS] 23-04-08 11-53-04 ERROR : an error has occured when getting the customer name TypeError: Cannot read properties of undefined (reading '_text')
[NEW OSE SYSTEMS] 23-04-08 11-53-04 ERROR : an error has occured when getting the customer name TypeError: Cannot read properties of undefined (reading 'BalDto')
[NEW OSE SYSTEMS] 23-04-08 11-58-52 ERROR : an error has occured when getting the contact number 1 TypeError: Cannot read properties of undefined (reading '_text')
[NEW OSE SYSTEMS] 23-04-08 11-58-52 ERROR : an error has occured when getting the contact number 1 TypeError: Cannot read properties of undefined (reading '_text')
[NEW OSE SYSTEMS] 23-04-08 11-58-52 ERROR : an error has occured when getting the account code TypeError: Cannot read properties of undefined (reading '_text')
[NEW OSE SYSTEMS] 23-04-08 11-58-52 ERROR : an error has occured when getting the customer name TypeError: Cannot read properties of undefined (reading '_text')
[NEW OSE SYSTEMS] 23-04-08 11-58-52 ERROR : an error has occured when getting the customer name TypeError: Cannot read properties of undefined (reading '_text')
[NEW OSE SYSTEMS] 23-04-08 11-58-52 ERROR : an error has occured when getting the customer name TypeError: Cannot read properties of undefined (reading 'BalDto')
[NEW OSE SYSTEMS] 23-04-08 11-58-52 ERROR : an error has occured when getting the account code TypeError: Cannot read properties of undefined (reading '_text')
[NEW OSE SYSTEMS] 23-04-08 11-58-52 ERROR : an error has occured when getting the customer name TypeError: Cannot read properties of undefined (reading '_text')
[NEW OSE SYSTEMS] 23-04-08 11-58-52 ERROR : an error has occured when getting the customer name TypeError: Cannot read properties of undefined (reading '_text')
[NEW OSE SYSTEMS] 23-04-08 11-58-52 ERROR : an error has occured when getting the customer name TypeError: Cannot read properties of undefined (reading 'BalDto')
[NEW OSE SYSTEMS] 23-04-08 11-58-52 ERROR : an error has occured when getting the contact number 2 TypeError: Cannot read properties of undefined (reading '_text')
[NEW OSE SYSTEMS] 23-04-08 11-58-52 ERROR : an error has occured when getting the contact number 2 TypeError: Cannot read properties of undefined (reading '_text')
[NEW OSE SYSTEMS] 23-04-08 12-57-23 ERROR : an error has occured when trying to get the account code for customer 243846670852 AxiosError: Request failed with status code 404
[NEW OSE SYSTEMS] 23-04-08 12-57-28 ERROR : an error has occured when trying to get the data balance for 846670852 AxiosError: Request failed with status code 404
[NEW OSE SYSTEMS] 23-04-08 13-20-16 ERROR : an error has occured when trying to get the account code for customer 243846670852 AxiosError: Request failed with status code 404
[NEW OSE SYSTEMS] 23-04-08 13-23-31 ERROR : an error has occured when trying to get the account code for customer 243846670852 AxiosError: Request failed with status code 404
[NEW OSE SYSTEMS] 23-04-08 13-24-30 ERROR : an error has occured when trying to get the account code for customer null AxiosError: Request failed with status code 404
[NEW OSE SYSTEMS] 23-04-08 13-26-31 ERROR : an error has occured when trying to get the account code for customer 243846670852 AxiosError: Request failed with status code 404
[NEW OSE SYSTEMS] 23-04-08 13-40-04 ERROR : an error has occured when trying to get the account code for customer 243846670852 AxiosError: Request failed with status code 404
[NEW OSE SYSTEMS] 23-04-08 15-07-51 ERROR : an error has occured when getting the account code TypeError: Cannot read properties of undefined (reading '_text')
[NEW OSE SYSTEMS] 23-04-08 15-07-51 ERROR : an error has occured when getting the customer name TypeError: Cannot read properties of undefined (reading '_text')
[NEW OSE SYSTEMS] 23-04-08 15-07-51 ERROR : an error has occured when getting the customer name TypeError: Cannot read properties of undefined (reading '_text')
[NEW OSE SYSTEMS] 23-04-08 15-07-51 ERROR : an error has occured when getting the customer name TypeError: Cannot read properties of undefined (reading 'BalDto')
[NEW OSE SYSTEMS] 23-04-08 15-07-51 ERROR : an error has occured when getting the account code TypeError: Cannot read properties of undefined (reading '_text')
[NEW OSE SYSTEMS] 23-04-08 15-07-51 ERROR : an error has occured when getting the customer name TypeError: Cannot read properties of undefined (reading '_text')
[NEW OSE SYSTEMS] 23-04-08 15-07-51 ERROR : an error has occured when getting the customer name TypeError: Cannot read properties of undefined (reading '_text')
[NEW OSE SYSTEMS] 23-04-08 15-07-51 ERROR : an error has occured when getting the customer name TypeError: Cannot read properties of undefined (reading 'BalDto')
[NEW OSE SYSTEMS] 23-04-08 15-08-50 ERROR : an error has occured when getting the account code TypeError: Cannot read properties of undefined (reading '_text')
[NEW OSE SYSTEMS] 23-04-08 15-08-50 ERROR : an error has occured when getting the customer name TypeError: Cannot read properties of undefined (reading '_text')
[NEW OSE SYSTEMS] 23-04-08 15-08-50 ERROR : an error has occured when getting the customer name TypeError: Cannot read properties of undefined (reading '_text')
[NEW OSE SYSTEMS] 23-04-08 15-08-50 ERROR : an error has occured when getting the customer name TypeError: Cannot read properties of undefined (reading 'BalDto')
[NEW OSE SYSTEMS] 23-04-08 15-08-50 ERROR : an error has occured when getting the account code TypeError: Cannot read properties of undefined (reading '_text')
[NEW OSE SYSTEMS] 23-04-08 15-08-50 ERROR : an error has occured when getting the customer name TypeError: Cannot read properties of undefined (reading '_text')
[NEW OSE SYSTEMS] 23-04-08 15-08-50 ERROR : an error has occured when getting the customer name TypeError: Cannot read properties of undefined (reading '_text')
[NEW OSE SYSTEMS] 23-04-08 15-08-50 ERROR : an error has occured when getting the customer name TypeError: Cannot read properties of undefined (reading 'BalDto')
[NEW OSE SYSTEMS] 23-04-08 15-26-56 ERROR : an error has occured when trying to get the account code for customer 243846670852 AxiosError: Request failed with status code 404
[NEW OSE SYSTEMS] 23-04-08 15-27-00 ERROR : an error has occured when trying to get the data balance for 846670852 AxiosError: Request failed with status code 404
[NEW OSE SYSTEMS] 23-04-08 15-27-15 ERROR : an error has occured when trying to get the account code for customer 243846670852 AxiosError: Request failed with status code 404
[NEW OSE SYSTEMS] 23-04-08 15-27-18 ERROR : an error has occured when trying to get the data balance for 846670852 AxiosError: Request failed with status code 404
[NEW OSE SYSTEMS] 23-04-08 15-27-22 ERROR : an error has occured when trying to get the contact number 1 for customer 243846670852 AxiosError: Request failed with status code 404
[NEW OSE SYSTEMS] 23-04-08 15-27-22 ERROR : an error has occured when trying to get the account code for customer 243846670852 AxiosError: Request failed with status code 404
[NEW OSE SYSTEMS] 23-04-08 15-27-24 ERROR : an error has occured when trying to get the data balance for 846670852 AxiosError: Request failed with status code 404
[NEW OSE SYSTEMS] 23-04-08 15-27-27 ERROR : an error has occured when trying to get the data balance for 846670852 AxiosError: Request failed with status code 404
[NEW OSE SYSTEMS] 23-04-08 15-27-30 ERROR : an error has occured when trying to get the data balance for 846670852 AxiosError: Request failed with status code 404
[NEW OSE SYSTEMS] 23-04-08 15-27-33 ERROR : an error has occured when trying to get the data balance for 846670852 AxiosError: Request failed with status code 404
[NEW OSE SYSTEMS] 23-04-08 15-27-46 ERROR : an error has occured when trying to get the data balance for 846670852 AxiosError: Request failed with status code 404
[NEW OSE SYSTEMS] 23-04-08 15-28-09 ERROR : an error has occured when trying to get the data balance for 846670852 AxiosError: Request failed with status code 404
[NEW OSE SYSTEMS] 23-04-08 15-28-40 ERROR : an error has occured when trying to get the data balance for  AxiosError: Request failed with status code 404
[NEW OSE SYSTEMS] 23-04-08 15-28-51 ERROR : an error has occured when trying to get the data balance for  AxiosError: Request failed with status code 404
[NEW OSE SYSTEMS] 23-04-08 15-29-21 ERROR : an error has occured when trying to get the data balance for  AxiosError: Request failed with status code 404
[NEW OSE SYSTEMS] 23-04-08 15-29-28 ERROR : an error has occured when trying to get the account code for customer null AxiosError: Request failed with status code 404
[NEW OSE SYSTEMS] 23-04-08 15-31-29 ERROR : an error has occured when trying to get the data balance for  AxiosError: Request failed with status code 404
[NEW OSE SYSTEMS] 23-04-08 15-31-39 ERROR : an error has occured when trying to get the data balance for  AxiosError: Request failed with status code 404
[NEW OSE SYSTEMS] 23-04-08 15-31-43 ERROR : an error has occured when trying to get the data balance for  AxiosError: Request failed with status code 404
[NEW OSE SYSTEMS] 23-04-08 15-37-02 ERROR : an error has occured when trying to get the account code for customer 243846670852 AxiosError: Request failed with status code 404
[NEW OSE SYSTEMS] 23-04-08 15-37-09 ERROR : an error has occured when trying to get the data balance for 846670852 AxiosError: Request failed with status code 404
[NEW OSE SYSTEMS] 23-04-08 16-52-03 ERROR : an error has occured when trying to get the data balance for  AxiosError: Request failed with status code 404
[NEW OSE SYSTEMS] 23-04-08 16-52-03 ERROR : an error has occured when trying to get the contact number 1 for customer  AxiosError: Request failed with status code 404
[NEW OSE SYSTEMS] 23-04-08 16-52-03 ERROR : an error has occured when trying to get the account code for customer  AxiosError: Request failed with status code 404
[NEW OSE SYSTEMS] 23-04-08 16-52-04 ERROR : an error has occured when trying to get the data balance for  AxiosError: Request failed with status code 404
[NEW OSE SYSTEMS] 23-04-08 16-52-05 ERROR : an error has occured when trying to get the data balance for  AxiosError: Request failed with status code 404
[NEW OSE SYSTEMS] 23-04-08 16-52-06 ERROR : an error has occured when trying to get the data balance for  AxiosError: Request failed with status code 404
[NEW OSE SYSTEMS] 23-04-08 16-52-06 ERROR : an error has occured when trying to get the data balance for  AxiosError: Request failed with status code 404
[NEW OSE SYSTEMS] 23-04-08 16-52-07 ERROR : an error has occured when trying to get the data balance for  AxiosError: Request failed with status code 404
[NEW OSE SYSTEMS] 23-04-08 16-52-07 ERROR : an error has occured when trying to get the account code for customer 243846670852 AxiosError: Request failed with status code 404
[NEW OSE SYSTEMS] 23-04-08 16-52-41 ERROR : an error has occured when trying to get the account code for customer 243846670852 AxiosError: Request failed with status code 404
[NEW OSE SYSTEMS] 23-04-08 17-01-30 ERROR : an error has occured when trying to get the account code for customer 243846670852 AxiosError: Request failed with status code 404
[NEW OSE SYSTEMS] 23-04-08 17-01-48 ERROR : an error has occured when trying to get the account code for customer 243846670852 AxiosError: Request failed with status code 404
[NEW OSE SYSTEMS] 23-04-08 17-02-43 ERROR : an error has occured when trying to get the data balance for 846670852 AxiosError: Request failed with status code 404
[NEW OSE SYSTEMS] 23-04-08 17-12-34 ERROR : an error has occured when trying to get the account code for customer 243846670852 AxiosError: Request failed with status code 404
[NEW OSE SYSTEMS] 23-04-08 17-12-38 ERROR : an error has occured when trying to get the data balance for 846670852 AxiosError: Request failed with status code 404
[NEW OSE SYSTEMS] 23-04-08 17-13-17 ERROR : an error has occured when trying to get the account code for customer 243846670852 AxiosError: Request failed with status code 404
[NEW OSE SYSTEMS] 23-04-08 17-14-57 ERROR : an error has occured when trying to get the account code for customer 243846670852 AxiosError: Request failed with status code 404
[NEW OSE SYSTEMS] 23-04-08 17-15-29 ERROR : an error has occured when trying to get the data balance for 846670852 AxiosError: Request failed with status code 404
[NEW OSE SYSTEMS] 23-04-08 17-15-44 ERROR : an error has occured when trying to get the contact number 1 for customer 243846670852 AxiosError: Request failed with status code 404
[NEW OSE SYSTEMS] 23-04-08 17-15-44 ERROR : an error has occured when trying to get the account code for customer 243846670852 AxiosError: Request failed with status code 404
[NEW OSE SYSTEMS] 23-04-08 17-16-34 ERROR : an error has occured when trying to get the contact number 1 for customer 243846670852 AxiosError: Request failed with status code 404
[NEW OSE SYSTEMS] 23-04-08 17-16-34 ERROR : an error has occured when trying to get the account code for customer 243846670852 AxiosError: Request failed with status code 404
[NEW OSE SYSTEMS] 23-04-08 17-16-38 ERROR : an error has occured when trying to get the contact number 1 for customer 243846670852 AxiosError: Request failed with status code 404
[NEW OSE SYSTEMS] 23-04-08 17-16-38 ERROR : an error has occured when trying to get the account code for customer 243846670852 AxiosError: Request failed with status code 404
[NEW OSE SYSTEMS] 23-04-08 17-16-39 ERROR : an error has occured when trying to get the contact number 1 for customer 243846670852 AxiosError: Request failed with status code 404
[NEW OSE SYSTEMS] 23-04-08 17-16-39 ERROR : an error has occured when trying to get the account code for customer 243846670852 AxiosError: Request failed with status code 404
[NEW OSE SYSTEMS] 23-04-08 17-16-40 ERROR : an error has occured when trying to get the contact number 1 for customer 243846670852 AxiosError: Request failed with status code 404
[NEW OSE SYSTEMS] 23-04-08 17-16-40 ERROR : an error has occured when trying to get the account code for customer 243846670852 AxiosError: Request failed with status code 404
[NEW OSE SYSTEMS] 23-04-08 17-23-02 ERROR : an error has occured when trying to get the data balance for 846670852 AxiosError: Request failed with status code 404
[NEW OSE SYSTEMS] 23-04-08 17-23-03 ERROR : an error has occured when trying to get the account code for customer 243846670852 AxiosError: Request failed with status code 404
[NEW OSE SYSTEMS] 23-04-08 17-23-48 ERROR : an error has occured when trying to get the account code for customer 243846670852 AxiosError: Request failed with status code 404
[NEW OSE SYSTEMS] 23-04-08 17-36-31 ERROR : an error has occured when trying to get the account code for customer 243846670852 AxiosError: Request failed with status code 404
[NEW OSE SYSTEMS] 23-04-08 17-38-14 ERROR : an error has occured when trying to get the data balance for 846670852 AxiosError: Request failed with status code 404
[NEW OSE SYSTEMS] 23-04-08 17-39-28 ERROR : an error has occured when trying to get the data balance for  AxiosError: Request failed with status code 404
[NEW OSE SYSTEMS] 23-04-08 17-39-38 ERROR : an error has occured when trying to get the data balance for  AxiosError: Request failed with status code 404
[NEW OSE SYSTEMS] 23-04-08 17-39-40 ERROR : an error has occured when trying to get the data balance for  AxiosError: Request failed with status code 404
[NEW OSE SYSTEMS] 23-04-08 17-41-00 ERROR : an error has occured when trying to get the account code for customer 243846670852 AxiosError: Request failed with status code 404
[NEW OSE SYSTEMS] 23-04-08 17-52-22 ERROR : an error has occured when trying to get the account code for customer 243846670852 AxiosError: Request failed with status code 404
[NEW OSE SYSTEMS] 23-04-08 17-52-33 ERROR : an error has occured when trying to get the account code for customer 243846670852 AxiosError: Request failed with status code 404
[NEW OSE SYSTEMS] 23-04-08 17-52-35 ERROR : an error has occured when trying to get the account code for customer 243846670852 AxiosError: Request failed with status code 404
[NEW OSE SYSTEMS] 23-04-08 17-53-56 ERROR : an error has occured when trying to get the account code for customer 243846670852 AxiosError: Request failed with status code 404
[NEW OSE SYSTEMS] 23-04-08 18-13-34 ERROR : an error has occured when trying to get the data balance for 846670852 AxiosError: Request failed with status code 404
[NEW OSE SYSTEMS] 23-04-08 18-15-57 ERROR : an error has occured when trying to get the account code for customer 243846670852 AxiosError: Request failed with status code 404
[NEW OSE SYSTEMS] 23-04-08 18-16-01 ERROR : an error has occured when trying to get the data balance for 846670852 AxiosError: Request failed with status code 404
[NEW OSE SYSTEMS] 23-04-08 18-16-13 ERROR : an error has occured when trying to get the data balance for  AxiosError: Request failed with status code 404
[NEW OSE SYSTEMS] 23-04-08 18-16-22 ERROR : an error has occured when trying to get the data balance for  AxiosError: Request failed with status code 404
[NEW OSE SYSTEMS] 23-04-08 18-16-24 ERROR : an error has occured when trying to get the data balance for  AxiosError: Request failed with status code 404
[NEW OSE SYSTEMS] 23-04-08 18-17-38 ERROR : an error has occured when trying to get the account code for customer 243846670852 AxiosError: Request failed with status code 404
[NEW OSE SYSTEMS] 23-04-08 18-17-42 ERROR : an error has occured when trying to get the data balance for 846670852 AxiosError: Request failed with status code 404
[NEW OSE SYSTEMS] 23-04-08 18-17-56 ERROR : an error has occured when trying to get the data balance for  AxiosError: Request failed with status code 404
[NEW OSE SYSTEMS] 23-04-08 18-18-06 ERROR : an error has occured when trying to get the data balance for  AxiosError: Request failed with status code 404
[NEW OSE SYSTEMS] 23-04-08 18-18-09 ERROR : an error has occured when trying to get the data balance for  AxiosError: Request failed with status code 404
[NEW OSE SYSTEMS] 23-04-08 18-18-21 ERROR : an error has occured when trying to get the account code for customer 243846670852 AxiosError: Request failed with status code 404
[NEW OSE SYSTEMS] 23-04-08 18-18-34 ERROR : an error has occured when trying to get the account code for customer 243846670852 AxiosError: Request failed with status code 404
[NEW OSE SYSTEMS] 23-04-08 18-18-44 ERROR : an error has occured when trying to get the account code for customer 243846670852 AxiosError: Request failed with status code 404
[NEW OSE SYSTEMS] 23-04-08 18-18-47 ERROR : an error has occured when trying to get the account code for customer 243846670852 AxiosError: Request failed with status code 404
[NEW OSE SYSTEMS] 23-04-08 18-25-59 ERROR : an error has occured when trying to get the account code for customer 243846670852 AxiosError: Request failed with status code 404
[NEW OSE SYSTEMS] 23-04-08 18-26-56 ERROR : an error has occured when trying to get the account code for customer 243846670852 AxiosError: Request failed with status code 404
[NEW OSE SYSTEMS] 23-04-08 18-32-22 ERROR : an error has occured when getting the account code TypeError: Cannot read properties of undefined (reading '_text')
[NEW OSE SYSTEMS] 23-04-08 18-32-22 ERROR : an error has occured when getting the customer name TypeError: Cannot read properties of undefined (reading '_text')
[NEW OSE SYSTEMS] 23-04-08 18-32-22 ERROR : an error has occured when getting the customer name TypeError: Cannot read properties of undefined (reading '_text')
[NEW OSE SYSTEMS] 23-04-08 18-32-22 ERROR : an error has occured when getting the customer name TypeError: Cannot read properties of undefined (reading 'BalDto')
[NEW OSE SYSTEMS] 23-04-08 18-32-22 ERROR : an error has occured when getting the account code TypeError: Cannot read properties of undefined (reading '_text')
[NEW OSE SYSTEMS] 23-04-08 18-32-22 ERROR : an error has occured when getting the customer name TypeError: Cannot read properties of undefined (reading '_text')
[NEW OSE SYSTEMS] 23-04-08 18-32-22 ERROR : an error has occured when getting the customer name TypeError: Cannot read properties of undefined (reading '_text')
[NEW OSE SYSTEMS] 23-04-08 18-32-22 ERROR : an error has occured when getting the customer name TypeError: Cannot read properties of undefined (reading 'BalDto')
[NEW OSE SYSTEMS] 23-04-08 18-33-29 ERROR : an error has occured when getting the account code TypeError: Cannot read properties of undefined (reading '_text')
[NEW OSE SYSTEMS] 23-04-08 18-33-29 ERROR : an error has occured when getting the customer name TypeError: Cannot read properties of undefined (reading '_text')
[NEW OSE SYSTEMS] 23-04-08 18-33-29 ERROR : an error has occured when getting the customer name TypeError: Cannot read properties of undefined (reading '_text')
[NEW OSE SYSTEMS] 23-04-08 18-33-29 ERROR : an error has occured when getting the customer name TypeError: Cannot read properties of undefined (reading 'BalDto')
[NEW OSE SYSTEMS] 23-04-08 18-33-29 ERROR : an error has occured when getting the account code TypeError: Cannot read properties of undefined (reading '_text')
[NEW OSE SYSTEMS] 23-04-08 18-33-29 ERROR : an error has occured when getting the customer name TypeError: Cannot read properties of undefined (reading '_text')
[NEW OSE SYSTEMS] 23-04-08 18-33-29 ERROR : an error has occured when getting the customer name TypeError: Cannot read properties of undefined (reading '_text')
[NEW OSE SYSTEMS] 23-04-08 18-33-29 ERROR : an error has occured when getting the customer name TypeError: Cannot read properties of undefined (reading 'BalDto')
[NEW OSE SYSTEMS] 23-04-08 18-35-09 ERROR : an error has occured when getting the account code TypeError: Cannot read properties of undefined (reading '_text')
[NEW OSE SYSTEMS] 23-04-08 18-35-09 ERROR : an error has occured when getting the customer name TypeError: Cannot read properties of undefined (reading '_text')
[NEW OSE SYSTEMS] 23-04-08 18-35-09 ERROR : an error has occured when getting the customer name TypeError: Cannot read properties of undefined (reading '_text')
[NEW OSE SYSTEMS] 23-04-08 18-35-09 ERROR : an error has occured when getting the customer name TypeError: Cannot read properties of undefined (reading 'BalDto')
[NEW OSE SYSTEMS] 23-04-08 18-35-09 ERROR : an error has occured when getting the account code TypeError: Cannot read properties of undefined (reading '_text')
[NEW OSE SYSTEMS] 23-04-08 18-35-09 ERROR : an error has occured when getting the customer name TypeError: Cannot read properties of undefined (reading '_text')
[NEW OSE SYSTEMS] 23-04-08 18-35-09 ERROR : an error has occured when getting the customer name TypeError: Cannot read properties of undefined (reading '_text')
[NEW OSE SYSTEMS] 23-04-08 18-35-09 ERROR : an error has occured when getting the customer name TypeError: Cannot read properties of undefined (reading 'BalDto')
[NEW OSE SYSTEMS] 23-04-08 18-39-47 ERROR : an error has occured when getting the account code TypeError: Cannot read properties of undefined (reading '_text')
[NEW OSE SYSTEMS] 23-04-08 18-39-47 ERROR : an error has occured when getting the customer name TypeError: Cannot read properties of undefined (reading '_text')
[NEW OSE SYSTEMS] 23-04-08 18-39-47 ERROR : an error has occured when getting the customer name TypeError: Cannot read properties of undefined (reading '_text')
[NEW OSE SYSTEMS] 23-04-08 18-39-47 ERROR : an error has occured when getting the customer name TypeError: Cannot read properties of undefined (reading 'BalDto')
[NEW OSE SYSTEMS] 23-04-08 18-39-47 ERROR : an error has occured when getting the account code TypeError: Cannot read properties of undefined (reading '_text')
[NEW OSE SYSTEMS] 23-04-08 18-39-47 ERROR : an error has occured when getting the customer name TypeError: Cannot read properties of undefined (reading '_text')
[NEW OSE SYSTEMS] 23-04-08 18-39-47 ERROR : an error has occured when getting the customer name TypeError: Cannot read properties of undefined (reading '_text')
[NEW OSE SYSTEMS] 23-04-08 18-39-47 ERROR : an error has occured when getting the customer name TypeError: Cannot read properties of undefined (reading 'BalDto')
[NEW OSE SYSTEMS] 23-04-08 18-40-59 ERROR : an error has occured when getting the account code TypeError: Cannot read properties of undefined (reading '_text')
[NEW OSE SYSTEMS] 23-04-08 18-40-59 ERROR : an error has occured when getting the customer name TypeError: Cannot read properties of undefined (reading '_text')
[NEW OSE SYSTEMS] 23-04-08 18-40-59 ERROR : an error has occured when getting the customer name TypeError: Cannot read properties of undefined (reading '_text')
[NEW OSE SYSTEMS] 23-04-08 18-40-59 ERROR : an error has occured when getting the customer name TypeError: Cannot read properties of undefined (reading 'BalDto')
[NEW OSE SYSTEMS] 23-04-08 18-40-59 ERROR : an error has occured when getting the account code TypeError: Cannot read properties of undefined (reading '_text')
[NEW OSE SYSTEMS] 23-04-08 18-40-59 ERROR : an error has occured when getting the customer name TypeError: Cannot read properties of undefined (reading '_text')
[NEW OSE SYSTEMS] 23-04-08 18-40-59 ERROR : an error has occured when getting the customer name TypeError: Cannot read properties of undefined (reading '_text')
[NEW OSE SYSTEMS] 23-04-08 18-40-59 ERROR : an error has occured when getting the customer name TypeError: Cannot read properties of undefined (reading 'BalDto')
[NEW OSE SYSTEMS] 23-04-08 18-41-21 ERROR : an error has occured when getting the account code TypeError: Cannot read properties of undefined (reading '_text')
[NEW OSE SYSTEMS] 23-04-08 18-41-21 ERROR : an error has occured when getting the customer name TypeError: Cannot read properties of undefined (reading '_text')
[NEW OSE SYSTEMS] 23-04-08 18-41-21 ERROR : an error has occured when getting the customer name TypeError: Cannot read properties of undefined (reading '_text')
[NEW OSE SYSTEMS] 23-04-08 18-41-21 ERROR : an error has occured when getting the customer name TypeError: Cannot read properties of undefined (reading 'BalDto')
[NEW OSE SYSTEMS] 23-04-08 18-41-21 ERROR : an error has occured when getting the account code TypeError: Cannot read properties of undefined (reading '_text')
[NEW OSE SYSTEMS] 23-04-08 18-41-21 ERROR : an error has occured when getting the customer name TypeError: Cannot read properties of undefined (reading '_text')
[NEW OSE SYSTEMS] 23-04-08 18-41-21 ERROR : an error has occured when getting the customer name TypeError: Cannot read properties of undefined (reading '_text')
[NEW OSE SYSTEMS] 23-04-08 18-41-21 ERROR : an error has occured when getting the customer name TypeError: Cannot read properties of undefined (reading 'BalDto')
[NEW OSE SYSTEMS] 23-04-08 18-41-34 ERROR : an error has occured when getting the account code TypeError: Cannot read properties of undefined (reading '_text')
[NEW OSE SYSTEMS] 23-04-08 18-41-34 ERROR : an error has occured when getting the customer name TypeError: Cannot read properties of undefined (reading '_text')
[NEW OSE SYSTEMS] 23-04-08 18-41-34 ERROR : an error has occured when getting the customer name TypeError: Cannot read properties of undefined (reading '_text')
[NEW OSE SYSTEMS] 23-04-08 18-41-34 ERROR : an error has occured when getting the customer name TypeError: Cannot read properties of undefined (reading 'BalDto')
[NEW OSE SYSTEMS] 23-04-08 18-41-34 ERROR : an error has occured when getting the account code TypeError: Cannot read properties of undefined (reading '_text')
[NEW OSE SYSTEMS] 23-04-08 18-41-34 ERROR : an error has occured when getting the customer name TypeError: Cannot read properties of undefined (reading '_text')
[NEW OSE SYSTEMS] 23-04-08 18-41-34 ERROR : an error has occured when getting the customer name TypeError: Cannot read properties of undefined (reading '_text')
[NEW OSE SYSTEMS] 23-04-08 18-41-34 ERROR : an error has occured when getting the customer name TypeError: Cannot read properties of undefined (reading 'BalDto')
[NEW OSE SYSTEMS] 23-04-08 18-43-59 ERROR : an error has occured when getting the account code TypeError: Cannot read properties of undefined (reading '_text')
[NEW OSE SYSTEMS] 23-04-08 18-43-59 ERROR : an error has occured when getting the customer name TypeError: Cannot read properties of undefined (reading '_text')
[NEW OSE SYSTEMS] 23-04-08 18-43-59 ERROR : an error has occured when getting the customer name TypeError: Cannot read properties of undefined (reading '_text')
[NEW OSE SYSTEMS] 23-04-08 18-43-59 ERROR : an error has occured when getting the customer name TypeError: Cannot read properties of undefined (reading 'BalDto')
[NEW OSE SYSTEMS] 23-04-08 18-43-59 ERROR : an error has occured when getting the account code TypeError: Cannot read properties of undefined (reading '_text')
[NEW OSE SYSTEMS] 23-04-08 18-43-59 ERROR : an error has occured when getting the customer name TypeError: Cannot read properties of undefined (reading '_text')
[NEW OSE SYSTEMS] 23-04-08 18-43-59 ERROR : an error has occured when getting the customer name TypeError: Cannot read properties of undefined (reading '_text')
[NEW OSE SYSTEMS] 23-04-08 18-43-59 ERROR : an error has occured when getting the customer name TypeError: Cannot read properties of undefined (reading 'BalDto')
[NEW OSE SYSTEMS] 23-04-08 18-44-20 ERROR : an error has occured when getting the account code TypeError: Cannot read properties of undefined (reading '_text')
[NEW OSE SYSTEMS] 23-04-08 18-44-20 ERROR : an error has occured when getting the customer name TypeError: Cannot read properties of undefined (reading '_text')
[NEW OSE SYSTEMS] 23-04-08 18-44-20 ERROR : an error has occured when getting the customer name TypeError: Cannot read properties of undefined (reading '_text')
[NEW OSE SYSTEMS] 23-04-08 18-44-20 ERROR : an error has occured when getting the customer name TypeError: Cannot read properties of undefined (reading 'BalDto')
[NEW OSE SYSTEMS] 23-04-08 18-44-20 ERROR : an error has occured when getting the account code TypeError: Cannot read properties of undefined (reading '_text')
[NEW OSE SYSTEMS] 23-04-08 18-44-20 ERROR : an error has occured when getting the customer name TypeError: Cannot read properties of undefined (reading '_text')
[NEW OSE SYSTEMS] 23-04-08 18-44-20 ERROR : an error has occured when getting the customer name TypeError: Cannot read properties of undefined (reading '_text')
[NEW OSE SYSTEMS] 23-04-08 18-44-20 ERROR : an error has occured when getting the customer name TypeError: Cannot read properties of undefined (reading 'BalDto')
[NEW OSE SYSTEMS] 23-04-08 18-45-02 ERROR : an error has occured when getting the account code TypeError: Cannot read properties of undefined (reading '_text')
[NEW OSE SYSTEMS] 23-04-08 18-45-02 ERROR : an error has occured when getting the customer name TypeError: Cannot read properties of undefined (reading '_text')
[NEW OSE SYSTEMS] 23-04-08 18-45-02 ERROR : an error has occured when getting the customer name TypeError: Cannot read properties of undefined (reading '_text')
[NEW OSE SYSTEMS] 23-04-08 18-45-02 ERROR : an error has occured when getting the customer name TypeError: Cannot read properties of undefined (reading 'BalDto')
[NEW OSE SYSTEMS] 23-04-08 18-45-02 ERROR : an error has occured when getting the account code TypeError: Cannot read properties of undefined (reading '_text')
[NEW OSE SYSTEMS] 23-04-08 18-45-02 ERROR : an error has occured when getting the customer name TypeError: Cannot read properties of undefined (reading '_text')
[NEW OSE SYSTEMS] 23-04-08 18-45-02 ERROR : an error has occured when getting the customer name TypeError: Cannot read properties of undefined (reading '_text')
[NEW OSE SYSTEMS] 23-04-08 18-45-02 ERROR : an error has occured when getting the customer name TypeError: Cannot read properties of undefined (reading 'BalDto')
[NEW OSE SYSTEMS] 23-04-08 18-45-29 ERROR : an error has occured when getting the account code TypeError: Cannot read properties of undefined (reading '_text')
[NEW OSE SYSTEMS] 23-04-08 18-45-29 ERROR : an error has occured when getting the customer name TypeError: Cannot read properties of undefined (reading '_text')
[NEW OSE SYSTEMS] 23-04-08 18-45-29 ERROR : an error has occured when getting the customer name TypeError: Cannot read properties of undefined (reading '_text')
[NEW OSE SYSTEMS] 23-04-08 18-45-29 ERROR : an error has occured when getting the customer name TypeError: Cannot read properties of undefined (reading 'BalDto')
[NEW OSE SYSTEMS] 23-04-08 18-45-29 ERROR : an error has occured when getting the account code TypeError: Cannot read properties of undefined (reading '_text')
[NEW OSE SYSTEMS] 23-04-08 18-45-29 ERROR : an error has occured when getting the customer name TypeError: Cannot read properties of undefined (reading '_text')
[NEW OSE SYSTEMS] 23-04-08 18-45-29 ERROR : an error has occured when getting the customer name TypeError: Cannot read properties of undefined (reading '_text')
[NEW OSE SYSTEMS] 23-04-08 18-45-29 ERROR : an error has occured when getting the customer name TypeError: Cannot read properties of undefined (reading 'BalDto')
[NEW OSE SYSTEMS] 23-04-08 18-46-35 ERROR : an error has occured when getting the account code TypeError: Cannot read properties of undefined (reading '_text')
[NEW OSE SYSTEMS] 23-04-08 18-46-35 ERROR : an error has occured when getting the customer name TypeError: Cannot read properties of undefined (reading '_text')
[NEW OSE SYSTEMS] 23-04-08 18-46-35 ERROR : an error has occured when getting the customer name TypeError: Cannot read properties of undefined (reading '_text')
[NEW OSE SYSTEMS] 23-04-08 18-46-35 ERROR : an error has occured when getting the customer name TypeError: Cannot read properties of undefined (reading 'BalDto')
[NEW OSE SYSTEMS] 23-04-08 18-46-35 ERROR : an error has occured when getting the account code TypeError: Cannot read properties of undefined (reading '_text')
[NEW OSE SYSTEMS] 23-04-08 18-46-35 ERROR : an error has occured when getting the customer name TypeError: Cannot read properties of undefined (reading '_text')
[NEW OSE SYSTEMS] 23-04-08 18-46-35 ERROR : an error has occured when getting the customer name TypeError: Cannot read properties of undefined (reading '_text')
[NEW OSE SYSTEMS] 23-04-08 18-46-35 ERROR : an error has occured when getting the customer name TypeError: Cannot read properties of undefined (reading 'BalDto')
[NEW OSE SYSTEMS] 23-04-08 18-47-44 ERROR : an error has occured when getting the account code TypeError: Cannot read properties of undefined (reading '_text')
[NEW OSE SYSTEMS] 23-04-08 18-47-44 ERROR : an error has occured when getting the customer name TypeError: Cannot read properties of undefined (reading '_text')
[NEW OSE SYSTEMS] 23-04-08 18-47-44 ERROR : an error has occured when getting the customer name TypeError: Cannot read properties of undefined (reading '_text')
[NEW OSE SYSTEMS] 23-04-08 18-47-44 ERROR : an error has occured when getting the customer name TypeError: Cannot read properties of undefined (reading 'BalDto')
[NEW OSE SYSTEMS] 23-04-08 18-47-44 ERROR : an error has occured when getting the account code TypeError: Cannot read properties of undefined (reading '_text')
[NEW OSE SYSTEMS] 23-04-08 18-47-44 ERROR : an error has occured when getting the customer name TypeError: Cannot read properties of undefined (reading '_text')
[NEW OSE SYSTEMS] 23-04-08 18-47-44 ERROR : an error has occured when getting the customer name TypeError: Cannot read properties of undefined (reading '_text')
[NEW OSE SYSTEMS] 23-04-08 18-47-44 ERROR : an error has occured when getting the customer name TypeError: Cannot read properties of undefined (reading 'BalDto')
